"/Volumes/TGM 1/MyProject_4.10/MyProject.uproject" 1
"../../../Engine/Plugins/2D/Paper2D/Paper2D.uplugin" 2
"../../../Engine/Plugins/Blendables/LightPropagationVolume/LightPropagationVolume.uplugin" 3
"../../../Engine/Plugins/Developer/BlankPlugin/BlankPlugin.uplugin" 4
"../../../Engine/Plugins/Developer/CodeLiteSourceCodeAccess/CodeLiteSourceCodeAccess.uplugin" 5
"../../../Engine/Plugins/Developer/GitSourceControl/GitSourceControl.uplugin" 6
"../../../Engine/Plugins/Developer/KDevelopSourceCodeAccess/KDevelopSourceCodeAccess.uplugin" 7
"../../../Engine/Plugins/Developer/NullSourceCodeAccess/NullSourceCodeAccess.uplugin" 8
"../../../Engine/Plugins/Developer/OneSkyLocalizationService/OneSkyLocalizationService.uplugin" 9
"../../../Engine/Plugins/Developer/PerforceSourceControl/PerforceSourceControl.uplugin" 10
"../../../Engine/Plugins/Developer/SubversionSourceControl/SubversionSourceControl.uplugin" 11
"../../../Engine/Plugins/Developer/UObjectPlugin/UObjectPlugin.uplugin" 12
"../../../Engine/Plugins/Developer/VisualStudioSourceCodeAccess/VisualStudioSourceCodeAccess.uplugin" 13
"../../../Engine/Plugins/Developer/XCodeSourceCodeAccess/XCodeSourceCodeAccess.uplugin" 14
"../../../Engine/Plugins/Editor/EpicSurvey/EpicSurvey.uplugin" 15
"../../../Engine/Plugins/Editor/MacGraphicsSwitching/MacGraphicsSwitching.uplugin" 16
"../../../Engine/Plugins/Editor/PluginBrowser/PluginBrowser.uplugin" 17
"../../../Engine/Plugins/Editor/SpeedTreeImporter/SpeedTreeImporter.uplugin" 18
"../../../Engine/Plugins/Experimental/BlueprintStats/BlueprintStats.uplugin" 19
"../../../Engine/Plugins/Experimental/CharacterAI/CharacterAI.uplugin" 20
"../../../Engine/Plugins/Experimental/CodeEditor/CodeEditor.uplugin" 21
"../../../Engine/Plugins/Experimental/CodeView/CodeView.uplugin" 22
"../../../Engine/Plugins/Experimental/HTML5Networking/HTML5Networking.uplugin" 23
"../../../Engine/Plugins/Experimental/LiveEditor/LiveEditor.uplugin" 24
"../../../Engine/Plugins/Experimental/Phya/Phya.uplugin" 25
"../../../Engine/Plugins/Experimental/SimpleHMD/SimpleHMD.uplugin" 26
"../../../Engine/Plugins/Experimental/StructBox/StructBox.uplugin" 27
"../../../Engine/Plugins/Media/AndroidMedia/AndroidMedia.uplugin" 28
"../../../Engine/Plugins/Media/AvfMedia/AvfMedia.uplugin" 29
"../../../Engine/Plugins/Media/MediaPlayerEditor/MediaPlayerEditor.uplugin" 30
"../../../Engine/Plugins/Media/WmfMedia/WmfMedia.uplugin" 31
"../../../Engine/Plugins/Messaging/MessagingDebugger/MessagingDebugger.uplugin" 32
"../../../Engine/Plugins/Messaging/UdpMessaging/UdpMessaging.uplugin" 33
"../../../Engine/Plugins/MovieScene/LevelSequenceEditor/LevelSequenceEditor.uplugin" 34
"../../../Engine/Plugins/NetcodeUnitTest/NetcodeUnitTest/NetcodeUnitTest.uplugin" 35
"../../../Engine/Plugins/NetcodeUnitTest/NUTUnrealEngine4/NUTUnrealEngine4.uplugin" 36
"../../../Engine/Plugins/Runtime/Advertising/IOSTapJoy/IOSTapJoy.uplugin" 37
"../../../Engine/Plugins/Runtime/Analytics/AnalyticsBlueprintLibrary/AnalyticsBlueprintLibrary.uplugin" 38
"../../../Engine/Plugins/Runtime/Analytics/AnalyticsMulticast/AnalyticsMulticast.uplugin" 39
"../../../Engine/Plugins/Runtime/Analytics/Apsalar/IOSApsalar/IOSApsalar.uplugin" 40
"../../../Engine/Plugins/Runtime/Analytics/FileLogging/FileLogging.uplugin" 41
"../../../Engine/Plugins/Runtime/Analytics/Flurry/IOSFlurry/IOSFlurry.uplugin" 42
"../../../Engine/Plugins/Runtime/AndroidDeviceProfileSelector/AndroidDeviceProfileSelector.uplugin" 43
"../../../Engine/Plugins/Runtime/AndroidMoviePlayer/AndroidMoviePlayer.uplugin" 44
"../../../Engine/Plugins/Runtime/AppleMoviePlayer/AppleMoviePlayer.uplugin" 45
"../../../Engine/Plugins/Runtime/ArchVisCharacter/ArchVisCharacter.uplugin" 46
"../../../Engine/Plugins/Runtime/CableComponent/CableComponent.uplugin" 47
"../../../Engine/Plugins/Runtime/CustomMeshComponent/CustomMeshComponent.uplugin" 48
"../../../Engine/Plugins/Runtime/ExampleDeviceProfileSelector/ExampleDeviceProfileSelector.uplugin" 49
"../../../Engine/Plugins/Runtime/GearVR/GearVR.uplugin" 50
"../../../Engine/Plugins/Runtime/IOSDeviceProfileSelector/IOSDeviceProfileSelector.uplugin" 51
"../../../Engine/Plugins/Runtime/LeapMotionController/LeapMotionController.uplugin" 52
"../../../Engine/Plugins/Runtime/LinuxDeviceProfileSelector/LinuxDeviceProfileSelector.uplugin" 53
"../../../Engine/Plugins/Runtime/LiveEditorListenServer/LiveEditorListenServer.uplugin" 54
"../../../Engine/Plugins/Runtime/OculusAudio/OculusAudio.uplugin" 55
"../../../Engine/Plugins/Runtime/OculusInput/OculusInput.uplugin" 56
"../../../Engine/Plugins/Runtime/OculusLibrary/OculusLibrary.uplugin" 57
"../../../Engine/Plugins/Runtime/OculusRift/OculusRift.uplugin" 58
"../../../Engine/Plugins/Runtime/ProceduralMeshComponent/ProceduralMeshComponent.uplugin" 59
"../../../Engine/Plugins/Runtime/SoundMod/SoundMod.uplugin" 60
"../../../Engine/Plugins/Runtime/SoundVisualizations/SoundVisualizations.uplugin" 61
"../../../Engine/Plugins/Runtime/Steam/SteamController/SteamController.uplugin" 62
"../../../Engine/Plugins/Runtime/Steam/SteamVR/SteamVR.uplugin" 63
"../../../Engine/Plugins/Runtime/WebBrowserWidget/WebBrowserWidget.uplugin" 64
"../../../Engine/Plugins/Runtime/WindowsDeviceProfileSelector/WindowsDeviceProfileSelector.uplugin" 65
"../../../Engine/Plugins/Runtime/WindowsMoviePlayer/WindowsMoviePlayer.uplugin" 66
"../../../Engine/Plugins/ScriptGeneratorPlugin/ScriptGeneratorPlugin.uplugin" 67
"../../../Engine/Plugins/ScriptPlugin/ScriptPlugin.uplugin" 68
"../../../Engine/Plugins/Slate/SlateRemote/SlateRemote.uplugin" 69
"../../../Engine/Content/Internationalization/icudt53l/cnvalias.icu" 70
"../../../Engine/Content/Internationalization/icudt53l/en_US_POSIX.res" 71
"../../../Engine/Content/Internationalization/icudt53l/pool.res" 72
"../../../Engine/Content/Internationalization/icudt53l/en_US.res" 73
"../../../Engine/Content/Internationalization/icudt53l/en.res" 74
"../../../Engine/Content/Internationalization/icudt53l/root.res" 75
"../../../Engine/Content/Internationalization/icudt53l/en_CA.res" 76
"/Users/MacProTwo/Library/Application Support/Epic/Epic Games/KeyValueStore.ini" 77
"/Users/MacProTwo/Library/Application Support/Epic/UnrealEngine/4.10/Saved/Config/Mac/Manifest.ini" 78
"../../../Engine/Config/Base.ini" 79
"../../../Engine/Config/BaseEngine.ini" 80
"/Volumes/TGM 1/MyProject_4.10/Config/DefaultEngine.ini" 81
"../../../Engine/Config/Mac/MacEngine.ini" 82
"/Users/MacProTwo/Library/Preferences/Unreal Engine/MyProjectEditor/Mac/Engine.ini" 83
"../../../../../../../Volumes/TGM 1/MyProject_4.10/Intermediate/Config/CoalescedSourceConfigs/Engine.ini" 84
"../../../Engine/Config/BaseGame.ini" 85
"/Volumes/TGM 1/MyProject_4.10/Config/DefaultGame.ini" 86
"/Users/MacProTwo/Library/Preferences/Unreal Engine/MyProjectEditor/Mac/Game.ini" 87
"../../../../../../../Volumes/TGM 1/MyProject_4.10/Intermediate/Config/CoalescedSourceConfigs/Game.ini" 88
"../../../Engine/Config/BaseInput.ini" 89
"/Volumes/TGM 1/MyProject_4.10/Config/DefaultInput.ini" 90
"/Users/MacProTwo/Library/Preferences/Unreal Engine/MyProjectEditor/Mac/Input.ini" 91
"../../../../../../../Volumes/TGM 1/MyProject_4.10/Intermediate/Config/CoalescedSourceConfigs/Input.ini" 92
"../../../Engine/Config/BaseEditor.ini" 93
"/Volumes/TGM 1/MyProject_4.10/Config/DefaultEditor.ini" 94
"/Users/MacProTwo/Library/Preferences/Unreal Engine/MyProjectEditor/Mac/Editor.ini" 95
"../../../../../../../Volumes/TGM 1/MyProject_4.10/Intermediate/Config/CoalescedSourceConfigs/Editor.ini" 96
"../../../Engine/Config/BaseEditorPerProjectUserSettings.ini" 97
"../../../Engine/Config/Mac/MacEditorPerProjectUserSettings.ini" 98
"/Users/MacProTwo/Library/Preferences/Unreal Engine/MyProjectEditor/Mac/EditorPerProjectUserSettings.ini" 99
"../../../../../../../Volumes/TGM 1/MyProject_4.10/Intermediate/Config/CoalescedSourceConfigs/EditorPerProjectUserSettings.ini" 100
"../../../Engine/Config/BaseEditorSettings.ini" 101
"/Users/MacProTwo/Library/Application Support/Epic/UnrealEngine/4.10/Saved/Config/Mac/EditorSettings.ini" 102
"../../../../../../../Volumes/TGM 1/MyProject_4.10/Intermediate/Config/CoalescedSourceConfigs/EditorSettings.ini" 103
"../../../Engine/Config/BaseEditorLayout.ini" 104
"/Users/MacProTwo/Library/Application Support/Epic/UnrealEngine/4.10/Saved/Config/Mac/EditorLayout.ini" 105
"../../../../../../../Volumes/TGM 1/MyProject_4.10/Intermediate/Config/CoalescedSourceConfigs/EditorLayout.ini" 106
"../../../Engine/Config/BaseEditorKeyBindings.ini" 107
"/Users/MacProTwo/Library/Application Support/Epic/UnrealEngine/4.10/Saved/Config/Mac/EditorKeyBindings.ini" 108
"../../../../../../../Volumes/TGM 1/MyProject_4.10/Intermediate/Config/CoalescedSourceConfigs/EditorKeyBindings.ini" 109
"../../../Engine/Config/BaseCompat.ini" 110
"/Users/MacProTwo/Library/Preferences/Unreal Engine/MyProjectEditor/Mac/Compat.ini" 111
"../../../../../../../Volumes/TGM 1/MyProject_4.10/Intermediate/Config/CoalescedSourceConfigs/Compat.ini" 112
"../../../Engine/Config/BaseLightmass.ini" 113
"/Users/MacProTwo/Library/Preferences/Unreal Engine/MyProjectEditor/Mac/Lightmass.ini" 114
"../../../../../../../Volumes/TGM 1/MyProject_4.10/Intermediate/Config/CoalescedSourceConfigs/Lightmass.ini" 115
"../../../Engine/Config/BaseScalability.ini" 116
"/Users/MacProTwo/Library/Preferences/Unreal Engine/MyProjectEditor/Mac/Scalability.ini" 117
"../../../../../../../Volumes/TGM 1/MyProject_4.10/Intermediate/Config/CoalescedSourceConfigs/Scalability.ini" 118
"/Users/MacProTwo/Library/Preferences/Unreal Engine/MyProjectEditor/Mac/GameUserSettings.ini" 119
"../../../../../../../Volumes/TGM 1/MyProject_4.10/Intermediate/Config/CoalescedSourceConfigs/GameUserSettings.ini" 120
"../../../Engine/Config/BaseDeviceProfiles.ini" 121
"/Users/MacProTwo/Library/Preferences/Unreal Engine/MyProjectEditor/Mac/DeviceProfiles.ini" 122
"../../../../../../../Volumes/TGM 1/MyProject_4.10/Intermediate/Config/CoalescedSourceConfigs/DeviceProfiles.ini" 123
"../../../Engine/Config/ConsoleVariables.ini" 124
"../../../Engine/Content/Internationalization/icudt53l/es.res" 125
"../../../Engine/Content/Internationalization/icudt53l/ja.res" 126
"../../../Engine/Content/Internationalization/icudt53l/ko.res" 127
"../../../Engine/Content/Internationalization/icudt53l/pt_BR.res" 128
"../../../Engine/Content/Internationalization/icudt53l/pt.res" 129
"../../../Engine/Content/Internationalization/icudt53l/zh_CN.res" 130
"../../../Engine/Content/Internationalization/icudt53l/zh_Hans_CN.res" 131
"../../../Engine/Content/Internationalization/icudt53l/zh_Hans.res" 132
"../../../Engine/Content/Internationalization/icudt53l/zh.res" 133
"/Users/Shared/UnrealEngine/4.10/Engine/Content/Localization/Editor/en/Editor.locres" 134
"/Users/Shared/UnrealEngine/4.10/Engine/Content/Localization/EditorTutorials/en/EditorTutorials.locres" 135
"/Users/Shared/UnrealEngine/4.10/Engine/Content/Localization/Keywords/en/Keywords.locres" 136
"/Users/Shared/UnrealEngine/4.10/Engine/Content/Localization/Category/en/Category.locres" 137
"/Users/Shared/UnrealEngine/4.10/Engine/Content/Localization/ToolTips/en/ToolTips.locres" 138
"/Users/Shared/UnrealEngine/4.10/Engine/Content/Localization/PropertyNames/en/PropertyNames.locres" 139
"/Users/Shared/UnrealEngine/4.10/Engine/Content/Localization/Engine/en/Engine.locres" 140
"../../../Engine/Content/Slate/Fonts/Roboto-Regular.ttf" 141
"../../../Engine/Content/Slate/Fonts/DroidSansMono.ttf" 142
"../../../Engine/Content/Slate/Fonts/Roboto-Bold.ttf" 143
"../../../Engine/Content/Slate/Fonts/Roboto-Light.ttf" 144
"/Users/Shared/UnrealEngine/4.10/Engine/Binaries/Mac/../../../Engine/Shaders/ParticleSpriteVertexFactory.usf" 145
"/Users/Shared/UnrealEngine/4.10/Engine/Binaries/Mac/../../../Engine/Shaders/VertexFactoryCommon.usf" 146
"/Users/Shared/UnrealEngine/4.10/Engine/Binaries/Mac/../../../Engine/Shaders/Common.usf" 147
"/Users/Shared/UnrealEngine/4.10/Engine/Binaries/Mac/../../../Engine/Shaders/MetalCommon.usf" 148
"/Users/Shared/UnrealEngine/4.10/Engine/Binaries/Mac/../../../Engine/Shaders/ShaderVersion.usf" 149
"/Users/Shared/UnrealEngine/4.10/Engine/Binaries/Mac/../../../Engine/Shaders/CommonViewUniformBuffer.usf" 150
"/Users/Shared/UnrealEngine/4.10/Engine/Binaries/Mac/../../../Engine/Shaders/Definitions.usf" 151
"/Users/Shared/UnrealEngine/4.10/Engine/Binaries/Mac/../../../Engine/Shaders/Random.usf" 152
"/Users/Shared/UnrealEngine/4.10/Engine/Binaries/Mac/../../../Engine/Shaders/ParticleVertexFactoryCommon.usf" 153
"/Users/Shared/UnrealEngine/4.10/Engine/Binaries/Mac/../../../Engine/Shaders/ParticleGPUSpriteVertexFactory.usf" 154
"/Users/Shared/UnrealEngine/4.10/Engine/Binaries/Mac/../../../Engine/Shaders/ParticleBeamTrailVertexFactory.usf" 155
"/Users/Shared/UnrealEngine/4.10/Engine/Binaries/Mac/../../../Engine/Shaders/LocalVertexFactory.usf" 156
"/Users/Shared/UnrealEngine/4.10/Engine/Binaries/Mac/../../../Engine/Shaders/LocalVertexFactoryCommon.usf" 157
"/Users/Shared/UnrealEngine/4.10/Engine/Binaries/Mac/../../../Engine/Shaders/VectorFieldVisualizationVertexFactory.usf" 158
"/Users/Shared/UnrealEngine/4.10/Engine/Binaries/Mac/../../../Engine/Shaders/MeshParticleVertexFactory.usf" 159
"/Users/Shared/UnrealEngine/4.10/Engine/Binaries/Mac/../../../Engine/Shaders/GpuSkinVertexFactory.usf" 160
"/Users/Shared/UnrealEngine/4.10/Engine/Binaries/Mac/../../../Engine/Shaders/GpuSkinCacheCommon.usf" 161
"/Users/Shared/UnrealEngine/4.10/Engine/Binaries/Mac/../../../Engine/Shaders/LandscapeVertexFactory.usf" 162
"/Users/Shared/UnrealEngine/4.10/Engine/Binaries/Mac/../../../Engine/Shaders/SlateElementPixelShader.usf" 163
"/Users/Shared/UnrealEngine/4.10/Engine/Binaries/Mac/../../../Engine/Shaders/GammaCorrectionCommon.usf" 164
"/Users/Shared/UnrealEngine/4.10/Engine/Binaries/Mac/../../../Engine/Shaders/MaterialTemplate.usf" 165
"/Users/Shared/UnrealEngine/4.10/Engine/Binaries/Mac/../../../Engine/Shaders/DepthOfFieldCommon.usf" 166
"/Users/Shared/UnrealEngine/4.10/Engine/Binaries/Mac/../../../Engine/Shaders/GlobalDistanceFieldShared.usf" 167
"/Users/Shared/UnrealEngine/4.10/Engine/Binaries/Mac/../../../Engine/Shaders/SpeedTreeCommon.usf" 168
"/Users/Shared/UnrealEngine/4.10/Engine/Binaries/Mac/../../../Engine/Shaders/AtmosphereCommon.usf" 169
"/Users/Shared/UnrealEngine/4.10/Engine/Binaries/Mac/../../../Engine/Shaders/PaniniProjection.usf" 170
"/Users/Shared/UnrealEngine/4.10/Engine/Binaries/Mac/../../../Engine/Shaders/EyeAdaptationCommon.usf" 171
"/Users/Shared/UnrealEngine/4.10/Engine/Binaries/Mac/../../../Engine/Shaders/PostProcessCommon.usf" 172
"/Users/Shared/UnrealEngine/4.10/Engine/Binaries/Mac/../../../Engine/Shaders/DeferredShadingCommon.usf" 173
"/Users/Shared/UnrealEngine/4.10/Engine/Binaries/Mac/../../../Engine/Shaders/LightAccumulator.usf" 174
"/Users/Shared/UnrealEngine/4.10/Engine/Binaries/Mac/../../../Engine/Shaders/SlateVertexShader.usf" 175
"/Users/Shared/UnrealEngine/4.10/Engine/Binaries/Mac/../../../Engine/Shaders/ParticleSortKeyGen.usf" 176
"/Users/Shared/UnrealEngine/4.10/Engine/Binaries/Mac/../../../Engine/Shaders/ParticleBoundsShader.usf" 177
"/Users/Shared/UnrealEngine/4.10/Engine/Binaries/Mac/../../../Engine/Shaders/ParticleSimVisualizeShader.usf" 178
"/Users/Shared/UnrealEngine/4.10/Engine/Binaries/Mac/../../../Engine/Shaders/ParticleInjectionShader.usf" 179
"/Users/Shared/UnrealEngine/4.10/Engine/Binaries/Mac/../../../Engine/Shaders/ParticleSimulationShader.usf" 180
"/Users/Shared/UnrealEngine/4.10/Engine/Binaries/Mac/../../../Engine/Shaders/ParticleCurveInjectionShader.usf" 181
"/Users/Shared/UnrealEngine/4.10/Engine/Binaries/Mac/../../../Engine/Shaders/VectorFieldCompositeShaders.usf" 182
"/Users/Shared/UnrealEngine/4.10/Engine/Binaries/Mac/../../../Engine/Shaders/UpdateTextureShaders.usf" 183
"/Users/Shared/UnrealEngine/4.10/Engine/Binaries/Mac/../../../Engine/Shaders/SimpleElementColorChannelMaskPixelShader.usf" 184
"/Users/Shared/UnrealEngine/4.10/Engine/Binaries/Mac/../../../Engine/Shaders/SimpleElementPixelShader.usf" 185
"/Users/Shared/UnrealEngine/4.10/Engine/Binaries/Mac/../../../Engine/Shaders/ColorUtils.usf" 186
"/Users/Shared/UnrealEngine/4.10/Engine/Binaries/Mac/../../../Engine/Shaders/IESLightProfilesCommon.usf" 187
"/Users/Shared/UnrealEngine/4.10/Engine/Binaries/Mac/../../../Engine/Shaders/SimpleElementHitProxyPixelShader.usf" 188
"/Users/Shared/UnrealEngine/4.10/Engine/Binaries/Mac/../../../Engine/Shaders/SimpleElementVertexShader.usf" 189
"/Users/Shared/UnrealEngine/4.10/Engine/Binaries/Mac/../../../Engine/Shaders/ScreenVertexShader.usf" 190
"/Users/Shared/UnrealEngine/4.10/Engine/Binaries/Mac/../../../Engine/Shaders/ScreenPixelShader.usf" 191
"/Users/Shared/UnrealEngine/4.10/Engine/Binaries/Mac/../../../Engine/Shaders/NullPixelShader.usf" 192
"/Users/Shared/UnrealEngine/4.10/Engine/Binaries/Mac/../../../Engine/Shaders/RadixSortShaders.usf" 193
"/Users/Shared/UnrealEngine/4.10/Engine/Binaries/Mac/../../../Engine/Shaders/GpuSkinCacheComputeShader.usf" 194
"/Users/Shared/UnrealEngine/4.10/Engine/Binaries/Mac/../../../Engine/Shaders/LandscapeGrassWeight.usf" 195
"/Users/Shared/UnrealEngine/4.10/Engine/Binaries/Mac/../../../Engine/Shaders/VisualizeTexture.usf" 196
"/Users/Shared/UnrealEngine/4.10/Engine/Binaries/Mac/../../../Engine/Shaders/ScreenSpaceReflections.usf" 197
"/Users/Shared/UnrealEngine/4.10/Engine/Binaries/Mac/../../../Engine/Shaders/BRDF.usf" 198
"/Users/Shared/UnrealEngine/4.10/Engine/Binaries/Mac/../../../Engine/Shaders/MonteCarlo.usf" 199
"/Users/Shared/UnrealEngine/4.10/Engine/Binaries/Mac/../../../Engine/Shaders/ScreenSpaceRayCast.usf" 200
"/Users/Shared/UnrealEngine/4.10/Engine/Binaries/Mac/../../../Engine/Shaders/PostProcessBloom.usf" 201
"/Users/Shared/UnrealEngine/4.10/Engine/Binaries/Mac/../../../Engine/Shaders/FilterVertexShader.usf" 202
"/Users/Shared/UnrealEngine/4.10/Engine/Binaries/Mac/../../../Engine/Shaders/FilterPixelShader.usf" 203
"/Users/Shared/UnrealEngine/4.10/Engine/Binaries/Mac/../../../Engine/Shaders/PostProcessVisualizeHDR.usf" 204
"/Users/Shared/UnrealEngine/4.10/Engine/Binaries/Mac/../../../Engine/Shaders/PostProcessHistogramCommon.usf" 205
"/Users/Shared/UnrealEngine/4.10/Engine/Binaries/Mac/../../../Engine/Shaders/TonemapCommon.usf" 206
"/Users/Shared/UnrealEngine/4.10/Engine/Binaries/Mac/../../../Engine/Shaders/ACES.usf" 207
"/Users/Shared/UnrealEngine/4.10/Engine/Binaries/Mac/../../../Engine/Shaders/MiniFontCommon.usf" 208
"/Users/Shared/UnrealEngine/4.10/Engine/Binaries/Mac/../../../Engine/Shaders/PostProcessVisualizeBuffer.usf" 209
"/Users/Shared/UnrealEngine/4.10/Engine/Binaries/Mac/../../../Engine/Shaders/PostProcessUpscale.usf" 210
"/Users/Shared/UnrealEngine/4.10/Engine/Binaries/Mac/../../../Engine/Shaders/PostProcessTonemap.usf" 211
"/Users/Shared/UnrealEngine/4.10/Engine/Binaries/Mac/../../../Engine/Shaders/PostProcessTestImage.usf" 212
"/Users/Shared/UnrealEngine/4.10/Engine/Binaries/Mac/../../../Engine/Shaders/PostProcessTemporalAA.usf" 213
"/Users/Shared/UnrealEngine/4.10/Engine/Binaries/Mac/../../../Engine/Shaders/PostProcessTemporalCommon.usf" 214
"/Users/Shared/UnrealEngine/4.10/Engine/Binaries/Mac/../../../Engine/Shaders/PostProcessSubsurface.usf" 215
"/Users/Shared/UnrealEngine/4.10/Engine/Binaries/Mac/../../../Engine/Shaders/SeparableSSS.usf" 216
"/Users/Shared/UnrealEngine/4.10/Engine/Binaries/Mac/../../../Engine/Shaders/PostProcessSelectionOutline.usf" 217
"/Users/Shared/UnrealEngine/4.10/Engine/Binaries/Mac/../../../Engine/Shaders/PostProcessSceneColorFringe.usf" 218
"/Users/Shared/UnrealEngine/4.10/Engine/Binaries/Mac/../../../Engine/Shaders/PostProcessNoiseBlur.usf" 219
"/Users/Shared/UnrealEngine/4.10/Engine/Binaries/Mac/../../../Engine/Shaders/PostProcessMotionBlur.usf" 220
"/Users/Shared/UnrealEngine/4.10/Engine/Binaries/Mac/../../../Engine/Shaders/FastMath.usf" 221
"/Users/Shared/UnrealEngine/4.10/Engine/Binaries/Mac/../../../Engine/Shaders/PostProcessVelocityFlatten.usf" 222
"/Users/Shared/UnrealEngine/4.10/Engine/Binaries/Mac/../../../Engine/Shaders/PostProcessMobile.usf" 223
"/Users/Shared/UnrealEngine/4.10/Engine/Binaries/Mac/../../../Engine/Shaders/PostProcessMaterialShaders.usf" 224
"/Users/Shared/UnrealEngine/4.10/Engine/Binaries/Mac/../../../Engine/Shaders/PostProcessLensFlares.usf" 225
"/Users/Shared/UnrealEngine/4.10/Engine/Binaries/Mac/../../../Engine/Shaders/PostProcessLensBlur.usf" 226
"/Users/Shared/UnrealEngine/4.10/Engine/Binaries/Mac/../../../Engine/Shaders/PostProcessHistogramReduce.usf" 227
"/Users/Shared/UnrealEngine/4.10/Engine/Binaries/Mac/../../../Engine/Shaders/PostProcessHistogram.usf" 228
"/Users/Shared/UnrealEngine/4.10/Engine/Binaries/Mac/../../../Engine/Shaders/PostProcessHierarchical.usf" 229
"/Users/Shared/UnrealEngine/4.10/Engine/Binaries/Mac/../../../Engine/Shaders/PostProcessHMD.usf" 230
"/Users/Shared/UnrealEngine/4.10/Engine/Binaries/Mac/../../../Engine/Shaders/PostProcessGBufferHints.usf" 231
"/Users/Shared/UnrealEngine/4.10/Engine/Binaries/Mac/../../../Engine/Shaders/PostProcessEyeAdaptation.usf" 232
"/Users/Shared/UnrealEngine/4.10/Engine/Binaries/Mac/../../../Engine/Shaders/PostProcessDownsample.usf" 233
"/Users/Shared/UnrealEngine/4.10/Engine/Binaries/Mac/../../../Engine/Shaders/PostProcessDOF.usf" 234
"/Users/Shared/UnrealEngine/4.10/Engine/Binaries/Mac/../../../Engine/Shaders/PostProcessCompositeEditorPrimitives.usf" 235
"/Users/Shared/UnrealEngine/4.10/Engine/Binaries/Mac/../../../Engine/Shaders/PostProcessCombineLUTs.usf" 236
"/Users/Shared/UnrealEngine/4.10/Engine/Binaries/Mac/../../../Engine/Shaders/PostProcessCircleDOF.usf" 237
"/Users/Shared/UnrealEngine/4.10/Engine/Binaries/Mac/../../../Engine/Shaders/CircleDOFCommon.usf" 238
"/Users/Shared/UnrealEngine/4.10/Engine/Binaries/Mac/../../../Engine/Shaders/PostProcessBusyWait.usf" 239
"/Users/Shared/UnrealEngine/4.10/Engine/Binaries/Mac/../../../Engine/Shaders/PostProcessBokehDOF.usf" 240
"/Users/Shared/UnrealEngine/4.10/Engine/Binaries/Mac/../../../Engine/Shaders/PostProcessVisualizeDOF.usf" 241
"/Users/Shared/UnrealEngine/4.10/Engine/Binaries/Mac/../../../Engine/Shaders/FXAAShader.usf" 242
"/Users/Shared/UnrealEngine/4.10/Engine/Binaries/Mac/../../../Engine/Shaders/Fxaa3_11.usf" 243
"/Users/Shared/UnrealEngine/4.10/Engine/Binaries/Mac/../../../Engine/Shaders/PostProcessPassThrough.usf" 244
"/Users/Shared/UnrealEngine/4.10/Engine/Binaries/Mac/../../../Engine/Shaders/PostProcessLpvIndirect.usf" 245
"/Users/Shared/UnrealEngine/4.10/Engine/Binaries/Mac/../../../Engine/Shaders/DeferredLightingCommon.usf" 246
"/Users/Shared/UnrealEngine/4.10/Engine/Binaries/Mac/../../../Engine/Shaders/DynamicLightingCommon.usf" 247
"/Users/Shared/UnrealEngine/4.10/Engine/Binaries/Mac/../../../Engine/Shaders/ShadingModels.usf" 248
"/Users/Shared/UnrealEngine/4.10/Engine/Binaries/Mac/../../../Engine/Shaders/LPVFinalPass.usf" 249
"/Users/Shared/UnrealEngine/4.10/Engine/Binaries/Mac/../../../Engine/Shaders/LPVCommon.usf" 250
"/Users/Shared/UnrealEngine/4.10/Engine/Binaries/Mac/../../../Engine/Shaders/DeferredDecal.usf" 251
"/Users/Shared/UnrealEngine/4.10/Engine/Binaries/Mac/../../../Engine/Shaders/PostProcessAmbientOcclusion.usf" 252
"/Users/Shared/UnrealEngine/4.10/Engine/Binaries/Mac/../../../Engine/Shaders/PostProcessAmbient.usf" 253
"/Users/Shared/UnrealEngine/4.10/Engine/Binaries/Mac/../../../Engine/Shaders/CubemapCommon.usf" 254
"/Users/Shared/UnrealEngine/4.10/Engine/Binaries/Mac/../../../Engine/Shaders/VelocityShader.usf" 255
"/Users/Shared/UnrealEngine/4.10/Engine/Binaries/Mac/../../../Engine/Shaders/VelocityCommon.usf" 256
"/Users/Shared/UnrealEngine/4.10/Engine/Binaries/Mac/../../../Engine/Shaders/Tessellation.usf" 257
"/Users/Shared/UnrealEngine/4.10/Engine/Binaries/Mac/../../../Engine/Shaders/FlatTessellation.usf" 258
"/Users/Shared/UnrealEngine/4.10/Engine/Binaries/Mac/../../../Engine/Shaders/PNTriangles.usf" 259
"/Users/Shared/UnrealEngine/4.10/Engine/Binaries/Mac/../../../Engine/Shaders/TranslucentLightingShaders.usf" 260
"/Users/Shared/UnrealEngine/4.10/Engine/Binaries/Mac/../../../Engine/Shaders/SHCommon.usf" 261
"/Users/Shared/UnrealEngine/4.10/Engine/Binaries/Mac/../../../Engine/Shaders/ShadowProjectionCommon.usf" 262
"/Users/Shared/UnrealEngine/4.10/Engine/Binaries/Mac/../../../Engine/Shaders/TranslucentLightInjectionShaders.usf" 263
"/Users/Shared/UnrealEngine/4.10/Engine/Binaries/Mac/../../../Engine/Shaders/LightFunctionCommon.usf" 264
"/Users/Shared/UnrealEngine/4.10/Engine/Binaries/Mac/../../../Engine/Shaders/TranslucentShadowDepthShaders.usf" 265
"/Users/Shared/UnrealEngine/4.10/Engine/Binaries/Mac/../../../Engine/Shaders/ShadowDepthCommon.usf" 266
"/Users/Shared/UnrealEngine/4.10/Engine/Binaries/Mac/../../../Engine/Shaders/TiledDeferredLightShaders.usf" 267
"/Users/Shared/UnrealEngine/4.10/Engine/Binaries/Mac/../../../Engine/Shaders/SurfelTree.usf" 268
"/Users/Shared/UnrealEngine/4.10/Engine/Binaries/Mac/../../../Engine/Shaders/DistanceFieldLightingShared.usf" 269
"/Users/Shared/UnrealEngine/4.10/Engine/Binaries/Mac/../../../Engine/Shaders/SurfelMaterialShared.usf" 270
"/Users/Shared/UnrealEngine/4.10/Engine/Binaries/Mac/../../../Engine/Shaders/DistanceFieldAOShared.usf" 271
"/Users/Shared/UnrealEngine/4.10/Engine/Binaries/Mac/../../../Engine/Shaders/ShadowProjectionPixelShader.usf" 272
"/Users/Shared/UnrealEngine/4.10/Engine/Binaries/Mac/../../../Engine/Shaders/ShadowFilteringCommon.usf" 273
"/Users/Shared/UnrealEngine/4.10/Engine/Binaries/Mac/../../../Engine/Shaders/ShadowProjectionVertexShader.usf" 274
"/Users/Shared/UnrealEngine/4.10/Engine/Binaries/Mac/../../../Engine/Shaders/ShadowDepthPixelShader.usf" 275
"/Users/Shared/UnrealEngine/4.10/Engine/Binaries/Mac/../../../Engine/Shaders/LPVWriteVplCommon.usf" 276
"/Users/Shared/UnrealEngine/4.10/Engine/Binaries/Mac/../../../Engine/Shaders/LPVWriteCommon.usf" 277
"/Users/Shared/UnrealEngine/4.10/Engine/Binaries/Mac/../../../Engine/Shaders/ShadowDepthVertexShader.usf" 278
"/Users/Shared/UnrealEngine/4.10/Engine/Binaries/Mac/../../../Engine/Shaders/ShaderComplexityApplyPixelShader.usf" 279
"/Users/Shared/UnrealEngine/4.10/Engine/Binaries/Mac/../../../Engine/Shaders/ShaderComplexityApplyVertexShader.usf" 280
"/Users/Shared/UnrealEngine/4.10/Engine/Binaries/Mac/../../../Engine/Shaders/ShaderComplexityAccumulatePixelShader.usf" 281
"/Users/Shared/UnrealEngine/4.10/Engine/Binaries/Mac/../../../Engine/Shaders/HZBOcclusion.usf" 282
"/Users/Shared/UnrealEngine/4.10/Engine/Binaries/Mac/../../../Engine/Shaders/OcclusionQueryVertexShader.usf" 283
"/Users/Shared/UnrealEngine/4.10/Engine/Binaries/Mac/../../../Engine/Shaders/HitProxyPixelShader.usf" 284
"/Users/Shared/UnrealEngine/4.10/Engine/Binaries/Mac/../../../Engine/Shaders/HitProxyVertexShader.usf" 285
"/Users/Shared/UnrealEngine/4.10/Engine/Binaries/Mac/../../../Engine/Shaders/ReflectionEnvironmentShaders.usf" 286
"/Users/Shared/UnrealEngine/4.10/Engine/Binaries/Mac/../../../Engine/Shaders/ReflectionEnvironmentShared.usf" 287
"/Users/Shared/UnrealEngine/4.10/Engine/Binaries/Mac/../../../Engine/Shaders/SkyLightingShared.usf" 288
"/Users/Shared/UnrealEngine/4.10/Engine/Binaries/Mac/../../../Engine/Shaders/ReflectionEnvironmentComputeShaders.usf" 289
"/Users/Shared/UnrealEngine/4.10/Engine/Binaries/Mac/../../../Engine/Shaders/LightShaftShader.usf" 290
"/Users/Shared/UnrealEngine/4.10/Engine/Binaries/Mac/../../../Engine/Shaders/StationaryLightOverlapShaders.usf" 291
"/Users/Shared/UnrealEngine/4.10/Engine/Binaries/Mac/../../../Engine/Shaders/DeferredLightPixelShaders.usf" 292
"/Users/Shared/UnrealEngine/4.10/Engine/Binaries/Mac/../../../Engine/Shaders/DeferredLightVertexShaders.usf" 293
"/Users/Shared/UnrealEngine/4.10/Engine/Binaries/Mac/../../../Engine/Shaders/LPVVisualise.usf" 294
"/Users/Shared/UnrealEngine/4.10/Engine/Binaries/Mac/../../../Engine/Shaders/LPVGeometryVolumeCommon.usf" 295
"/Users/Shared/UnrealEngine/4.10/Engine/Binaries/Mac/../../../Engine/Shaders/LPVDirectLightInject.usf" 296
"/Users/Shared/UnrealEngine/4.10/Engine/Binaries/Mac/../../../Engine/Shaders/LPVPropagate.usf" 297
"/Users/Shared/UnrealEngine/4.10/Engine/Binaries/Mac/../../../Engine/Shaders/LPVPacking.usf" 298
"/Users/Shared/UnrealEngine/4.10/Engine/Binaries/Mac/../../../Engine/Shaders/LPVBuildGeometryVolume.usf" 299
"/Users/Shared/UnrealEngine/4.10/Engine/Binaries/Mac/../../../Engine/Shaders/LpvDirectionalOcclusion.usf" 300
"/Users/Shared/UnrealEngine/4.10/Engine/Binaries/Mac/../../../Engine/Shaders/LPVInject_AccumulateVplLists.usf" 301
"/Users/Shared/UnrealEngine/4.10/Engine/Binaries/Mac/../../../Engine/Shaders/LPVInject_GenerateVplLists.usf" 302
"/Users/Shared/UnrealEngine/4.10/Engine/Binaries/Mac/../../../Engine/Shaders/LPVClearLists.usf" 303
"/Users/Shared/UnrealEngine/4.10/Engine/Binaries/Mac/../../../Engine/Shaders/LPVClear.usf" 304
"/Users/Shared/UnrealEngine/4.10/Engine/Binaries/Mac/../../../Engine/Shaders/LightMapDensityShader.usf" 305
"/Users/Shared/UnrealEngine/4.10/Engine/Binaries/Mac/../../../Engine/Shaders/LightFunctionPixelShader.usf" 306
"/Users/Shared/UnrealEngine/4.10/Engine/Binaries/Mac/../../../Engine/Shaders/LightFunctionVertexShader.usf" 307
"/Users/Shared/UnrealEngine/4.10/Engine/Binaries/Mac/../../../Engine/Shaders/HeightfieldLighting.usf" 308
"/Users/Shared/UnrealEngine/4.10/Engine/Binaries/Mac/../../../Engine/Shaders/DistanceFieldShadowingShared.usf" 309
"/Users/Shared/UnrealEngine/4.10/Engine/Binaries/Mac/../../../Engine/Shaders/HdrCustomResolveShaders.usf" 310
"/Users/Shared/UnrealEngine/4.10/Engine/Binaries/Mac/../../../Engine/Shaders/GlobalDistanceField.usf" 311
"/Users/Shared/UnrealEngine/4.10/Engine/Binaries/Mac/../../../Engine/Shaders/GammaCorrection.usf" 312
"/Users/Shared/UnrealEngine/4.10/Engine/Binaries/Mac/../../../Engine/Shaders/GPUBenchmark.usf" 313
"/Users/Shared/UnrealEngine/4.10/Engine/Binaries/Mac/../../../Engine/Shaders/BasePassForForwardShadingPixelShader.usf" 314
"/Users/Shared/UnrealEngine/4.10/Engine/Binaries/Mac/../../../Engine/Shaders/BasePassForForwardShadingCommon.usf" 315
"/Users/Shared/UnrealEngine/4.10/Engine/Binaries/Mac/../../../Engine/Shaders/LightmapCommon.usf" 316
"/Users/Shared/UnrealEngine/4.10/Engine/Binaries/Mac/../../../Engine/Shaders/BasePassForForwardShadingVertexShader.usf" 317
"/Users/Shared/UnrealEngine/4.10/Engine/Binaries/Mac/../../../Engine/Shaders/HeightFogCommon.usf" 318
"/Users/Shared/UnrealEngine/4.10/Engine/Binaries/Mac/../../../Engine/Shaders/HeightFogPixelShader.usf" 319
"/Users/Shared/UnrealEngine/4.10/Engine/Binaries/Mac/../../../Engine/Shaders/HeightFogVertexShader.usf" 320
"/Users/Shared/UnrealEngine/4.10/Engine/Binaries/Mac/../../../Engine/Shaders/DistortAccumulatePS.usf" 321
"/Users/Shared/UnrealEngine/4.10/Engine/Binaries/Mac/../../../Engine/Shaders/DistortAccumulateVS.usf" 322
"/Users/Shared/UnrealEngine/4.10/Engine/Binaries/Mac/../../../Engine/Shaders/DistortApplyScreenPS.usf" 323
"/Users/Shared/UnrealEngine/4.10/Engine/Binaries/Mac/../../../Engine/Shaders/DistanceFieldSurfaceCacheLighting.usf" 324
"/Users/Shared/UnrealEngine/4.10/Engine/Binaries/Mac/../../../Engine/Shaders/SkyLighting.usf" 325
"/Users/Shared/UnrealEngine/4.10/Engine/Binaries/Mac/../../../Engine/Shaders/DistanceFieldSurfaceCacheLightingCompute.usf" 326
"/Users/Shared/UnrealEngine/4.10/Engine/Binaries/Mac/../../../Engine/Shaders/DistanceFieldShadowing.usf" 327
"/Users/Shared/UnrealEngine/4.10/Engine/Binaries/Mac/../../../Engine/Shaders/DistanceFieldScreenGridLighting.usf" 328
"/Users/Shared/UnrealEngine/4.10/Engine/Binaries/Mac/../../../Engine/Shaders/DistanceFieldLightingPost.usf" 329
"/Users/Shared/UnrealEngine/4.10/Engine/Binaries/Mac/../../../Engine/Shaders/DistanceFieldGlobalIllumination.usf" 330
"/Users/Shared/UnrealEngine/4.10/Engine/Binaries/Mac/../../../Engine/Shaders/DepthOnlyPixelShader.usf" 331
"/Users/Shared/UnrealEngine/4.10/Engine/Binaries/Mac/../../../Engine/Shaders/DepthOnlyVertexShader.usf" 332
"/Users/Shared/UnrealEngine/4.10/Engine/Binaries/Mac/../../../Engine/Shaders/PositionOnlyDepthVertexShader.usf" 333
"/Users/Shared/UnrealEngine/4.10/Engine/Binaries/Mac/../../../Engine/Shaders/DownsampleDepthPixelShader.usf" 334
"/Users/Shared/UnrealEngine/4.10/Engine/Binaries/Mac/../../../Engine/Shaders/EvaluateSurfelMaterial.usf" 335
"/Users/Shared/UnrealEngine/4.10/Engine/Binaries/Mac/../../../Engine/Shaders/ConvertToUniformMesh.usf" 336
"/Users/Shared/UnrealEngine/4.10/Engine/Binaries/Mac/../../../Engine/Shaders/BasePassPixelShader.usf" 337
"/Users/Shared/UnrealEngine/4.10/Engine/Binaries/Mac/../../../Engine/Shaders/BasePassCommon.usf" 338
"/Users/Shared/UnrealEngine/4.10/Engine/Binaries/Mac/../../../Engine/Shaders/ForEachLight.usf" 339
"/Users/Shared/UnrealEngine/4.10/Engine/Binaries/Mac/../../../Engine/Shaders/BasePassVertexShader.usf" 340
"/Users/Shared/UnrealEngine/4.10/Engine/Binaries/Mac/../../../Engine/Shaders/BasePassVertexCommon.usf" 341
"/Users/Shared/UnrealEngine/4.10/Engine/Binaries/Mac/../../../Engine/Shaders/BasePassTessellationShaders.usf" 342
"/Users/Shared/UnrealEngine/4.10/Engine/Binaries/Mac/../../../Engine/Shaders/AtmospherePrecompute.usf" 343
"/Users/Shared/UnrealEngine/4.10/Engine/Binaries/Mac/../../../Engine/Shaders/AtmospherePrecomputeCommon.usf" 344
"/Users/Shared/UnrealEngine/4.10/Engine/Binaries/Mac/../../../Engine/Shaders/AtmospherePrecomputeInscatter.usf" 345
"/Users/Shared/UnrealEngine/4.10/Engine/Binaries/Mac/../../../Engine/Shaders/AtmosphericFogShader.usf" 346
"/Users/Shared/UnrealEngine/4.10/Engine/Binaries/Mac/../../../Engine/Shaders/SimpleElementTexture2DPreviewPixelShader.usf" 347
"/Users/Shared/UnrealEngine/4.10/Engine/Binaries/Mac/../../../Engine/Shaders/SimpleElementNormalMapPixelShader.usf" 348
"/Users/Shared/UnrealEngine/4.10/Engine/Binaries/Mac/../../../Engine/Shaders/meshpaintdilatepixelshader.usf" 349
"/Users/Shared/UnrealEngine/4.10/Engine/Binaries/Mac/../../../Engine/Shaders/meshpaintdilatevertexshader.usf" 350
"/Users/Shared/UnrealEngine/4.10/Engine/Binaries/Mac/../../../Engine/Shaders/MeshPaintPixelShader.usf" 351
"/Users/Shared/UnrealEngine/4.10/Engine/Binaries/Mac/../../../Engine/Shaders/MeshPaintVertexShader.usf" 352
"/Users/Shared/UnrealEngine/4.10/Engine/Binaries/Mac/../../../Engine/Shaders/ResolveVertexShader.usf" 353
"/Users/Shared/UnrealEngine/4.10/Engine/Binaries/Mac/../../../Engine/Shaders/ResolvePixelShader.usf" 354
"/Users/Shared/UnrealEngine/4.10/Engine/Binaries/Mac/../../../Engine/Shaders/OneColorShader.usf" 355
"/Users/Shared/UnrealEngine/4.10/Engine/Binaries/Mac/../../../Engine/Shaders/MediaShaders.usf" 356
"/Users/Shared/UnrealEngine/4.10/Engine/Binaries/Mac/../../../Engine/Shaders/ClearReplacementShaders.usf" 357
"../../../Engine/Config/Android/AndroidEngine.ini" 358
"../../../Engine/Config/IOS/IOSEngine.ini" 359
"/Users/MacProTwo/Library/Application Support/Epic/UnrealEngine/4.10/DerivedDataCache/Boot.ddc" 360
"../../../Engine/DerivedDataCache/Compressed.ddp" 361
"../../../Engine/Content/EditorResources/S_Actor.uasset" 362
"/Users/MacProTwo/Library/Preferences/Unreal Engine/MyProjectEditor/Mac/GameplayTags.ini" 363
"../../../../../../../Volumes/TGM 1/MyProject_4.10/Intermediate/Config/CoalescedSourceConfigs/GameplayTags.ini" 364
"/Users/MacProTwo/Library/Preferences/Unreal Engine/MyProjectEditor/Mac/TemplateDefs.ini" 365
"../../../../../../../Volumes/TGM 1/MyProject_4.10/Intermediate/Config/CoalescedSourceConfigs/TemplateDefs.ini" 366
"../../../Engine/Content/Maps/Templates/Thumbnails/Default.uasset" 367
"../../../Engine/Content/EditorMaterials/ParticleSystems/PSysThumbnail_NoImage.uasset" 368
"../../../Engine/Content/EditorMaterials/ParticleSystems/PSysThumbnail_OOD.uasset" 369
"../../../Engine/Content/EditorLandscapeResources/DataLayer.uasset" 370
"../../../Engine/Content/EngineFonts/Roboto.uasset" 371
"../../../Engine/Content/EngineMaterials/Widget3DPassThrough_Translucent.uasset" 372
"../../../Engine/Content/EngineMaterials/Widget3DPassThrough.uasset" 373
"../../../Engine/Content/Functions/Engine_MaterialFunctions02/Texturing/ScreenAlignedUVs.uasset" 374
"../../../Engine/Content/EngineResources/WhiteSquareTexture.uasset" 375
"../../../Engine/Content/Functions/Engine_MaterialFunctions01/Shading/PowerToRoughness.uasset" 376
"../../../Engine/Content/Functions/Engine_MaterialFunctions01/Shading/ConvertFromDiffSpec.uasset" 377
"../../../Engine/Content/EngineMaterials/WorldGridMaterial.uasset" 378
"../../../Engine/Content/Functions/Engine_MaterialFunctions01/Opacity/CameraDepthFade.uasset" 379
"../../../Engine/Content/EngineMaterials/T_Default_Material_Grid_M.uasset" 380
"../../../Engine/Content/EngineMaterials/T_Default_Material_Grid_N.uasset" 381
"../../../Engine/Content/EngineMaterials/DefaultDeferredDecalMaterial.uasset" 382
"../../../Engine/Content/EngineMaterials/DefaultDiffuse.uasset" 383
"../../../Engine/Content/EngineMaterials/DefaultLightFunctionMaterial.uasset" 384
"../../../Engine/Content/EngineMaterials/DefaultPostProcessMaterial.uasset" 385
"../../../Engine/Content/Functions/Engine_MaterialFunctions02/Utility/BreakOutFloat2Components.uasset" 386
"../../../Engine/Content/EngineResources/DefaultTexture.uasset" 387
"/Volumes/TGM 1/MyProject_4.10/Intermediate/Shaders/tmp/FD4E1BD9F246835CD77CEDB3333CA8E8/0/WorkerOutputOnly.out" 388
"/Volumes/TGM 1/MyProject_4.10/Intermediate/Shaders/tmp/FD4E1BD9F246835CD77CEDB3333CA8E8/1/WorkerOutputOnly.out" 389
"/Volumes/TGM 1/MyProject_4.10/Intermediate/Shaders/tmp/FD4E1BD9F246835CD77CEDB3333CA8E8/6/WorkerOutputOnly.out" 390
"/Volumes/TGM 1/MyProject_4.10/Intermediate/Shaders/tmp/FD4E1BD9F246835CD77CEDB3333CA8E8/8/WorkerOutputOnly.out" 391
"/Volumes/TGM 1/MyProject_4.10/Intermediate/Shaders/tmp/FD4E1BD9F246835CD77CEDB3333CA8E8/7/WorkerOutputOnly.out" 392
"/Volumes/TGM 1/MyProject_4.10/Intermediate/Shaders/tmp/FD4E1BD9F246835CD77CEDB3333CA8E8/2/WorkerOutputOnly.out" 393
"/Volumes/TGM 1/MyProject_4.10/Intermediate/Shaders/tmp/FD4E1BD9F246835CD77CEDB3333CA8E8/5/WorkerOutputOnly.out" 394
"/Volumes/TGM 1/MyProject_4.10/Intermediate/Shaders/tmp/FD4E1BD9F246835CD77CEDB3333CA8E8/3/WorkerOutputOnly.out" 395
"/Volumes/TGM 1/MyProject_4.10/Intermediate/Shaders/tmp/FD4E1BD9F246835CD77CEDB3333CA8E8/4/WorkerOutputOnly.out" 396
"../../../Engine/Content/EngineMaterials/Widget3DPassThrough_Translucent_OneSided.uasset" 397
"../../../Engine/Content/EngineMaterials/Widget3DPassThrough_Opaque.uasset" 398
"../../../Engine/Content/EngineMaterials/Widget3DPassThrough_Opaque_OneSided.uasset" 399
"../../../Engine/Content/EngineMaterials/Widget3DPassThrough_Masked.uasset" 400
"../../../Engine/Content/EngineMaterials/Widget3DPassThrough_Masked_OneSided.uasset" 401
"../../../Engine/Content/EngineDamageTypes/DmgTypeBP_Environmental.uasset" 402
"../../../Engine/Content/Internationalization/icudt53l/numberingSystems.res" 403
"../../../Engine/Content/Internationalization/icudt53l/curr/supplementalData.res" 404
"../../../Engine/Content/Internationalization/icudt53l/curr/pool.res" 405
"../../../Engine/Content/Internationalization/icudt53l/curr/en_CA.res" 406
"../../../Engine/Content/Internationalization/icudt53l/curr/en.res" 407
"../../../Engine/Content/Internationalization/icudt53l/curr/root.res" 408
"../../../Engine/Content/EngineMeshes/Sphere.uasset" 409
"../../../Engine/Content/EngineFonts/RobotoDistanceField.uasset" 410
"../../../Engine/Content/EngineMaterials/DefaultTextMaterialOpaque.uasset" 411
"../../../Engine/Content/EditorResources/S_Trigger.uasset" 412
"../../../Engine/Content/EngineResources/GradientTexture0.uasset" 413
"../../../Engine/Content/EngineResources/Black.uasset" 414
"../../../Engine/Content/EditorMaterials/MatineeGroups/MAT_Groups_Float.uasset" 415
"../../../Engine/Content/EditorMaterials/MatineeGroups/MAT_Groups_Director.uasset" 416
"../../../Engine/Content/EditorMaterials/MatineeGroups/MAT_Groups_Event.uasset" 417
"../../../Engine/Content/EditorMaterials/MatineeGroups/MAT_Groups_Anim.uasset" 418
"../../../Engine/Content/EditorMaterials/MatineeGroups/MAT_Groups_Fade.uasset" 419
"../../../Engine/Content/EditorMaterials/MatineeGroups/MAT_Groups_Move.uasset" 420
"../../../Engine/Content/EditorMaterials/MatineeGroups/MAT_Groups_Slomo.uasset" 421
"../../../Engine/Content/EditorMaterials/MatineeGroups/MAT_ColorTrack.uasset" 422
"../../../Engine/Content/EditorMaterials/MAT_Groups_Toggle.uasset" 423
"../../../Engine/Content/EditorMaterials/MatineeGroups/MAT_Groups_AudioMaster.uasset" 424
"../../../Engine/Content/EditorMaterials/MatineeGroups/MAT_Groups_Sound.uasset" 425
"../../../Engine/Content/EditorMaterials/MatineeGroups/MAT_Groups_Vector.uasset" 426
"../../../Engine/Content/EditorMaterials/MAT_Groups_Visibility.uasset" 427
"../../../Engine/Content/EngineResources/DefaultTextureCube.uasset" 428
"../../../Engine/Content/EngineSounds/Master.uasset" 429
"../../../Engine/Content/EngineSounds/Music.uasset" 430
"../../../Engine/Content/EngineSounds/SFX.uasset" 431
"../../../Engine/Content/EngineSounds/Normal_Attack.uasset" 432
"../../../Engine/Content/EngineSounds/Special_Attack_PSM.uasset" 433
"../../../Engine/Content/EngineSounds/Duck_Normal_Attack_MixMod.uasset" 434
"../../../Engine/Content/EngineSounds/Voice.uasset" 435
"../../../Engine/Content/EngineMeshes/Cylinder.uasset" 436
"../../../Engine/Content/EngineMaterials/DefaultMaterial.uasset" 437
"../../../Engine/Content/EngineTireTypes/DefaultTireType.uasset" 438
"/Users/MacProTwo/Library/Preferences/Unreal Engine/MyProjectEditor/Mac/InternationalizationExport.ini" 439
"../../../../../../../Volumes/TGM 1/MyProject_4.10/Intermediate/Config/CoalescedSourceConfigs/InternationalizationExport.ini" 440
"/Users/MacProTwo/Library/Preferences/Unreal Engine/MyProjectEditor/Mac/TranslationPickerSettings.ini" 441
"../../../../../../../Volumes/TGM 1/MyProject_4.10/Intermediate/Config/CoalescedSourceConfigs/TranslationPickerSettings.ini" 442
"../../../Engine/Content/Editor/Slate/Fonts/FontAwesome.ttf" 443
"../../../Engine/Content/Editor/Slate/Fonts/DroidSansMono.ttf" 444
"../../../Engine/Content/Editor/Slate/Fonts/Roboto-BoldCondensed.ttf" 445
"../../../Engine/Content/Editor/Slate/Fonts/Roboto-Black.ttf" 446
"../../../Engine/Content/Editor/Slate/Fonts/Roboto-Italic.ttf" 447
"../../../Engine/Content/Editor/Slate/Fonts/Roboto-BoldCondensedItalic.ttf" 448
"../../../Engine/Content/Internationalization/icudt53l/coll/ucadata.icu" 449
"../../../Engine/Content/Internationalization/icudt53l/nfc.nrm" 450
"../../../Engine/Content/Internationalization/icudt53l/coll/en.res" 451
"../../../Engine/Content/Internationalization/icudt53l/coll/root.res" 452
"../../../Engine/Content/EngineResources/AICON-Red.uasset" 453
"../../../Engine/Content/EngineResources/AICON-Green.uasset" 454
"../../../Engine/Content/Tutorial/Basics/LevelEditorAttract.uasset" 455
"../../../Engine/Content/Tutorial/ContentIntroCurve.uasset" 456
"../../../Engine/Plugins/2D/Paper2D/Content/MaskedUnlitSpriteMaterial.uasset" 457
"../../../Engine/Plugins/2D/Paper2D/Content/DefaultSpriteMaterial.uasset" 458
"../../../Engine/Plugins/2D/Paper2D/Content/PlaceholderTextures/DummySpriteTexture.uasset" 459
"../../../Engine/Plugins/2D/Paper2D/Content/OpaqueUnlitSpriteMaterial.uasset" 460
"../../../Engine/Plugins/2D/Paper2D/Content/DefaultPaperTerrainMaterial.uasset" 461
"../../../Engine/Plugins/2D/Paper2D/Content/DummySprite.uasset" 462
"../../../Engine/Plugins/2D/Paper2D/Content/DummySpriteTexture.uasset" 463
"/Users/MacProTwo/Library/Application Support/Epic/UnrealEngine/4.10/Saved/Config/Mac/SourceControlSettings.ini" 464
"../../../../../../../Volumes/TGM 1/MyProject_4.10/Intermediate/Config/CoalescedSourceConfigs/SourceControlSettings.ini" 465
"/Users/MacProTwo/Library/Preferences/Unreal Engine/MyProjectEditor/Mac/SourceControlSettings.ini" 466
"../../../Engine/Content/EngineMaterials/RemoveSurfaceMaterial.uasset" 467
"../../../Engine/Content/EngineDebugMaterials/DebugMeshMaterial.uasset" 468
"../../../Engine/Content/EngineMaterials/M_InvalidLightmapSettings.uasset" 469
"../../../Engine/Content/EngineMaterials/InvalidLightmapSettings.uasset" 470
"../../../Engine/Content/EditorMaterials/GizmoMaterial.uasset" 471
"../../../Engine/Content/EngineMaterials/Good64x64TilingNoiseHighFreq.uasset" 472
"../../../Engine/Content/EngineMaterials/DefaultBokeh.uasset" 473
"../../../Engine/Content/EngineMaterials/PreintegratedSkinBRDF.uasset" 474
"../../../Engine/Content/EngineMaterials/MiniFont.uasset" 475
"../../../Engine/Content/EngineMaterials/WeightMapPlaceholderTexture.uasset" 476
"../../../Engine/Content/EngineMaterials/DefaultWhiteGrid.uasset" 477
"../../../Engine/Content/EngineMaterials/DefaultPhysicalMaterial.uasset" 478
"../../../Engine/Content/EngineFonts/RobotoTiny.uasset" 479
"../../../../../../../Volumes/TGM 1/MyProject_4.10/Intermediate/CachedAssetRegistry.bin" 480
"../../../../../../../Volumes/TGM 1/MyProject_4.10/Content/blueprint/cubicle.uasset" 481
"../../../../../../../Volumes/TGM 1/MyProject_4.10/Content/blueprint/wall_Blueprint.uasset" 482
"../../../../../../../Volumes/TGM 1/MyProject_4.10/Content/Levels/PrettyEyesMountain.umap" 483
"../../../../../../../Volumes/TGM 1/MyProject_4.10/Saved/Autosaves/Engine/EngineSky/BP_Sky_Sphere_Auto2.uasset" 484
"../../../../../../../Volumes/TGM 1/MyProject_4.10/Saved/Autosaves/Engine/EngineSky/BP_Sky_Sphere_Auto3.uasset" 485
"../../../../../../../Volumes/TGM 1/MyProject_4.10/Saved/Autosaves/Engine/EngineSky/BP_Sky_Sphere_Auto4.uasset" 486
"../../../../../../../Volumes/TGM 1/MyProject_4.10/Saved/Autosaves/Game/cooler_Auto8.uasset" 487
"../../../../../../../Volumes/TGM 1/MyProject_4.10/Saved/Autosaves/Game/Cube_Blueprint_Auto4.uasset" 488
"../../../../../../../Volumes/TGM 1/MyProject_4.10/Saved/Autosaves/Game/lastlisa__Converted__Auto4.uasset" 489
"../../../../../../../Volumes/TGM 1/MyProject_4.10/Saved/Autosaves/Game/lastlisa__Converted__Tex_Auto4.uasset" 490
"../../../../../../../Volumes/TGM 1/MyProject_4.10/Saved/Autosaves/Game/lisargb_Auto3.uasset" 491
"../../../../../../../Volumes/TGM 1/MyProject_4.10/Saved/Autosaves/Game/blueprint/Actor_Blueprint_Auto1.uasset" 492
"../../../../../../../Volumes/TGM 1/MyProject_4.10/Saved/Autosaves/Game/blueprint/Actor_Blueprint_Auto2.uasset" 493
"../../../../../../../Volumes/TGM 1/MyProject_4.10/Saved/Autosaves/Game/blueprint/Actor_Blueprint_Auto3.uasset" 494
"../../../../../../../Volumes/TGM 1/MyProject_4.10/Saved/Autosaves/Game/blueprint/Actor_Blueprint_Auto4.uasset" 495
"../../../../../../../Volumes/TGM 1/MyProject_4.10/Saved/Autosaves/Game/blueprint/cubicle_Auto1.uasset" 496
"../../../../../../../Volumes/TGM 1/MyProject_4.10/Saved/Autosaves/Game/blueprint/cubicle_Auto4.uasset" 497
"../../../../../../../Volumes/TGM 1/MyProject_4.10/Saved/Autosaves/Game/blueprint/lisa_Auto5.uasset" 498
"../../../../../../../Volumes/TGM 1/MyProject_4.10/Saved/Autosaves/Game/blueprint/lisa_Auto6.uasset" 499
"../../../../../../../Volumes/TGM 1/MyProject_4.10/Saved/Autosaves/Game/blueprint/wall_Blueprint_Auto1.uasset" 500
"../../../../../../../Volumes/TGM 1/MyProject_4.10/Saved/Autosaves/Game/FirstPersonBP/02_-_Default1_027_Auto1.uasset" 501
"../../../../../../../Volumes/TGM 1/MyProject_4.10/Saved/Autosaves/Game/FirstPersonBP/21_-_Default_001_Auto1.uasset" 502
"../../../../../../../Volumes/TGM 1/MyProject_4.10/Saved/Autosaves/Game/FirstPersonBP/_2___Default_032_Auto1.uasset" 503
"../../../../../../../Volumes/TGM 1/MyProject_4.10/Saved/Autosaves/Game/FirstPersonBP/_2___Default_121_Auto1.uasset" 504
"../../../../../../../Volumes/TGM 1/MyProject_4.10/Saved/Autosaves/Game/FirstPersonBP/_2___Default_122_Auto1.uasset" 505
"../../../../../../../Volumes/TGM 1/MyProject_4.10/Saved/Autosaves/Game/FirstPersonBP/_Black_000_Auto1.uasset" 506
"../../../../../../../Volumes/TGM 1/MyProject_4.10/Saved/Autosaves/Game/FirstPersonBP/_Black_1_000_Auto1.uasset" 507
"../../../../../../../Volumes/TGM 1/MyProject_4.10/Saved/Autosaves/Game/FirstPersonBP/Box09Mat_Auto3.uasset" 508
"../../../../../../../Volumes/TGM 1/MyProject_4.10/Saved/Autosaves/Game/FirstPersonBP/butul__Auto4.uasset" 509
"../../../../../../../Volumes/TGM 1/MyProject_4.10/Saved/Autosaves/Game/FirstPersonBP/butulMat_Auto3.uasset" 510
"../../../../../../../Volumes/TGM 1/MyProject_4.10/Saved/Autosaves/Game/FirstPersonBP/cooler_Auto4.uasset" 511
"../../../../../../../Volumes/TGM 1/MyProject_4.10/Saved/Autosaves/Game/FirstPersonBP/Dispencer_water_N130514_Auto3.uasset" 512
"../../../../../../../Volumes/TGM 1/MyProject_4.10/Saved/Autosaves/Game/FirstPersonBP/etiketka__016_Auto1.uasset" 513
"../../../../../../../Volumes/TGM 1/MyProject_4.10/Saved/Autosaves/Game/FirstPersonBP/Ground_001_Auto1.uasset" 514
"../../../../../../../Volumes/TGM 1/MyProject_4.10/Saved/Autosaves/Game/FirstPersonBP/Ground_004_Auto1.uasset" 515
"../../../../../../../Volumes/TGM 1/MyProject_4.10/Saved/Autosaves/Game/FirstPersonBP/internpurgatory_Auto1.uasset" 516
"../../../../../../../Volumes/TGM 1/MyProject_4.10/Saved/Autosaves/Game/FirstPersonBP/kuler_ekran_027_Auto1.uasset" 517
"../../../../../../../Volumes/TGM 1/MyProject_4.10/Saved/Autosaves/Game/FirstPersonBP/Line114Mat_Auto3.uasset" 518
"../../../../../../../Volumes/TGM 1/MyProject_4.10/Saved/Autosaves/Game/FirstPersonBP/Line115Mat_Auto3.uasset" 519
"../../../../../../../Volumes/TGM 1/MyProject_4.10/Saved/Autosaves/Game/FirstPersonBP/Line218Mat_Auto3.uasset" 520
"../../../../../../../Volumes/TGM 1/MyProject_4.10/Saved/Autosaves/Game/FirstPersonBP/Material__7_027_Auto1.uasset" 521
"../../../../../../../Volumes/TGM 1/MyProject_4.10/Saved/Autosaves/Game/FirstPersonBP/Material__7_Auto4.uasset" 522
"../../../../../../../Volumes/TGM 1/MyProject_4.10/Saved/Autosaves/Game/FirstPersonBP/Material__8_027_Auto1.uasset" 523
"../../../../../../../Volumes/TGM 1/MyProject_4.10/Saved/Autosaves/Game/FirstPersonBP/Material__8_Auto4.uasset" 524
"../../../../../../../Volumes/TGM 1/MyProject_4.10/Saved/Autosaves/Game/FirstPersonBP/Material__9_027_Auto1.uasset" 525
"../../../../../../../Volumes/TGM 1/MyProject_4.10/Saved/Autosaves/Game/FirstPersonBP/Material__9_Auto4.uasset" 526
"../../../../../../../Volumes/TGM 1/MyProject_4.10/Saved/Autosaves/Game/FirstPersonBP/metal_000_Auto1.uasset" 527
"../../../../../../../Volumes/TGM 1/MyProject_4.10/Saved/Autosaves/Game/FirstPersonBP/Metal_ChromeFast_001_Auto1.uasset" 528
"../../../../../../../Volumes/TGM 1/MyProject_4.10/Saved/Autosaves/Game/FirstPersonBP/N02___Default_Auto4.uasset" 529
"../../../../../../../Volumes/TGM 1/MyProject_4.10/Saved/Autosaves/Game/FirstPersonBP/pink_092_Auto1.uasset" 530
"../../../../../../../Volumes/TGM 1/MyProject_4.10/Saved/Autosaves/Game/FirstPersonBP/pink_093_Auto1.uasset" 531
"../../../../../../../Volumes/TGM 1/MyProject_4.10/Saved/Autosaves/Game/FirstPersonBP/plastic_027_Auto1.uasset" 532
"../../../../../../../Volumes/TGM 1/MyProject_4.10/Saved/Autosaves/Game/FirstPersonBP/PrettyEyesMountain_Auto1.umap" 533
"../../../../../../../Volumes/TGM 1/MyProject_4.10/Saved/Autosaves/Game/FirstPersonBP/PrettyEyesMountain_Auto2.umap" 534
"../../../../../../../Volumes/TGM 1/MyProject_4.10/Saved/Autosaves/Game/FirstPersonBP/PrettyEyesMountain_Auto3.umap" 535
"../../../../../../../Volumes/TGM 1/MyProject_4.10/Saved/Autosaves/Game/FirstPersonBP/PrettyEyesMountain_Auto4.umap" 536
"../../../../../../../Volumes/TGM 1/MyProject_4.10/Saved/Autosaves/Game/FirstPersonBP/Rectangle0Mat_Auto3.uasset" 537
"../../../../../../../Volumes/TGM 1/MyProject_4.10/Saved/Autosaves/Game/FirstPersonBP/UEDPCPrettyEyesMountain.umap" 538
"../../../../../../../Volumes/TGM 1/MyProject_4.10/Saved/Autosaves/Game/FirstPersonBP/Blueprints/FirstPersonCharacter_Auto6.uasset" 539
"../../../../../../../Volumes/TGM 1/MyProject_4.10/Saved/Autosaves/Game/FirstPersonBP/Blueprints/FirstPersonCharacter_Auto7.uasset" 540
"../../../../../../../Volumes/TGM 1/MyProject_4.10/Saved/Autosaves/Game/FirstPersonBP/Maps/UEDPCFirstPersonExampleMap.umap" 541
"../../../../../../../Volumes/TGM 1/MyProject_4.10/Saved/Autosaves/Game/Levels/PrettyEyesMountain_Auto0.umap" 542
"../../../../../../../Volumes/TGM 1/MyProject_4.10/Saved/Autosaves/Game/Levels/PrettyEyesMountain_Auto1.umap" 543
"../../../../../../../Volumes/TGM 1/MyProject_4.10/Saved/Autosaves/Game/Levels/PrettyEyesMountain_Auto2.umap" 544
"../../../../../../../Volumes/TGM 1/MyProject_4.10/Saved/Autosaves/Game/Levels/PrettyEyesMountain_Auto3.umap" 545
"../../../../../../../Volumes/TGM 1/MyProject_4.10/Saved/Autosaves/Game/Levels/PrettyEyesMountain_Auto4.umap" 546
"../../../../../../../Volumes/TGM 1/MyProject_4.10/Saved/Autosaves/Game/Levels/PrettyEyesMountain_Auto5.umap" 547
"../../../../../../../Volumes/TGM 1/MyProject_4.10/Saved/Autosaves/Game/Levels/PrettyEyesMountain_Auto6.umap" 548
"../../../../../../../Volumes/TGM 1/MyProject_4.10/Saved/Autosaves/Game/Levels/PrettyEyesMountain_Auto7.umap" 549
"../../../../../../../Volumes/TGM 1/MyProject_4.10/Saved/Autosaves/Game/Levels/PrettyEyesMountain_Auto8.umap" 550
"../../../../../../../Volumes/TGM 1/MyProject_4.10/Saved/Autosaves/Game/Levels/PrettyEyesMountain_Auto9.umap" 551
"../../../../../../../Volumes/TGM 1/MyProject_4.10/Saved/Autosaves/Game/Levels/UEDPCPrettyEyesMountain.umap" 552
"../../../../../../../Volumes/TGM 1/MyProject_4.10/Saved/Autosaves/Game/Materials/blue_2_Auto4.uasset" 553
"../../../../../../../Volumes/TGM 1/MyProject_4.10/Saved/Autosaves/Game/Materials/blue_2_Auto5.uasset" 554
"../../../../../../../Volumes/TGM 1/MyProject_4.10/Saved/Autosaves/Game/Materials/blue_2_Auto8.uasset" 555
"../../../../../../../Volumes/TGM 1/MyProject_4.10/Saved/Autosaves/Game/Materials/blue_Auto4.uasset" 556
"../../../../../../../Volumes/TGM 1/MyProject_4.10/Saved/Autosaves/Game/Materials/butul__Auto1.uasset" 557
"../../../../../../../Volumes/TGM 1/MyProject_4.10/Saved/Autosaves/Game/Materials/butul__Auto2.uasset" 558
"../../../../../../../Volumes/TGM 1/MyProject_4.10/Saved/Autosaves/Game/Materials/butul__Auto5.uasset" 559
"../../../../../../../Volumes/TGM 1/MyProject_4.10/Saved/Autosaves/Game/Materials/butul__Auto8.uasset" 560
"../../../../../../../Volumes/TGM 1/MyProject_4.10/Saved/Autosaves/Game/Materials/Grid_Auto3.uasset" 561
"../../../../../../../Volumes/TGM 1/MyProject_4.10/Saved/Autosaves/Game/Materials/Grid_Auto6.uasset" 562
"../../../../../../../Volumes/TGM 1/MyProject_4.10/Saved/Autosaves/Game/Materials/Grid_Auto7.uasset" 563
"../../../../../../../Volumes/TGM 1/MyProject_4.10/Saved/Autosaves/Game/Materials/Grid_Auto8.uasset" 564
"../../../../../../../Volumes/TGM 1/MyProject_4.10/Saved/Autosaves/Game/Materials/grid_transparent_Auto3.uasset" 565
"../../../../../../../Volumes/TGM 1/MyProject_4.10/Saved/Autosaves/Game/Materials/pink_095_Auto3.uasset" 566
"../../../../../../../Volumes/TGM 1/MyProject_4.10/Saved/Autosaves/Game/Materials/pink_095_Auto8.uasset" 567
"../../../../../../../Volumes/TGM 1/MyProject_4.10/Saved/Autosaves/Game/Materials/white_Auto7.uasset" 568
"../../../../../../../Volumes/TGM 1/MyProject_4.10/Saved/Autosaves/Game/Objects/_2___Default_007_Auto5.uasset" 569
"../../../../../../../Volumes/TGM 1/MyProject_4.10/Saved/Autosaves/Game/Objects/_Black_006_Auto5.uasset" 570
"../../../../../../../Volumes/TGM 1/MyProject_4.10/Saved/Autosaves/Game/Objects/desk_Auto0.uasset" 571
"../../../../../../../Volumes/TGM 1/MyProject_4.10/Saved/Autosaves/Game/Objects/Ground_009_Auto5.uasset" 572
"../../../../../../../Volumes/TGM 1/MyProject_4.10/Saved/Autosaves/Game/Objects/metal_006_Auto5.uasset" 573
"../../../../../../../Volumes/TGM 1/MyProject_4.10/Saved/Autosaves/Game/Objects/testing2cooler_Auto0.uasset" 574
"../../../../../../../Volumes/TGM 1/MyProject_4.10/Saved/Autosaves/Game/Objects/testing2cooler_Auto9.uasset" 575
"../../../../../../../Volumes/TGM 1/MyProject_4.10/Saved/Autosaves/Game/Objects/winding_1_Auto6.uasset" 576
"../../../../../../../Volumes/TGM 1/MyProject_4.10/Saved/Autosaves/Game/Objects/winding_2_Auto6.uasset" 577
"../../../../../../../Volumes/TGM 1/MyProject_4.10/Saved/Autosaves/Game/Objects/winding_3_Auto6.uasset" 578
"../../../Engine/Config/HTML5/HTML5Engine.ini" 579
"../../../Engine/Content/MobileResources/HUD/VirtualJoystick_Thumb.uasset" 580
"../../../../../../../Volumes/TGM 1/MyProject_4.10/Content/FirstPersonBP/Blueprints/FirstPersonGameMode.uasset" 581
"../../../../../../../Volumes/TGM 1/MyProject_4.10/Content/FirstPersonBP/Blueprints/FirstPersonCharacter.uasset" 582
"../../../../../../../Volumes/TGM 1/MyProject_4.10/Content/FirstPersonBP/Character/FirstPerson_AnimBlueprint.uasset" 583
"../../../../../../../Volumes/TGM 1/MyProject_4.10/Content/FirstPersonBP/Animations/FirstPerson_Idle.uasset" 584
"../../../../../../../Volumes/TGM 1/MyProject_4.10/Content/FirstPersonBP/Character/FirstPerson_Skeleton.uasset" 585
"../../../Engine/Content/EngineMeshes/Humanoid.uasset" 586
"../../../../../../../Volumes/TGM 1/MyProject_4.10/Content/FirstPersonBP/Animations/FirstPerson_JumpEnd.uasset" 587
"../../../../../../../Volumes/TGM 1/MyProject_4.10/Content/FirstPersonBP/Animations/FirstPerson_JumpLoop.uasset" 588
"../../../../../../../Volumes/TGM 1/MyProject_4.10/Content/FirstPersonBP/Animations/FirstPerson_JumpStart.uasset" 589
"../../../../../../../Volumes/TGM 1/MyProject_4.10/Content/FirstPersonBP/Animations/FirstPerson_Run.uasset" 590
"../../../../../../../Volumes/TGM 1/MyProject_4.10/Content/FirstPersonBP/Animations/FirstPerson_Fire_Montage.uasset" 591
"../../../../../../../Volumes/TGM 1/MyProject_4.10/Content/FirstPersonBP/Animations/FirstPerson_Fire.uasset" 592
"../../../../../../../Volumes/TGM 1/MyProject_4.10/Content/FirstPersonBP/Blueprints/FirstPersonProjectile.uasset" 593
"../../../../../../../Volumes/TGM 1/MyProject_4.10/Content/FirstPersonBP/Meshes/FirstPerson_ProjectileMesh.uasset" 594
"../../../Engine/Content/TemplateResources/MI_Template_BaseOrange.uasset" 595
"../../../Engine/Content/TemplateResources/M_Template_Master.uasset" 596
"../../../../../../../Volumes/TGM 1/MyProject_4.10/Content/FirstPersonBP/Audio/FirstPerson_WeaponFire.uasset" 597
"../../../../../../../Volumes/TGM 1/MyProject_4.10/Content/FirstPersonBP/Character/FirstPerson_SkelMesh.uasset" 598
"../../../Engine/Content/TemplateResources/MI_Template_BaseBlue.uasset" 599
"../../../../../../../Volumes/TGM 1/MyProject_4.10/Content/FirstPersonBP/Blueprints/FirstPersonHUD.uasset" 600
"../../../../../../../Volumes/TGM 1/MyProject_4.10/Content/FirstPersonBP/Textures/FirstPersonCrosshair.uasset" 601
"/Users/MacProTwo/Library/Application Support/Epic/UnrealEngine/Common/DerivedDataCache/9/0/1/PHYSX_1D9C17C451EA4FB88CB7A27536A65DB0_PHYSXPC_890E85634807A0335071058C67F5E40__E12AF8FA3C9FFF77ABA2F8EFDCB27760DBE204BB.udd" 602
"/Users/MacProTwo/Library/Application Support/Epic/UnrealEngine/Common/DerivedDataCache/3/5/3/NAVCOLLISION_B89838347A4348138EE337A847529C5C_NAVCOLLISION_X_890E85634807A0335__2C61ABDCF28EDCAA829EB5897702DF15F27A6FCA.udd" 603
"../../../Engine/Content/EditorResources/BSPVertex.uasset" 604
"../../../Engine/Content/EngineDebugMaterials/GeomMaterial.uasset" 605
"../../../Engine/Content/EngineDebugMaterials/BoneWeightMaterial.uasset" 606
"../../../Engine/Content/EngineDebugMaterials/HeatmapGradient.uasset" 607
"../../../Engine/Content/EditorMaterials/PhAT_JointLimitMaterial.uasset" 608
"../../../Engine/Content/EditorMaterials/PreviewShadowIndicatorMaterial.uasset" 609
"../../../Engine/Content/EditorMaterials/PreviewShadowIndicator.uasset" 610
"../../../Engine/Content/EngineMaterials/EditorBrushMaterial.uasset" 611
"../../../Engine/Content/EditorMeshes/ColorCalibrator/SM_ColorCalibrator.uasset" 612
"../../../Engine/Content/EditorMeshes/ColorCalibrator/M_ChromeBall.uasset" 613
"../../../Engine/Content/EditorMeshes/ColorCalibrator/M_ClearCoat.uasset" 614
"../../../Engine/Content/EditorMeshes/ColorCalibrator/M_ClearCoatBlack.uasset" 615
"../../../Engine/Content/EditorMeshes/ColorCalibrator/M_ColorGrid.uasset" 616
"../../../Engine/Content/EditorMeshes/ColorCalibrator/T_ColorGrid.uasset" 617
"../../../Engine/Content/EditorMeshes/ColorCalibrator/M_GreyBall.uasset" 618
"../../../Engine/Content/MobileResources/HUD/DefaultVirtualJoysticks.uasset" 619
"../../../Engine/Content/MobileResources/HUD/VirtualJoystick_Background.uasset" 620
"../../../Engine/Content/Tutorial/BlueprintTutorials/TutorialAssets/Blueprint_64x.uasset" 621
"../../../Engine/Content/Tutorial/SubEditors/TutorialAssets/icon_Editor_Preferences_General_40x.uasset" 622
"../../../Engine/Content/Tutorial/Paper2D/TutorialAssets/Paper2DSprite_TutorialIcon.uasset" 623
"../../../Engine/Content/Tutorial/SubEditors/TutorialAssets/icon_ShowSkeletalMeshes_40x.uasset" 624
"../../../Engine/Content/Tutorial/Landscape/TutorialAssets/Landscape.uasset" 625
"../../../Engine/Content/Tutorial/Foliage/TutorialAssets/Foliage.uasset" 626
"../../../Engine/Content/Tutorial/SubEditors/StaticMeshEditorTutorial.uasset" 627
"../../../Engine/Content/EngineMeshes/Cube.uasset" 628
"../../../Engine/Content/Tutorial/Basics/LevelEditorOverview.uasset" 629
"../../../Engine/Content/Tutorial/Basics/TutorialAssets/icon_tab_Levels_40x.uasset" 630
"../../../Engine/Content/Tutorial/BlueprintTutorials/BlueprintEditorTutorial.uasset" 631
"../../../Engine/Content/Tutorial/BlueprintTutorials/BlueprintMacroLibrariesEditorOverview.uasset" 632
"../../../Engine/Content/Tutorial/BlueprintTutorials/TutorialAssets/BlueprintMacroLibrary_64x.uasset" 633
"../../../Engine/Content/Tutorial/BlueprintTutorials/TutorialAssets/Tutorial_BP_MacroLib.uasset" 634
"../../../Engine/Content/Tutorial/BlueprintTutorials/BlueprintInterfacesEditorOverview.uasset" 635
"../../../Engine/Content/Tutorial/BlueprintTutorials/TutorialAssets/BlueprintInterface_64x.uasset" 636
"../../../Engine/Content/Tutorial/BlueprintTutorials/TutorialAssets/Tutorial_BP_Interface.uasset" 637
"../../../Engine/Content/Tutorial/BlueprintTutorials/LevelBlueprintEditorOverview.uasset" 638
"../../../Engine/Content/Tutorial/SubEditors/DestructibleMeshEditorTutorial.uasset" 639
"../../../Engine/Content/Tutorial/SubEditors/TutorialAssets/Tutorial_DM.uasset" 640
"../../../Engine/Content/EditorMeshes/EditorCube.uasset" 641
"../../../Engine/Content/Tutorial/SubEditors/MaterialEditorTutorial.uasset" 642
"../../../Engine/Content/Tutorial/SubEditors/TutorialAssets/TutorialMaterial.uasset" 643
"../../../Engine/Content/Tutorial/SubEditors/ParticleSystemEditorTutorial.uasset" 644
"../../../Engine/Content/Tutorial/SubEditors/TutorialAssets/TutorialParticleSystem.uasset" 645
"../../../Engine/Content/Tutorial/SubEditors/TutorialAssets/M_smoke_subUV_blackbody.uasset" 646
"../../../Engine/Content/Tutorial/SubEditors/TutorialAssets/T_SmokeSubUV_8X8.uasset" 647
"../../../Engine/Content/Tutorial/SubEditors/TutorialAssets/T_soft_smoke.uasset" 648
"../../../Engine/Content/Tutorial/SubEditors/PersonaAnimEditorTutorial.uasset" 649
"../../../Engine/Content/Tutorial/SubEditors/PersonaAnimEditorWalkthrough.uasset" 650
"../../../Engine/Content/Tutorial/SubEditors/TutorialAssets/Character/NewBlendSpace1D.uasset" 651
"../../../Engine/Content/Tutorial/SubEditors/TutorialAssets/Character/Tutorial_Idle.uasset" 652
"../../../Engine/Content/Tutorial/SubEditors/TutorialAssets/Character/TutorialTPP_Skeleton.uasset" 653
"../../../Engine/Content/Tutorial/SubEditors/TutorialAssets/Character/Tutorial_Walk_Fwd.uasset" 654
"../../../Engine/Content/Tutorial/SubEditors/TutorialAssets/Character/TutorialTPP.uasset" 655
"../../../Engine/Content/Tutorial/SubEditors/TutorialAssets/Character/TutorialTPP_Mat.uasset" 656
"../../../Engine/Content/Tutorial/SubEditors/TutorialAssets/Character/TutorialTPP_PhysicsAsset.uasset" 657
"../../../Engine/Content/Tutorial/SubEditors/PersonaAnimBlueprintEditorWalkthrough.uasset" 658
"../../../Engine/Content/Tutorial/SubEditors/TutorialAssets/Character/TutorialTPP_AnimBlueprint.uasset" 659
"../../../Engine/Content/EditorBlueprintResources/StandardMacros.uasset" 660
"../../../Engine/Content/Tutorial/SubEditors/TutorialAssets/Character/TutorialCharacter.uasset" 661
"../../../Engine/Content/Tutorial/Paper2D/SpriteEditorTutorial.uasset" 662
"../../../Engine/Content/Tutorial/Paper2D/FlipbookEditorTutorial.uasset" 663
"../../../Engine/Content/Tutorial/Paper2D/TutorialAssets/Paper2DFlipbook_TutorialIcon.uasset" 664
"../../../Engine/Content/Tutorial/Landscape/Landscape_Manage_Mode.uasset" 665
"../../../Engine/Content/Tutorial/Landscape/Landscape_Sculpt_Mode.uasset" 666
"../../../Engine/Content/Tutorial/Landscape/Landscape_Painting_Mode.uasset" 667
"../../../Engine/Content/Tutorial/Foliage/Foliage_Intro_Tutorial.uasset" 668
"../../../Engine/Content/Tutorial/Foliage/Foliage_Using_The_Tool_Tutorial.uasset" 669
"../../../Engine/Content/Tutorial/Foliage/Foliage_Settings_Tutorial.uasset" 670
"/Users/MacProTwo/Library/Application Support/Epic/UnrealEngine/Common/DerivedDataCache/3/4/5/TEXTURE_814DCC3DC72143F49509781513CB9855_AUTODXT_711E4A25404E364CCD2EF7821FCAA__5B1082F1B41DE5FD2F8DA31C7B4F0A71B402EFBA.udd" 671
"../../../Engine/Content/MobileResources/HUD/T_Castle_ThumbstickOutter.uasset" 672
"../../../Engine/Content/MobileResources/HUD/MobileHUDButton3.uasset" 673
"../../../Engine/Content/MobileResources/HUD/MobileHUDButton2_off.uasset" 674
"../../../Engine/Content/MobileResources/HUD/LeftVirtualJoystickOnly.uasset" 675
"../../../Engine/Content/MobileResources/HUD/AnalogHat.uasset" 676
"/Users/MacProTwo/Library/Application Support/Epic/UnrealEngine/Common/DerivedDataCache/4/6/8/MATSM_984AFA3849534FAA8491540B994BD32E_GLSL_ES2_WEBGL_3857__BC5N_DEV_SL_NODBUF__81A4E7206EDEF404F49997E216A5F515061CE721.udd" 677
"../../../../../../../Volumes/TGM 1/MyProject_4.10/Content/FirstPersonBP/Maps/FirstPersonExampleMap.umap" 678
"../../../Engine/Content/EngineSky/BP_Sky_Sphere.uasset" 679
"../../../Engine/Content/EngineSky/C_Sky_Cloud_Color.uasset" 680
"../../../Engine/Content/EngineSky/C_Sky_Horizon_Color.uasset" 681
"../../../Engine/Content/EngineSky/C_Sky_Zenith_Color.uasset" 682
"../../../Engine/Content/EngineSky/M_Sky_Panning_Clouds2.uasset" 683
"../../../Engine/Content/EngineSky/T_Sky_Blue.uasset" 684
"../../../Engine/Content/EngineSky/T_Sky_Clouds_M.uasset" 685
"../../../Engine/Content/EngineSky/T_Sky_Stars.uasset" 686
"../../../Engine/Content/EngineSky/SM_SkySphere.uasset" 687
"../../../Engine/Content/TemplateResources/MI_Template_BaseGray_02.uasset" 688
"../../../Engine/Content/MapTemplates/Bokeh_5Sides.uasset" 689
"../../../Engine/Content/MapTemplates/T_ScreenDirt02_w.uasset" 690
"../../../../../../../Volumes/TGM 1/MyProject_4.10/Content/FirstPersonBP/Meshes/CubeMesh.uasset" 691
"../../../../../../../Volumes/TGM 1/MyProject_4.10/Content/FirstPersonBP/Meshes/CubeMaterial.uasset" 692
"../../../../../../../Volumes/TGM 1/MyProject_4.10/Content/FirstPersonBP/Meshes/FirstPersonCube_Rounded.uasset" 693
"/Users/MacProTwo/Library/Application Support/Epic/UnrealEngine/Common/DerivedDataCache/1/4/7/STATICMESH_46A8778361B442A9523C54440EA1E9D_8C68575CEF434CA8A9E1DA4AED8A47BB_A5__5EDEDE483766DE51B6EF6224E3967B6E35CDAD73.udd" 694
"/Users/MacProTwo/Library/Application Support/Epic/UnrealEngine/Common/DerivedDataCache/1/4/7/PHYSX_1D9C17C451EA4FB88CB7A27536A65DB0_PHYSXPC_925CE7804D9169F193E13E8F9DF3A24__5C11C290A985CFC66FD4B989D1C41FDC426F858D.udd" 695
"/Users/MacProTwo/Library/Application Support/Epic/UnrealEngine/Common/DerivedDataCache/0/2/1/NAVCOLLISION_B89838347A4348138EE337A847529C5C_NAVCOLLISION_X_925CE7804D9169F19__DFA870CF878C39BAC6C5830C380AA68661BBE069.udd" 696
"/Users/MacProTwo/Library/Application Support/Epic/UnrealEngine/Common/DerivedDataCache/4/3/3/PHYSX_1D9C17C451EA4FB88CB7A27536A65DB0_PHYSXPC_0D968962474D572AC5FBBF8C9F71B348__1_0_13123_0.udd" 697
"/Users/MacProTwo/Library/Application Support/Epic/UnrealEngine/Common/DerivedDataCache/8/7/1/PHYSX_1D9C17C451EA4FB88CB7A27536A65DB0_PHYSXPC_08E25A3340104C7FAA39979E29375761__1_0_13123_0.udd" 698
"/Users/MacProTwo/Library/Application Support/Epic/UnrealEngine/Common/DerivedDataCache/9/4/6/REFL_ENC_96DFC022836B48889143E9DF484C3296_0F3882DA4997F38F16EEE18AEB5C902F.udd" 699
"/Users/MacProTwo/Library/Application Support/Epic/UnrealEngine/Common/DerivedDataCache/5/9/2/TEXTURE_814DCC3DC72143F49509781513CB9855_AUTODXT_322416CD48BC4589E15F6B8E1ED6E__479EF0C87C2637D94301396EAC4B576AADBA422F.udd" 700
"/Users/MacProTwo/Library/Application Support/Epic/UnrealEngine/Common/DerivedDataCache/2/9/6/TEXTURE_814DCC3DC72143F49509781513CB9855_AUTODXT_B571F3BC40D2769068CD448477947__FD3B3F42714E337F41522D46F0E9140843A84D7B.udd" 701
"/Users/MacProTwo/Library/Application Support/Epic/UnrealEngine/Common/DerivedDataCache/6/1/5/TEXTURE_814DCC3DC72143F49509781513CB9855_AUTODXT_322416CD48BC4589E15F6B8E1ED6E__9B746CF8C7D20A53FDC444AEDD6E2D2BD22F48B3.udd" 702
"/Users/MacProTwo/Library/Application Support/Epic/UnrealEngine/Common/DerivedDataCache/9/9/2/TEXTURE_814DCC3DC72143F49509781513CB9855_AUTODXT_B571F3BC40D2769068CD448477947__113B515F293A9620D1DDA0BFBBD636EC1F180669.udd" 703
"/Users/MacProTwo/Library/Application Support/Epic/UnrealEngine/Common/DerivedDataCache/6/7/2/TEXTURE_814DCC3DC72143F49509781513CB9855_AUTODXT_322416CD48BC4589E15F6B8E1ED6E__4199D1A0DA04594F8D541CFDC8A814AFD8FF930E.udd" 704
"/Users/MacProTwo/Library/Application Support/Epic/UnrealEngine/Common/DerivedDataCache/4/6/5/TEXTURE_814DCC3DC72143F49509781513CB9855_AUTODXT_322416CD48BC4589E15F6B8E1ED6E__B562D73A17208DA24DE717F7D5957D2E417F055D.udd" 705
"/Users/MacProTwo/Library/Application Support/Epic/UnrealEngine/Common/DerivedDataCache/0/3/1/TEXTURE_814DCC3DC72143F49509781513CB9855_AUTODXT_322416CD48BC4589E15F6B8E1ED6E__CCC1C4D16FBF62CC1EED23B3A9A9ED2F9700AE44.udd" 706
"/Users/MacProTwo/Library/Application Support/Epic/UnrealEngine/Common/DerivedDataCache/8/6/9/TEXTURE_814DCC3DC72143F49509781513CB9855_AUTODXT_322416CD48BC4589E15F6B8E1ED6E__814DB38004516BBE9E57496CDF19C0112DD7FDEB.udd" 707
"/Users/MacProTwo/Library/Application Support/Epic/UnrealEngine/Common/DerivedDataCache/8/4/0/TEXTURE_814DCC3DC72143F49509781513CB9855_AUTODXT_322416CD48BC4589E15F6B8E1ED6E__9E4C6886B1EB02C3B44FE1E1E9637668B34C3947.udd" 708
"/Users/MacProTwo/Library/Application Support/Epic/UnrealEngine/Common/DerivedDataCache/0/9/1/TEXTURE_814DCC3DC72143F49509781513CB9855_AUTODXT_B571F3BC40D2769068CD448477947__A79F508C42EDB93F1A1AAD4DD6A38BC5860447CD.udd" 709
"/Users/MacProTwo/Library/Application Support/Epic/UnrealEngine/Common/DerivedDataCache/0/0/1/TEXTURE_814DCC3DC72143F49509781513CB9855_AUTODXT_B571F3BC40D2769068CD448477947__A047251352E903A4BA6513B5109A6558323EF200.udd" 710
"/Users/MacProTwo/Library/Application Support/Epic/UnrealEngine/Common/DerivedDataCache/0/5/2/TEXTURE_814DCC3DC72143F49509781513CB9855_AUTODXT_B571F3BC40D2769068CD448477947__79B5340B8F6ACE8C36B0FB64DF2111AAA5EA1703.udd" 711
"/Users/MacProTwo/Library/Application Support/Epic/UnrealEngine/Common/DerivedDataCache/7/1/0/TEXTURE_814DCC3DC72143F49509781513CB9855_AUTODXT_B571F3BC40D2769068CD448477947__9B9D9ABDEFD779AEA801E909ABBB388AD76AB691.udd" 712
"/Users/MacProTwo/Library/Application Support/Epic/UnrealEngine/Common/DerivedDataCache/5/9/5/TEXTURE_814DCC3DC72143F49509781513CB9855_AUTODXT_277831084208C6CBE4ED8380A1972__C879853F441C6CAC5DCB549F2B31D82C19074270.udd" 713
"/Users/MacProTwo/Library/Application Support/Epic/UnrealEngine/Common/DerivedDataCache/8/7/0/TEXTURE_814DCC3DC72143F49509781513CB9855_AUTODXT_277831084208C6CBE4ED8380A1972__10D131D8BC8106C2F630AD8BB56DD34E03E44FE6.udd" 714
"/Users/MacProTwo/Library/Application Support/Epic/UnrealEngine/Common/DerivedDataCache/8/0/4/TEXTURE_814DCC3DC72143F49509781513CB9855_AUTODXT_13B81A5F4275E8F1DBF1FDAA75CEE__7C54FD34F399B6519F731887B8CF17C0584A14B0.udd" 715
"/Users/MacProTwo/Library/Application Support/Epic/UnrealEngine/Common/DerivedDataCache/6/6/1/TEXTURE_814DCC3DC72143F49509781513CB9855_AUTODXT_13B81A5F4275E8F1DBF1FDAA75CEE__62D142D54DB55A2E6715C0B1833D9869F0D3EAE2.udd" 716
"/Users/MacProTwo/Library/Application Support/Epic/UnrealEngine/Common/DerivedDataCache/4/1/9/TEXTURE_814DCC3DC72143F49509781513CB9855_AUTODXT_319ECA7848292356FB66C396EE05A__184252446E4B3CC12DA2273270B924AD904A8C57.udd" 717
"/Users/MacProTwo/Library/Application Support/Epic/UnrealEngine/Common/DerivedDataCache/0/8/7/TEXTURE_814DCC3DC72143F49509781513CB9855_AUTODXT_319ECA7848292356FB66C396EE05A__FACB14CD4E174ABEDCB51DC2F4C1C6781D25E269.udd" 718
"/Users/MacProTwo/Library/Application Support/Epic/UnrealEngine/Common/DerivedDataCache/4/3/5/TEXTURE_814DCC3DC72143F49509781513CB9855_AUTODXT_277831084208C6CBE4ED8380A1972__AD4D98514634FA065B2963B1374FF3E2F425E6FF.udd" 719
"/Users/MacProTwo/Library/Application Support/Epic/UnrealEngine/Common/DerivedDataCache/7/3/6/TEXTURE_814DCC3DC72143F49509781513CB9855_AUTODXT_13B81A5F4275E8F1DBF1FDAA75CEE__525AB351D7A16D7A259ADBECECB3AE1190E8889E.udd" 720
"/Users/MacProTwo/Library/Application Support/Epic/UnrealEngine/Common/DerivedDataCache/4/4/3/TEXTURE_814DCC3DC72143F49509781513CB9855_AUTODXT_277831084208C6CBE4ED8380A1972__14B988C71A582E6D7F34293140B8D369EE4DD6A9.udd" 721
"/Users/MacProTwo/Library/Application Support/Epic/UnrealEngine/Common/DerivedDataCache/2/4/8/TEXTURE_814DCC3DC72143F49509781513CB9855_AUTODXT_277831084208C6CBE4ED8380A1972__FB514048116931D2F237EE266F3DCFBB56059B07.udd" 722
"/Users/MacProTwo/Library/Application Support/Epic/UnrealEngine/Common/DerivedDataCache/8/2/2/TEXTURE_814DCC3DC72143F49509781513CB9855_AUTODXT_277831084208C6CBE4ED8380A1972__CC1A1DE0895461733E28937B2F749E6A73ED7799.udd" 723
"/Users/MacProTwo/Library/Application Support/Epic/UnrealEngine/Common/DerivedDataCache/9/6/6/TEXTURE_814DCC3DC72143F49509781513CB9855_AUTODXT_319ECA7848292356FB66C396EE05A__EBC390B776A8989656AD098FA354615890B02CBC.udd" 724
"/Users/MacProTwo/Library/Application Support/Epic/UnrealEngine/Common/DerivedDataCache/2/6/1/TEXTURE_814DCC3DC72143F49509781513CB9855_AUTODXT_A87172F8420071DF106C409A38B77__111608FB7D820404B5FFBDDFD6430874316D7D8E.udd" 725
"/Users/MacProTwo/Library/Application Support/Epic/UnrealEngine/Common/DerivedDataCache/9/6/5/TEXTURE_814DCC3DC72143F49509781513CB9855_AUTODXT_A87172F8420071DF106C409A38B77__9F53FEC63394806063CF8D16CA830D9763A85A88.udd" 726
"/Users/MacProTwo/Library/Application Support/Epic/UnrealEngine/Common/DerivedDataCache/2/8/8/TEXTURE_814DCC3DC72143F49509781513CB9855_AUTODXT_13B81A5F4275E8F1DBF1FDAA75CEE__7827326EF5AE86D4A9F71E11D0377D2B0834C3F7.udd" 727
"/Users/MacProTwo/Library/Application Support/Epic/UnrealEngine/Common/DerivedDataCache/1/7/4/TEXTURE_814DCC3DC72143F49509781513CB9855_AUTODXT_F85C43164D24A46059D10AA41B4B0__CEE3A019DA6D57D69C0E5E50BD1987ED48839DA1.udd" 728
"/Users/MacProTwo/Library/Application Support/Epic/UnrealEngine/Common/DerivedDataCache/6/2/6/TEXTURE_814DCC3DC72143F49509781513CB9855_AUTODXT_F85C43164D24A46059D10AA41B4B0__EE170AD8440BC2438350C37C0820748881148F1F.udd" 729
"/Users/MacProTwo/Library/Application Support/Epic/UnrealEngine/Common/DerivedDataCache/3/5/1/TEXTURE_814DCC3DC72143F49509781513CB9855_AUTODXT_13B81A5F4275E8F1DBF1FDAA75CEE__AD294F7B14F60161E0AB69F157E8B8D692617CB7.udd" 730
"/Users/MacProTwo/Library/Application Support/Epic/UnrealEngine/Common/DerivedDataCache/0/5/4/TEXTURE_814DCC3DC72143F49509781513CB9855_AUTODXT_13B81A5F4275E8F1DBF1FDAA75CEE__0358ED1D5D0181A9FC82DCAE8BA76AB27BEEFDB6.udd" 731
"/Users/MacProTwo/Library/Application Support/Epic/UnrealEngine/Common/DerivedDataCache/4/7/5/TEXTURE_814DCC3DC72143F49509781513CB9855_AUTODXT_319ECA7848292356FB66C396EE05A__D993A3AF75543BD9EBADD51646012E7AD5CB6718.udd" 732
"/Users/MacProTwo/Library/Application Support/Epic/UnrealEngine/Common/DerivedDataCache/3/9/9/TEXTURE_814DCC3DC72143F49509781513CB9855_AUTODXT_26ADCB3E4DAAB4BFF1485BACB7652__B90F913114030F68A32866FC257202BDBD046E57.udd" 733
"/Users/MacProTwo/Library/Application Support/Epic/UnrealEngine/Common/DerivedDataCache/1/1/6/TEXTURE_814DCC3DC72143F49509781513CB9855_DXT1_F7A9DF3A44C4E2CDCE4771B360211AB4__501FA009FBD3167A84D2C8A735EC14659DC22C02.udd" 734
"/Users/MacProTwo/Library/Application Support/Epic/UnrealEngine/Common/DerivedDataCache/5/8/7/TEXTURE_814DCC3DC72143F49509781513CB9855_AUTODXT_319ECA7848292356FB66C396EE05A__35B46B117268D0BD70E45A14DFA476590A9DDFCD.udd" 735
"/Users/MacProTwo/Library/Application Support/Epic/UnrealEngine/Common/DerivedDataCache/7/3/6/TEXTURE_814DCC3DC72143F49509781513CB9855_DXT1_F7A9DF3A44C4E2CDCE4771B360211AB4__369B99FA1D9D2C3B4DFBA7232A23D0F4CC352A2E.udd" 736
"/Users/MacProTwo/Library/Application Support/Epic/UnrealEngine/Common/DerivedDataCache/9/7/8/TEXTURE_814DCC3DC72143F49509781513CB9855_AUTODXT_319ECA7848292356FB66C396EE05A__56605CCFF4BE841A8BCE7EB6B58E14AA779F01C2.udd" 737
"/Users/MacProTwo/Library/Application Support/Epic/UnrealEngine/Common/DerivedDataCache/4/5/0/TEXTURE_814DCC3DC72143F49509781513CB9855_AUTODXT_A87172F8420071DF106C409A38B77__FB26B8B65E32593D77EC957CA35D92B535810273.udd" 738
"/Users/MacProTwo/Library/Application Support/Epic/UnrealEngine/Common/DerivedDataCache/6/8/5/TEXTURE_814DCC3DC72143F49509781513CB9855_DXT1_0865A0C34AA16727047FC8A486CEDD8F__86FF95B5C77F929539281923470A512F0CA8BAA1.udd" 739
"/Users/MacProTwo/Library/Application Support/Epic/UnrealEngine/Common/DerivedDataCache/7/2/9/TEXTURE_814DCC3DC72143F49509781513CB9855_DXT1_0865A0C34AA16727047FC8A486CEDD8F__D77110797F9A2A9FE85F436F8D826C9CBD0A966D.udd" 740
"/Users/MacProTwo/Library/Application Support/Epic/UnrealEngine/Common/DerivedDataCache/9/7/1/TEXTURE_814DCC3DC72143F49509781513CB9855_AUTODXT_F85C43164D24A46059D10AA41B4B0__2CB454BD460E44EF8B5ABB228C0DA38B63B5326D.udd" 741
"/Users/MacProTwo/Library/Application Support/Epic/UnrealEngine/Common/DerivedDataCache/0/5/9/TEXTURE_814DCC3DC72143F49509781513CB9855_AUTODXT_A87172F8420071DF106C409A38B77__642A7028F0C4A61AEAAED9A072B64B466038FA93.udd" 742
"/Users/MacProTwo/Library/Application Support/Epic/UnrealEngine/Common/DerivedDataCache/5/5/8/TEXTURE_814DCC3DC72143F49509781513CB9855_AUTODXT_A87172F8420071DF106C409A38B77__32B6FC3B954F43101448A36109A51F9C3FBA6285.udd" 743
"/Users/MacProTwo/Library/Application Support/Epic/UnrealEngine/Common/DerivedDataCache/6/1/4/TEXTURE_814DCC3DC72143F49509781513CB9855_DXT1_F7A9DF3A44C4E2CDCE4771B360211AB4__A32CA324D95BA4711C6890FA2240B0061EBA424D.udd" 744
"/Users/MacProTwo/Library/Application Support/Epic/UnrealEngine/Common/DerivedDataCache/9/4/3/TEXTURE_814DCC3DC72143F49509781513CB9855_AUTODXT_A87172F8420071DF106C409A38B77__373ED7ED970C78B497C71D846ACFE30575DA79DC.udd" 745
"/Users/MacProTwo/Library/Application Support/Epic/UnrealEngine/Common/DerivedDataCache/6/6/0/TEXTURE_814DCC3DC72143F49509781513CB9855_AUTODXT_F85C43164D24A46059D10AA41B4B0__C075B627EECCAF1E8B3038138C8200C1A182A42D.udd" 746
"/Users/MacProTwo/Library/Application Support/Epic/UnrealEngine/Common/DerivedDataCache/5/4/0/TEXTURE_814DCC3DC72143F49509781513CB9855_DXT1_249590DA42FF929DBA4D698A00B87607__78447BCED597546308C85F21D2BCB7423C6B016E.udd" 747
"/Users/MacProTwo/Library/Application Support/Epic/UnrealEngine/Common/DerivedDataCache/6/3/2/TEXTURE_814DCC3DC72143F49509781513CB9855_DXT1_F7A9DF3A44C4E2CDCE4771B360211AB4__8894A7E5C2BAAA31C2B68DEFD4E7A9B9A181FAED.udd" 748
"/Users/MacProTwo/Library/Application Support/Epic/UnrealEngine/Common/DerivedDataCache/8/4/3/TEXTURE_814DCC3DC72143F49509781513CB9855_DXT1_0865A0C34AA16727047FC8A486CEDD8F__2C4500C6D7B10D3759EA1A5666F05F2EE1D094B1.udd" 749
"/Users/MacProTwo/Library/Application Support/Epic/UnrealEngine/Common/DerivedDataCache/0/3/5/TEXTURE_814DCC3DC72143F49509781513CB9855_DXT1_249590DA42FF929DBA4D698A00B87607__A6FCC43064D535FE93DEE35F1C10A4F7CEA78873.udd" 750
"/Users/MacProTwo/Library/Application Support/Epic/UnrealEngine/Common/DerivedDataCache/7/1/7/TEXTURE_814DCC3DC72143F49509781513CB9855_AUTODXT_F85C43164D24A46059D10AA41B4B0__8D9584342C15B05B35F8B4DE3B6799591C5B8136.udd" 751
"/Users/MacProTwo/Library/Application Support/Epic/UnrealEngine/Common/DerivedDataCache/7/6/2/TEXTURE_814DCC3DC72143F49509781513CB9855_DXT1_F7A9DF3A44C4E2CDCE4771B360211AB4__AF6850812AEA90DE6968C2B1D55F947CB6F0AE2F.udd" 752
"/Users/MacProTwo/Library/Application Support/Epic/UnrealEngine/Common/DerivedDataCache/8/5/0/TEXTURE_814DCC3DC72143F49509781513CB9855_AUTODXT_F85C43164D24A46059D10AA41B4B0__2A847C1139E3496326CBFF3328F76CE813847113.udd" 753
"/Users/MacProTwo/Library/Application Support/Epic/UnrealEngine/Common/DerivedDataCache/3/3/2/TEXTURE_814DCC3DC72143F49509781513CB9855_DXT1_3E469CD04E28740BEE55CBBE6C77FA16__C4AE40431E974601D4CC1F97D1AD86D2532B28D9.udd" 754
"/Users/MacProTwo/Library/Application Support/Epic/UnrealEngine/Common/DerivedDataCache/6/2/7/TEXTURE_814DCC3DC72143F49509781513CB9855_DXT1_F7A9DF3A44C4E2CDCE4771B360211AB4__D1D1C58CE278739E8E8A674001ECC1328CC29C41.udd" 755
"/Users/MacProTwo/Library/Application Support/Epic/UnrealEngine/Common/DerivedDataCache/4/7/7/TEXTURE_814DCC3DC72143F49509781513CB9855_DXT1_0865A0C34AA16727047FC8A486CEDD8F__ABF44E6737E63CD1F7D786C6BFE89C01D44ED7CD.udd" 756
"/Users/MacProTwo/Library/Application Support/Epic/UnrealEngine/Common/DerivedDataCache/7/9/6/TEXTURE_814DCC3DC72143F49509781513CB9855_DXT1_3E469CD04E28740BEE55CBBE6C77FA16__F007CC1CB0216EEE938C09D81509357BF8F90461.udd" 757
"/Users/MacProTwo/Library/Application Support/Epic/UnrealEngine/Common/DerivedDataCache/0/5/3/TEXTURE_814DCC3DC72143F49509781513CB9855_DXT1_ACFE033140F33544344F8BBA80C557B0__552C6CF5791B86442DA3D5A25B4C424CD608E4FD.udd" 758
"/Users/MacProTwo/Library/Application Support/Epic/UnrealEngine/Common/DerivedDataCache/8/9/2/TEXTURE_814DCC3DC72143F49509781513CB9855_DXT1_0865A0C34AA16727047FC8A486CEDD8F__BAE24806B61E987958F910C8944E1B7EF8A9D9D7.udd" 759
"/Users/MacProTwo/Library/Application Support/Epic/UnrealEngine/Common/DerivedDataCache/8/3/3/TEXTURE_814DCC3DC72143F49509781513CB9855_DXT1_ACFE033140F33544344F8BBA80C557B0__68A05BD6CC8F4B21421251F3950145B132B5CD4C.udd" 760
"/Users/MacProTwo/Library/Application Support/Epic/UnrealEngine/Common/DerivedDataCache/6/8/9/TEXTURE_814DCC3DC72143F49509781513CB9855_DXT1_0865A0C34AA16727047FC8A486CEDD8F__A7E630B4AA234343903FE1B4F45D9DFE7BF6711F.udd" 761
"/Users/MacProTwo/Library/Application Support/Epic/UnrealEngine/Common/DerivedDataCache/0/1/7/TEXTURE_814DCC3DC72143F49509781513CB9855_DXT1_0921F1EE4322D03486663BA291EE0A83__A1E0E9BD25CBDD4CE5766B801AAEA61EFC236326.udd" 762
"/Users/MacProTwo/Library/Application Support/Epic/UnrealEngine/Common/DerivedDataCache/9/7/0/TEXTURE_814DCC3DC72143F49509781513CB9855_DXT1_0921F1EE4322D03486663BA291EE0A83__2494271F44F5F6DC0283309B17FD3F7C9FAC76E4.udd" 763
"/Users/MacProTwo/Library/Application Support/Epic/UnrealEngine/Common/DerivedDataCache/5/9/5/TEXTURE_814DCC3DC72143F49509781513CB9855_DXT1_C91DC84A433A35D90860C292AF418600__37006C31D7275A19DAA2B0CABF0EFCF50E897412.udd" 764
"/Users/MacProTwo/Library/Application Support/Epic/UnrealEngine/Common/DerivedDataCache/0/1/3/TEXTURE_814DCC3DC72143F49509781513CB9855_DXT1_032B6C92480B2DFBA6F397B683170426__ABBC218495E7252DA935602B087EF815BEEA2974.udd" 765
"/Users/MacProTwo/Library/Application Support/Epic/UnrealEngine/Common/DerivedDataCache/7/1/8/TEXTURE_814DCC3DC72143F49509781513CB9855_DXT1_032B6C92480B2DFBA6F397B683170426__58A04DC8D2481368DC11A70C5FE690DB689A4B4E.udd" 766
"/Users/MacProTwo/Library/Application Support/Epic/UnrealEngine/Common/DerivedDataCache/4/5/1/TEXTURE_814DCC3DC72143F49509781513CB9855_DXT1_ACFE033140F33544344F8BBA80C557B0__1D3F981842117DC3452A8258872C6CDA072BE5CA.udd" 767
"/Users/MacProTwo/Library/Application Support/Epic/UnrealEngine/Common/DerivedDataCache/0/7/8/TEXTURE_814DCC3DC72143F49509781513CB9855_DXT1_3E469CD04E28740BEE55CBBE6C77FA16__88111CCCB7E1394834BCD2B550FACF1A44D042EB.udd" 768
"/Users/MacProTwo/Library/Application Support/Epic/UnrealEngine/Common/DerivedDataCache/9/2/4/TEXTURE_814DCC3DC72143F49509781513CB9855_DXT1_249590DA42FF929DBA4D698A00B87607__31EEE959E6CED101DD41B4B6CBB0D43110C2C13D.udd" 769
"/Users/MacProTwo/Library/Application Support/Epic/UnrealEngine/Common/DerivedDataCache/8/7/5/TEXTURE_814DCC3DC72143F49509781513CB9855_DXT1_0921F1EE4322D03486663BA291EE0A83__0CDECBCE3A1A50B2B0CEC88E113EEDFF434080AB.udd" 770
"/Users/MacProTwo/Library/Application Support/Epic/UnrealEngine/Common/DerivedDataCache/6/7/8/TEXTURE_814DCC3DC72143F49509781513CB9855_DXT1_3E469CD04E28740BEE55CBBE6C77FA16__8BB763F663E328EC9AE922C4EDC2E3C51B6DDB0A.udd" 771
"/Users/MacProTwo/Library/Application Support/Epic/UnrealEngine/Common/DerivedDataCache/5/7/4/TEXTURE_814DCC3DC72143F49509781513CB9855_DXT1_ACFE033140F33544344F8BBA80C557B0__ACFAD546F33565FCD3C1629B6B62F08BAE54B18C.udd" 772
"/Users/MacProTwo/Library/Application Support/Epic/UnrealEngine/Common/DerivedDataCache/5/9/8/TEXTURE_814DCC3DC72143F49509781513CB9855_DXT1_3E469CD04E28740BEE55CBBE6C77FA16__394C4DAE23D1E5DC66E1D1CDF626F698BAA232AB.udd" 773
"/Users/MacProTwo/Library/Application Support/Epic/UnrealEngine/Common/DerivedDataCache/0/9/4/TEXTURE_814DCC3DC72143F49509781513CB9855_DXT1_249590DA42FF929DBA4D698A00B87607__4FFD9CBE3916677789957EA55BA563B2F33F4923.udd" 774
"/Users/MacProTwo/Library/Application Support/Epic/UnrealEngine/Common/DerivedDataCache/4/2/8/TEXTURE_814DCC3DC72143F49509781513CB9855_DXT1_0921F1EE4322D03486663BA291EE0A83__BEFC01941E0F85195490A41E0C15E3A0248B40B3.udd" 775
"/Users/MacProTwo/Library/Application Support/Epic/UnrealEngine/Common/DerivedDataCache/0/9/5/TEXTURE_814DCC3DC72143F49509781513CB9855_DXT1_3E469CD04E28740BEE55CBBE6C77FA16__43AAA6E5A0FEA5FA8ECEF7500859E5DE2381B912.udd" 776
"/Users/MacProTwo/Library/Application Support/Epic/UnrealEngine/Common/DerivedDataCache/1/9/2/TEXTURE_814DCC3DC72143F49509781513CB9855_DXT1_ACFE033140F33544344F8BBA80C557B0__4AFDEB6C876255DB845002BA0A936B3E71A8AA8D.udd" 777
"/Users/MacProTwo/Library/Application Support/Epic/UnrealEngine/Common/DerivedDataCache/3/6/1/TEXTURE_814DCC3DC72143F49509781513CB9855_DXT1_249590DA42FF929DBA4D698A00B87607__6E3F5FB1A33C05275E368CC29B861AB7FE1E56BC.udd" 778
"/Users/MacProTwo/Library/Application Support/Epic/UnrealEngine/Common/DerivedDataCache/5/4/8/TEXTURE_814DCC3DC72143F49509781513CB9855_DXT1_249590DA42FF929DBA4D698A00B87607__35BBE6400BB313FDACE54A5B2DD696F40E919618.udd" 779
"/Users/MacProTwo/Library/Application Support/Epic/UnrealEngine/Common/DerivedDataCache/6/1/5/TEXTURE_814DCC3DC72143F49509781513CB9855_DXT1_ACFE033140F33544344F8BBA80C557B0__3009DA7029DD09A79C6CF5B4DED4493A5EA03880.udd" 780
"/Users/MacProTwo/Library/Application Support/Epic/UnrealEngine/Common/DerivedDataCache/5/0/7/TEXTURE_814DCC3DC72143F49509781513CB9855_DXT1_0921F1EE4322D03486663BA291EE0A83__B63B2A6D7552B76A66E67F5F2198E5E344D48851.udd" 781
"/Users/MacProTwo/Library/Application Support/Epic/UnrealEngine/Common/DerivedDataCache/3/3/6/TEXTURE_814DCC3DC72143F49509781513CB9855_DXT1_0921F1EE4322D03486663BA291EE0A83__656FDB9550E847DE1814C5120EFAAAD43E355F04.udd" 782
"/Users/MacProTwo/Library/Application Support/Epic/UnrealEngine/Common/DerivedDataCache/2/4/1/TEXTURE_814DCC3DC72143F49509781513CB9855_DXT1_032B6C92480B2DFBA6F397B683170426__E9274BC1503B48CA325755083ADDF06C19480E70.udd" 783
"/Users/MacProTwo/Library/Application Support/Epic/UnrealEngine/Common/DerivedDataCache/3/7/7/TEXTURE_814DCC3DC72143F49509781513CB9855_DXT1_032B6C92480B2DFBA6F397B683170426__538C0C66AC8401BCBD73718F03CAE0578D1FD654.udd" 784
"/Users/MacProTwo/Library/Application Support/Epic/UnrealEngine/Common/DerivedDataCache/5/1/5/TEXTURE_814DCC3DC72143F49509781513CB9855_DXT1_032B6C92480B2DFBA6F397B683170426__C33507242F42C868FC2DE67540B97D916103DE7D.udd" 785
"/Users/MacProTwo/Library/Application Support/Epic/UnrealEngine/Common/DerivedDataCache/6/6/3/TEXTURE_814DCC3DC72143F49509781513CB9855_DXT1_032B6C92480B2DFBA6F397B683170426__D1F7F6DBEBEDBEB94DA7E3202F4D8EECF1E313CD.udd" 786
"/Users/MacProTwo/Library/Application Support/Epic/UnrealEngine/Common/DerivedDataCache/3/9/4/TEXTURE_814DCC3DC72143F49509781513CB9855_DXT1_032B6C92480B2DFBA6F397B683170426__9EBF9A5B95222FA91811F7E67B8AE5DA9358971A.udd" 787
"/Users/MacProTwo/Library/Application Support/Epic/UnrealEngine/Common/DerivedDataCache/6/8/9/TEXTURE_814DCC3DC72143F49509781513CB9855_G8_BD5CF7AB41957A6687ECEFB56F67A0DC_0__EAE64B1238113E69CF4C8046D82A2A76ECE08015.udd" 788
"/Users/MacProTwo/Library/Application Support/Epic/UnrealEngine/Common/DerivedDataCache/7/2/3/TEXTURE_814DCC3DC72143F49509781513CB9855_G8_BD5CF7AB41957A6687ECEFB56F67A0DC_0__C91D632644A7A036936E0F9E1E49CD85A6F0EAE4.udd" 789
"/Users/MacProTwo/Library/Application Support/Epic/UnrealEngine/Common/DerivedDataCache/9/2/3/TEXTURE_814DCC3DC72143F49509781513CB9855_G8_BD5CF7AB41957A6687ECEFB56F67A0DC_0__58018C032960FFCB056B156BD804F524D33F9486.udd" 790
"/Users/MacProTwo/Library/Application Support/Epic/UnrealEngine/Common/DerivedDataCache/4/9/2/TEXTURE_814DCC3DC72143F49509781513CB9855_G8_BD5CF7AB41957A6687ECEFB56F67A0DC_0__87A7D442DF45E75CBB1C3CF68E1E1A4B7D1B06CA.udd" 791
"/Users/MacProTwo/Library/Application Support/Epic/UnrealEngine/Common/DerivedDataCache/2/5/4/TEXTURE_814DCC3DC72143F49509781513CB9855_G8_AAFA7F9547F98CD68B10D18356196669_0__D90278E2A807F630E3254D6E8B9A951FD182BC82.udd" 792
"/Users/MacProTwo/Library/Application Support/Epic/UnrealEngine/Common/DerivedDataCache/0/0/5/TEXTURE_814DCC3DC72143F49509781513CB9855_G8_AAFA7F9547F98CD68B10D18356196669_0__2DE7654713EC5F0758B71E5590A35D7DE629F8A6.udd" 793
"/Users/MacProTwo/Library/Application Support/Epic/UnrealEngine/Common/DerivedDataCache/2/7/5/TEXTURE_814DCC3DC72143F49509781513CB9855_G8_AAFA7F9547F98CD68B10D18356196669_0__5BA6BAE1156D590C9E2A75368748D27E1AD380CE.udd" 794
"/Users/MacProTwo/Library/Application Support/Epic/UnrealEngine/Common/DerivedDataCache/5/8/3/TEXTURE_814DCC3DC72143F49509781513CB9855_G8_AAFA7F9547F98CD68B10D18356196669_0__C24E2AB56619414328F387BC65AE470D9D756F30.udd" 795
"/Users/MacProTwo/Library/Application Support/Epic/UnrealEngine/Common/DerivedDataCache/1/1/9/TEXTURE_814DCC3DC72143F49509781513CB9855_G8_AAFA7F9547F98CD68B10D18356196669_0__1FA1B3A35F181EB9D4AD6B2205BCEB2B4AA01B63.udd" 796
"../../../Engine/Content/EditorResources/EmptyActor.uasset" 797
"/Users/MacProTwo/Library/Application Support/Epic/UnrealEngine/Common/DerivedDataCache/2/4/7/TEXTURE_814DCC3DC72143F49509781513CB9855_RGBA8_B7AD00F8477B5B2C5777A6844C0A996__90F9BCD734CA3401F74AECF7BC713E698E41BD45.udd" 798
"/Users/MacProTwo/Library/Application Support/Epic/UnrealEngine/Common/DerivedDataCache/5/1/5/TEXTURE_814DCC3DC72143F49509781513CB9855_RGBA8_B7AD00F8477B5B2C5777A6844C0A996__0B80D842170E8BDA7FB90B9891DE24039D1E0D48.udd" 799
"../../../Engine/Content/MobileResources/HUD/MobileHUDDirectionPad2.uasset" 800
"../../../Engine/Content/MobileResources/HUD/MobileHUDDirectionStick.uasset" 801
"../../../Engine/Content/MobileResources/HUD/MobileHUDButtonFire.uasset" 802
"../../../Engine/Content/MobileResources/HUD/MobileHUDButton1_off.uasset" 803
"../../../Engine/Content/Maps/Entry.umap" 804
"../../../Engine/Content/EngineMaterials/DefaultNormal.uasset" 805
"../../../Engine/Content/MobileResources/HUD/MobileHUDDirectionPad.uasset" 806
"../../../Engine/Content/MobileResources/HUD/MobileHUDDirectionPad3.uasset" 807
"../../../Engine/Content/MobileResources/HUD/T_Castle_ThumbstickInner.uasset" 808
"../../../Engine/Content/MobileResources/T_MobileControls_texture.uasset" 809
"../../../Engine/Content/MobileResources/HUD/MobileHUDButton1_on.uasset" 810
"../../../Engine/Content/MobileResources/T_MobileMenu2.uasset" 811
"../../../Engine/Content/MobileResources/HUD/MobileHUDButton2_on.uasset" 812
"/Users/MacProTwo/Library/Application Support/Epic/UnrealEngine/Common/DerivedDataCache/3/2/3/AUDIO_0002_0000_OGG_0001_E5ED6A9142512078DB7A78BD9FE6DA0C.udd" 813
"../../../Engine/Content/Internationalization/icudt53l/zoneinfo64.res" 814
"../../../Engine/Content/Internationalization/icudt53l/keyTypeData.res" 815
"../../../Engine/Content/Internationalization/icudt53l/timezoneTypes.res" 816
"../../../Engine/Content/Internationalization/icudt53l/supplementalData.res" 817
"../../../Engine/Content/Internationalization/icudt53l/likelySubtags.res" 818
