Log file open, 07/06/16 12:46:40
LogInit:Display: Running engine for game: InternPurg_1
LogPlatformFile: Not using cached read wrapper
LogInit:Display: RandInit(1052149088) SRandInit(1052149091).
LogTaskGraph: Started task graph with 4 named threads and 7 total threads with 1 sets of task threads.
LogStats: Stats thread started at 56.299204
LogHMD: Can't find Oculus library dev build: is proper Runtime installed? Version: 1.3.2
LogInit: Version: 4.12.4-3028348+++UE4+Release-4.12
LogInit: API Version: 2992821
LogInit: Net Version: 3028348
LogDevObjectVersion: Number of dev versions registered: 13
LogDevObjectVersion:   Dev-Blueprints (B0D832E4-1F89-4F0D-ACCF-7EB736FD4AA2): 3
LogDevObjectVersion:   Dev-Build (E1C64328-A22C-4D53-A36C-8E866417BD8C): 0
LogDevObjectVersion:   Dev-Core (375EC13C-06E4-48FB-B500-84F0262A717E): 1
LogDevObjectVersion:   Dev-Editor (E4B068ED-F494-42E9-A231-DA0B2E46BB41): 2
LogDevObjectVersion:   Dev-Framework (CFFC743F-43B0-4480-9391-14DF171D2073): 6
LogDevObjectVersion:   Dev-Mobile (B02B49B5-BB20-44E9-A304-32B752E40360): 0
LogDevObjectVersion:   Dev-Networking (A4E4105C-59A1-49B5-A7C5-40C4547EDFEE): 0
LogDevObjectVersion:   Dev-Online (39C831C9-5AE6-47DC-9A44-9C173E1C8E7C): 0
LogDevObjectVersion:   Dev-Physics (78F01B33-EBEA-4F98-B9B4-84EACCB95AA2): 0
LogDevObjectVersion:   Dev-Platform (6631380F-2D4D-43E0-8009-CF276956A95A): 0
LogDevObjectVersion:   Dev-Rendering (12F88B9F-8875-4AFC-A67C-D90C383ABD29): 2
LogDevObjectVersion:   Dev-Sequencer (7B5AE74C-D270-4C10-A958-57980B212A5A): 0
LogDevObjectVersion:   Dev-VR (D7296918-1DD6-4BDD-9DE2-64A83CC13884): 0
LogInit: Compiled (64-bit): Jun 27 2016 09:29:04
LogInit: Compiled with Visual C++: 19.00.23026.00
LogInit: Build Configuration: Development
LogInit: Branch Name: ++UE4+Release-4.12
LogInit: Command line:  
LogInit: Base directory: C:/Program Files (x86)/Epic Games/4.12/Engine/Binaries/Win64/
LogInit: Installed Engine Build: 1
LogInit: Using libcurl 7.41.0
LogInit:  - built for x86_64-pc-win32
LogInit:  - supports SSL with WinSSL
LogInit:  - other features:
LogInit:      CURL_VERSION_SSL
LogInit:      CURL_VERSION_IPV6
LogInit:      CURL_VERSION_ASYNCHDNS
LogInit:      CURL_VERSION_LARGEFILE
LogInit:      CURL_VERSION_IDN
LogInit:  CurlRequestOptions (configurable via config and command line):
LogInit:  - bVerifyPeer = true  - Libcurl will verify peer certificate
LogInit:  - bUseHttpProxy = false  - Libcurl will NOT use HTTP proxy
LogInit:  - bDontReuseConnections = false  - Libcurl will reuse connections
LogInit:  - CertBundlePath = nullptr  - Libcurl will use whatever was configured at build time.
LogInit: Presizing for max 8388607 objects, including 0 objects not considered by GC, pre-allocating 0 bytes for permanent pool.
LogInit: Object subsystem initialized
[2016.07.06-16.46.44:342][  0]LogInit: Selected Device Profile: [Windows]
[2016.07.06-16.46.44:342][  0]LogInit: Applying CVar settings loaded from the selected device profile: [Windows]
[2016.07.06-16.46.44:736][  0]LogInit: Computer: HAPTIC
[2016.07.06-16.46.44:736][  0]LogInit: User: ToughGuyMountain
[2016.07.06-16.46.44:736][  0]LogInit: CPU Page size=65536, Cores=4
[2016.07.06-16.46.44:736][  0]LogInit: High frequency timer resolution =3.331240 MHz
[2016.07.06-16.46.44:769][  0]LogMemory: Memory total: Physical=16.0GB (16GB approx)
[2016.07.06-16.46.44:769][  0]LogMemory: Platform Memory Stats for Windows
[2016.07.06-16.46.44:769][  0]LogMemory: Process Physical Memory: 191.10 MB used, 191.10 MB peak
[2016.07.06-16.46.44:769][  0]LogMemory: Process Virtual Memory: 197.00 MB used, 197.00 MB peak
[2016.07.06-16.46.44:769][  0]LogMemory: Physical Memory: 3296.46 MB used, 16364.34 MB total
[2016.07.06-16.46.44:769][  0]LogMemory: Virtual Memory: 518.70 MB used, 8388608.00 MB total
[2016.07.06-16.46.54:947][  0]LogTextLocalizationManager: No specific translations for ('en-CA') exist, so ('en') translations will be used.
[2016.07.06-16.47.01:679][  0]LogD3D11RHI: D3D11 adapters:
[2016.07.06-16.47.01:687][  0]LogD3D11RHI:    0. 'AMD Radeon R9 200 Series' (Feature Level 11_0)
[2016.07.06-16.47.01:687][  0]LogD3D11RHI:       4073/0/3840 MB DedicatedVideo/DedicatedSystem/SharedSystem, Outputs:1, VendorId:0x1002
[2016.07.06-16.47.01:712][  0]LogD3D11RHI: Chosen D3D11 Adapter: 0
[2016.07.06-16.47.01:762][  0]LogD3D11RHI: Creating new Direct3DDevice
[2016.07.06-16.47.01:762][  0]LogD3D11RHI:     GPU DeviceId: 0x67b1 (for the marketing name, search the web for "GPU Device Id")
[2016.07.06-16.47.01:776][  0]LogWindows: EnumDisplayDevices:
[2016.07.06-16.47.01:777][  0]LogWindows:    0. 'AMD Radeon R9 200 Series' (P:1 D:1)
[2016.07.06-16.47.01:777][  0]LogWindows:    1. 'AMD Radeon R9 200 Series' (P:0 D:0)
[2016.07.06-16.47.01:777][  0]LogWindows:    2. 'AMD Radeon R9 200 Series' (P:0 D:0)
[2016.07.06-16.47.01:778][  0]LogWindows:    3. 'AMD Radeon R9 200 Series' (P:0 D:0)
[2016.07.06-16.47.01:778][  0]LogWindows:    4. 'AMD Radeon R9 200 Series' (P:0 D:0)
[2016.07.06-16.47.01:779][  0]LogWindows:    5. 'AMD Radeon R9 200 Series' (P:0 D:0)
[2016.07.06-16.47.01:779][  0]LogWindows:    6. 'RDPDD Chained DD' (P:0 D:0)
[2016.07.06-16.47.01:779][  0]LogWindows:    7. 'RDP Encoder Mirror Driver' (P:0 D:0)
[2016.07.06-16.47.01:779][  0]LogWindows:    8. 'RDP Reflector Display Driver' (P:0 D:0)
[2016.07.06-16.47.01:779][  0]LogWindows: DebugString: GetVideoDriverDetailsInvalid PrimaryIsNotTheChoosenAdapter GetVideoDriverDetailsInvalid PrimaryIsNotTheChoosenAdapter GetVideoDriverDetailsInvalid PrimaryIsNotTheChoosenAdapter FoundDriverCount:6 
[2016.07.06-16.47.01:779][  0]LogD3D11RHI:     Adapter Name: AMD Radeon R9 200 Series
[2016.07.06-16.47.01:779][  0]LogD3D11RHI:   Driver Version: Crimson 16.1 (internal:15.301.1201.0, unified:15.301.1201.0)
[2016.07.06-16.47.01:779][  0]LogD3D11RHI:      Driver Date: 12-23-2015
[2016.07.06-16.47.01:779][  0]LogRHI: Texture pool is 1361 MB (70% of 1945 MB)
[2016.07.06-16.47.01:784][  0]LogD3D11RHI: Async texture creation disabled: no driver support
[2016.07.06-16.47.03:284][  0]LogD3D11RHI: GPU Timing Frequency: 27.000000 (Debug: 2 1)
[2016.07.06-16.47.03:837][  0]LogShaderCompilers: Guid format shader working directory is 23 characters bigger than the processId version (G:/internPurg/InternPurg_1/Intermediate/Shaders/WorkingDirectory/5492/).
[2016.07.06-16.47.03:837][  0]LogShaderCompilers: Cleaned the shader compiler working directory 'C:/Users/TOUGHG~1/AppData/Local/Temp/UnrealShaderWorkingDir/32B6499E4EA3EDDEE1B421B027D03C10/'.
[2016.07.06-16.47.03:885][  0]LogShaderCompilers:Display: Using Local Shader Compiler.
[2016.07.06-16.48.00:801][  0]LogTemp:Display: Loaded TP AllDesktopTargetPlatform
[2016.07.06-16.48.00:814][  0]LogTemp:Display: Loaded TP WindowsClientTargetPlatform
[2016.07.06-16.48.00:826][  0]LogTemp:Display: Loaded TP WindowsNoEditorTargetPlatform
[2016.07.06-16.48.00:835][  0]LogTemp:Display: Loaded TP WindowsServerTargetPlatform
[2016.07.06-16.48.00:845][  0]LogTemp:Display: Loaded TP WindowsTargetPlatform
[2016.07.06-16.48.00:895][  0]LogTemp:Display: Loaded TP AndroidTargetPlatform
[2016.07.06-16.48.00:935][  0]LogTemp:Display: Loaded TP Android_ASTCTargetPlatform
[2016.07.06-16.48.00:967][  0]LogTemp:Display: Loaded TP Android_ATCTargetPlatform
[2016.07.06-16.48.01:010][  0]LogTemp:Display: Loaded TP Android_DXTTargetPlatform
[2016.07.06-16.48.01:049][  0]LogTemp:Display: Loaded TP Android_ETC1TargetPlatform
[2016.07.06-16.48.01:085][  0]LogTemp:Display: Loaded TP Android_ETC2TargetPlatform
[2016.07.06-16.48.01:163][  0]LogTemp:Display: Loaded TP Android_MultiTargetPlatform
[2016.07.06-16.48.01:163][  0]LogTemp:Display: Loaded TP Android_PVRTCTargetPlatform
[2016.07.06-16.48.01:163][  0]LogTemp:Display: Loaded TP HTML5TargetPlatform
[2016.07.06-16.48.01:605][  0]LogTemp:Display: Loaded TP IOSTargetPlatform
[2016.07.06-16.48.01:612][  0]LogTemp:Display: Loaded TP TVOSTargetPlatform
[2016.07.06-16.48.01:649][  0]LogTemp:Display: Loaded TP LinuxNoEditorTargetPlatform
[2016.07.06-16.48.01:668][  0]LogTemp:Display: Loaded TP LinuxServerTargetPlatform
[2016.07.06-16.48.01:740][  0]LogTemp:Display: Loaded TP LinuxTargetPlatform
[2016.07.06-16.48.01:740][  0]LogTargetPlatformManager:Display: Building Assets For Windows
[2016.07.06-16.48.06:239][  0]LogDerivedDataCache:Display: Max Cache Size: 512 MB
[2016.07.06-16.48.14:300][  0]LogDerivedDataCache: Loaded boot cache 8.01s 48MB C:/Users/Tough Guy Mountain/AppData/Local/UnrealEngine/4.12/DerivedDataCache/Boot.ddc.
[2016.07.06-16.48.14:300][  0]LogDerivedDataCache:Display: Loaded Boot cache: C:/Users/Tough Guy Mountain/AppData/Local/UnrealEngine/4.12/DerivedDataCache/Boot.ddc
[2016.07.06-16.48.14:300][  0]LogDerivedDataCache: FDerivedDataBackendGraph:  Pak pak cache file G:/internPurg/InternPurg_1/DerivedDataCache/DDC.ddp not found, will not use a pak cache.
[2016.07.06-16.48.14:300][  0]LogDerivedDataCache: Unable to find inner node Pak for hierarchical cache Hierarchy.
[2016.07.06-16.48.14:300][  0]LogDerivedDataCache: FDerivedDataBackendGraph:  CompressedPak pak cache file G:/internPurg/InternPurg_1/DerivedDataCache/Compressed.ddp not found, will not use a pak cache.
[2016.07.06-16.48.14:300][  0]LogDerivedDataCache: Unable to find inner node CompressedPak for hierarchical cache Hierarchy.
[2016.07.06-16.48.14:611][  0]LogDerivedDataCache:Display: Pak cache opened for reading ../../../Engine/DerivedDataCache/Compressed.ddp.
[2016.07.06-16.48.14:653][  0]LogDerivedDataCache: Using Local data cache path C:/Users/Tough Guy Mountain/AppData/Local/UnrealEngine/Common/DerivedDataCache: Writable
[2016.07.06-16.49.18:595][  0]LogInit: Selected Device Profile: [Windows]
[2016.07.06-16.49.19:088][  0]LogContentStreaming: Texture pool size is 0.00 MB
[2016.07.06-16.49.24:020][  0]LogMeshUtilities: No automatic mesh reduction module available
[2016.07.06-16.49.24:020][  0]LogMeshUtilities: No automatic mesh merging module available
[2016.07.06-16.49.24:020][  0]LogMeshUtilities: No distributed automatic mesh merging module available
[2016.07.06-16.49.29:235][  0]LogAssetRegistry: FAssetRegistry took 0.0223 seconds to start up
[2016.07.06-16.49.30:280][  0]LogPackageLocalizationCache: Processed 3 localized package path(s) for 2 prioritized culture(s) in 0.817629 seconds
[2016.07.06-16.49.30:375][  0]LogUObjectArray: 28739 objects as part of root set at end of initial load.
[2016.07.06-16.49.30:375][  0]LogUObjectAllocator: 5855632 out of 0 bytes used by permanent object pool.
[2016.07.06-16.49.30:375][  0]LogUObjectArray: CloseDisregardForGC: 0/0 objects in disregard for GC pool
[2016.07.06-16.49.38:974][  0]LogInit: WinSock: version 1.1 (2.2), MaxSocks=32767, MaxUdp=65467
[2016.07.06-16.50.04:065][  0]LogSlate: SlateFontCache - WITH_FREETYPE: 1, WITH_HARFBUZZ: 1
[2016.07.06-16.50.04:065][  0]LogSlate: SlateFontCache - WITH_FREETYPE: 1, WITH_HARFBUZZ: 1
[2016.07.06-16.51.32:555][  0]LogUdpMessaging: Initializing bridge on interface 0.0.0.0:0 to multicast group 230.0.0.1:6666.
[2016.07.06-16.51.37:645][  0]SourceControl: Info Source control is disabled
[2016.07.06-16.51.38:656][  0]SourceControl: Info Source control is disabled
[2016.07.06-16.51.38:923][  0]SourceControl: Info Source control is disabled
[2016.07.06-16.51.39:048][  0]SourceControl: Info Source control is disabled
[2016.07.06-16.51.43:744][  0]LogEngine: Initializing Engine...
[2016.07.06-16.51.46:424][  0]LogHMD: SteamVR failed to initialize.  Err: 108
[2016.07.06-16.51.46:636][  0]LogHMD: SteamVR failed to initialize.  Err: 108
[2016.07.06-16.51.48:855][  0]LogAIModule: Creating AISystem for world NewWorld
[2016.07.06-16.51.49:694][  0]LogInit: XAudio2 using 'Realtek Digital Output (Realtek High Definition Audio)' : 2 channels at 48 kHz using 16 bits per sample (channel mask 0x3)
[2016.07.06-16.52.22:300][  0]LogInit: FAudioDevice initialized.
[2016.07.06-16.52.22:323][  0]LogDerivedDataCache: Saved boot cache 0.02s 48MB C:/Users/Tough Guy Mountain/AppData/Local/UnrealEngine/4.12/DerivedDataCache/Boot.ddc.
[2016.07.06-16.52.22:331][  0]LogInit: Texture streaming: Enabled
[2016.07.06-16.52.23:196][  0]LogInit: Transaction tracking system initialized
[2016.07.06-16.52.25:904][  0]BlueprintLog: New page: Editor Load
[2016.07.06-16.52.31:738][  0]LocalizationService: Info Localization service is disabled
[2016.07.06-16.52.34:702][  0]LogConsoleResponse:Display: 
[2016.07.06-16.52.41:735][  0]LogFileCache: Scanning file cache for directory 'G:/internPurg/InternPurg_1/Content/' took 0.05s
[2016.07.06-16.52.41:735][  0]LogCook:Display: Max memory allowance for cook 8192mb
[2016.07.06-16.52.41:735][  0]LogCook:Display: Mobile HDR setting 1
[2016.07.06-16.52.50:102][  0]SourceControl: Info Source control is disabled
[2016.07.06-16.52.50:390][  0]Cmd: MAP LOAD FILE="../../../Engine/Content/Maps/Templates/Template_Default.umap" TEMPLATE=1 SHOWPROGRESS=1 FEATURELEVEL=3
[2016.07.06-16.52.50:458][  0]LightingResults: New page: Lighting Build
[2016.07.06-16.52.50:928][  0]MapCheck: New page: Map Check
[2016.07.06-16.52.50:928][  0]LightingResults: New page: Lighting Build
[2016.07.06-16.52.56:642][  0]LogAIModule: Creating AISystem for world Untitled_1
[2016.07.06-16.52.59:033][  0]LogEditorServer: Finished looking for orphan Actors (0.000 secs)
[2016.07.06-16.52.59:405][  0]Cmd: MAP CHECKDEP NOCLEARLOG
[2016.07.06-16.52.59:513][  0]MapCheck: Info Map check complete: 0 Error(s), 0 Warning(s), took 107.341ms to complete.
[2016.07.06-16.52.59:513][  0]LogFileHelpers: Loading map 'Template_Default' took 9.350
[2016.07.06-16.53.09:615][  0]LogCollectionManager: Loaded 0 collections in 0.017711 seconds
[2016.07.06-16.53.12:705][  0]LogFileCache: Scanning file cache for directory 'G:/internPurg/InternPurg_1/Saved/Collections/' took 0.01s
[2016.07.06-16.53.12:706][  0]LogFileCache: Scanning file cache for directory 'G:/internPurg/InternPurg_1/Content/Developers/ToughGuyMountain/Collections/' took 0.01s
[2016.07.06-16.53.12:706][  0]LogFileCache: Scanning file cache for directory 'G:/internPurg/InternPurg_1/Content/Collections/' took 0.01s
[2016.07.06-16.53.12:706][  0]LogCollectionManager: Rebuilt the GUID cache for 0 collections in 0.000003 seconds
[2016.07.06-16.53.13:068][  0]LogContentBrowser: Native class hierarchy populated in 0.0514 seconds. Added 2047 classes and 369 folders.
[2016.07.06-16.53.13:413][  0]LogStats: UGameplayTagsManager::ConstructGameplayTagTree: Construct from data asset -  0.000 s
[2016.07.06-16.53.13:413][  0]LogStats: UGameplayTagsManager::ConstructGameplayTagTree: GameplayTagTreeChangedEvent.Broadcast -  0.000 s
[2016.07.06-16.53.13:413][  0]LogContentBrowser: Native class hierarchy updated for 'GameplayTags' in 0.0004 seconds. Added 12 classes and 0 folders.
[2016.07.06-16.53.13:721][  0]LogContentBrowser: Native class hierarchy updated for 'WidgetCarousel' in 0.0004 seconds. Added 0 classes and 0 folders.
[2016.07.06-16.53.28:919][  0]LogContentBrowser: Native class hierarchy updated for 'AddContentDialog' in 0.0006 seconds. Added 0 classes and 0 folders.
[2016.07.06-16.53.29:902][  0]LogContentBrowser: Native class hierarchy updated for 'SceneOutliner' in 0.0004 seconds. Added 1 classes and 2 folders.
[2016.07.06-16.53.35:768][  0]LogCrashTracker: Crashtracker disabled due to settings.
[2016.07.06-16.53.42:043][  0]LogUObjectGlobals:Warning: Failed to find object 'Class None.'
[2016.07.06-16.53.42:514][  0]LogContentBrowser: Native class hierarchy updated for 'HierarchicalLODOutliner' in 0.0004 seconds. Added 1 classes and 2 folders.
[2016.07.06-16.53.42:514][  0]LogLoad: Full Startup: 518.00 seconds (BP compile: 0.77 seconds)
[2016.07.06-16.53.42:514][  0]LogExternalProfiler: No external profilers were discovered.  External profiling features will not be available.
[2016.07.06-16.53.42:955][  0]LogOcInput: OculusInput pre-init called
[2016.07.06-16.53.42:955][  0]LogOcInput: Can't find Oculus library dev build: is proper Runtime installed? Version: 1.3.2
[2016.07.06-16.53.44:210][  0]LogContentStreaming: Texture pool size now 1000 MB
[2016.07.06-16.53.50:558][  0]LogRenderer: Reallocating scene render targets to support 1208x576 (Frame:2).
[2016.07.06-16.53.53:426][  2]LogAssetRegistry: Asset discovery search completed in 264.2070 seconds
[2016.07.06-16.53.53:445][  2]LogCollectionManager: Rebuilt the object cache for 0 collections in 0.000002 seconds (found 0 objects)
[2016.07.06-16.53.53:445][  2]LogCollectionManager: Fixed up redirectors for 0 collections in 0.018422 seconds (updated 0 objects)
[2016.07.06-16.55.13:721][429]LogAIModule: Creating AISystem for world testLevel1
[2016.07.06-16.55.14:007][429]Cmd: MAP LOAD FILE="G:/internPurg/InternPurg_1/Content/Levels/testLevel1.umap" TEMPLATE=0 SHOWPROGRESS=1 FEATURELEVEL=3
[2016.07.06-16.55.14:008][429]LightingResults: New page: Lighting Build
[2016.07.06-16.55.14:009][429]LoadErrors: New page: Loading map: testLevel1.umap
[2016.07.06-16.55.14:064][429]MapCheck: New page: Map Check
[2016.07.06-16.55.14:064][429]LightingResults: New page: Lighting Build
[2016.07.06-16.55.14:236][429]LogEditorServer: Finished looking for orphan Actors (0.000 secs)
[2016.07.06-16.55.14:269][429]Cmd: MAP CHECKDEP NOCLEARLOG
[2016.07.06-16.55.14:310][429]MapCheck: Info Map check complete: 0 Error(s), 0 Warning(s), took 41.165ms to complete.
[2016.07.06-16.55.14:310][429]LogFileHelpers: Loading map 'testLevel1' took 0.340
[2016.07.06-16.55.23:457][485]LogBlueprintUserMessages: Early PlayInEditor Detection: Level '/Game/Levels/testLevel1.testLevel1:PersistentLevel' has LevelScriptBlueprint '/Game/Levels/testLevel1.testLevel1:PersistentLevel.testLevel1' with GeneratedClass '/Game/Levels/testLevel1.testLevel1_C' with ClassGeneratedBy '/Game/Levels/testLevel1.testLevel1:PersistentLevel.testLevel1'
[2016.07.06-16.55.23:486][485]LogPlayLevel: PlayLevel: No blueprints needed recompiling
[2016.07.06-16.55.23:546][485]PIE: New page: PIE session: testLevel1 (Jul 6, 2016, 7:55:23 AM)
[2016.07.06-16.55.23:547][485]LogPlayLevel: Creating play world package: /Game/Levels/UEDPIE_0_testLevel1
[2016.07.06-16.55.23:549][485]LogPlayLevel: PIE: StaticDuplicateObject took: (0.002502s)
[2016.07.06-16.55.23:550][485]LogAIModule: Creating AISystem for world testLevel1
[2016.07.06-16.55.23:550][485]LogPlayLevel: PIE: World Init took: (0.000601s)
[2016.07.06-16.55.23:550][485]LogPlayLevel: PIE: Created PIE world by copying editor world from /Game/Levels/testLevel1.testLevel1 to /Game/Levels/UEDPIE_0_testLevel1.testLevel1 (0.003315s)
[2016.07.06-16.55.23:560][485]LogInit: XAudio2 using 'Realtek Digital Output (Realtek High Definition Audio)' : 2 channels at 48 kHz using 16 bits per sample (channel mask 0x3)
[2016.07.06-16.55.23:567][485]LogInit: FAudioDevice initialized.
[2016.07.06-16.55.23:735][485]LogWorld: Game class is 'GameMode'
[2016.07.06-16.55.23:803][485]LogWorld: Bringing World /Game/Levels/UEDPIE_0_testLevel1.testLevel1 up for play (max tick rate 0) at 2016.07.06-12.55.23
[2016.07.06-16.55.23:877][485]LogWorld: Bringing up level for play took: 0.074944
[2016.07.06-16.55.24:086][485]LogContentBrowser: Native class hierarchy updated for 'MovieSceneCapture' in 0.0004 seconds. Added 11 classes and 0 folders.
[2016.07.06-16.55.24:250][485]PIE: Info Play in editor start time for /Game/Levels/UEDPIE_0_testLevel1 -0.172
[2016.07.06-16.55.24:250][485]LogBlueprintUserMessages: Late PlayInEditor Detection: Level '/Game/Levels/testLevel1.testLevel1:PersistentLevel' has LevelScriptBlueprint '/Game/Levels/testLevel1.testLevel1:PersistentLevel.testLevel1' with GeneratedClass '/Game/Levels/testLevel1.testLevel1_C' with ClassGeneratedBy '/Game/Levels/testLevel1.testLevel1:PersistentLevel.testLevel1'
[2016.07.06-16.55.28:485][905]Set new viewmode: Wireframe
[2016.07.06-16.55.29:693][ 50]Set new viewmode: Wireframe
[2016.07.06-16.55.30:385][133]Set new viewmode: Unlit
[2016.07.06-16.55.31:726][294]Set new viewmode: Lit
[2016.07.06-16.55.40:866][224]Cmd: CAMERA ALIGN ACTIVEVIEWPORTONLY
[2016.07.06-16.55.40:866][224]Can't find target actor or component.
[2016.07.06-16.55.41:305][266]Cmd: CAMERA ALIGN ACTIVEVIEWPORTONLY
[2016.07.06-16.55.41:305][266]Can't find target actor or component.
[2016.07.06-16.55.43:530][439]LogEditorViewport: Clicking on Actor (LMB): BP_Sky_Sphere_C (BP_Sky_Sphere)
[2016.07.06-16.55.48:136][440]LogEditorViewport: Clicking on Actor (context menu): BP_Sky_Sphere_C (BP_Sky_Sphere)
[2016.07.06-16.55.48:354][440]LogEditorViewport: Clicking on Actor (context menu): BP_Sky_Sphere_C (BP_Sky_Sphere)
[2016.07.06-16.55.48:390][440]LogEditorViewport: Clicking on Actor (context menu): CUBICLE_C (CUBICLE)
[2016.07.06-16.55.48:433][440]LogEditorViewport: Clicking on Actor (LMB): BP_Sky_Sphere_C (BP_Sky_Sphere)
[2016.07.06-16.55.48:452][440]LogEditorViewport: Clicking on Component (LMB): StaticMeshComponent (Sky Sphere mesh)
[2016.07.06-16.55.49:006][440]LogEditorViewport: Clicking on Component (context menu): StaticMeshComponent (Sky Sphere mesh)
[2016.07.06-16.55.57:495][283]LogScriptCore:Warning: Attempted to get an item from array contents out of bounds [4/3]!

[2016.07.06-16.55.57:495][283]LogScript:Warning: UGameplayStatics::BeginSpawningActorFromClass: can not spawn an actor from a NULL class
[2016.07.06-16.55.57:495][283]LogScript:Warning: Accessed None trying to read property CallFunc_FinishSpawningActor_ReturnValue
	CUBICLE_C /Game/Levels/UEDPIE_0_testLevel1.testLevel1:PersistentLevel.CUBICLE_C_0
	Function /Game/blueprints/CUBICLE.CUBICLE_C:ExecuteUbergraph_CUBICLE:001A
[2016.07.06-16.55.57:496][283]PIE:Error: Error Blueprint Runtime Error: Accessed None trying to read property CallFunc_FinishSpawningActor_ReturnValue from function: 'ExecuteUbergraph_CUBICLE' from node: AttachToActor in graph: EventGraph in object: CUBICLE with description: Accessed None trying to read property CallFunc_FinishSpawningActor_ReturnValue
[2016.07.06-16.55.57:496][283]LogScriptCore:Warning: Attempted to get an item from array contents out of bounds [4/3]!

[2016.07.06-16.55.57:496][283]LogScript:Warning: UGameplayStatics::BeginSpawningActorFromClass: can not spawn an actor from a NULL class
[2016.07.06-16.55.57:496][283]LogScript:Warning: Accessed None trying to read property CallFunc_FinishSpawningActor_ReturnValue
	CUBICLE_C /Game/Levels/UEDPIE_0_testLevel1.testLevel1:PersistentLevel.CUBICLE_C_0
	Function /Game/blueprints/CUBICLE.CUBICLE_C:ExecuteUbergraph_CUBICLE:001A
[2016.07.06-16.55.57:496][283]PIE:Error: Error Blueprint Runtime Error: Accessed None trying to read property CallFunc_FinishSpawningActor_ReturnValue from function: 'ExecuteUbergraph_CUBICLE' from node: AttachToActor in graph: EventGraph in object: CUBICLE with description: Accessed None trying to read property CallFunc_FinishSpawningActor_ReturnValue
[2016.07.06-16.55.57:705][308]LogScriptCore:Warning: Attempted to get an item from array contents out of bounds [4/3]!

[2016.07.06-16.55.57:705][308]LogScript:Warning: UGameplayStatics::BeginSpawningActorFromClass: can not spawn an actor from a NULL class
[2016.07.06-16.55.57:705][308]LogScript:Warning: Accessed None trying to read property CallFunc_FinishSpawningActor_ReturnValue
	CUBICLE_C /Game/Levels/UEDPIE_0_testLevel1.testLevel1:PersistentLevel.CUBICLE_C_1
	Function /Game/blueprints/CUBICLE.CUBICLE_C:ExecuteUbergraph_CUBICLE:001A
[2016.07.06-16.55.57:705][308]PIE:Error: Error Blueprint Runtime Error: Accessed None trying to read property CallFunc_FinishSpawningActor_ReturnValue from function: 'ExecuteUbergraph_CUBICLE' from node: AttachToActor in graph: EventGraph in object: CUBICLE with description: Accessed None trying to read property CallFunc_FinishSpawningActor_ReturnValue
[2016.07.06-16.55.58:317][381]LogScriptCore:Warning: Attempted to get an item from array contents out of bounds [4/3]!

[2016.07.06-16.55.58:317][381]LogScript:Warning: UGameplayStatics::BeginSpawningActorFromClass: can not spawn an actor from a NULL class
[2016.07.06-16.55.58:317][381]LogScript:Warning: Accessed None trying to read property CallFunc_FinishSpawningActor_ReturnValue
	CUBICLE_C /Game/Levels/UEDPIE_0_testLevel1.testLevel1:PersistentLevel.CUBICLE_C_3
	Function /Game/blueprints/CUBICLE.CUBICLE_C:ExecuteUbergraph_CUBICLE:001A
[2016.07.06-16.55.58:317][381]PIE:Error: Error Blueprint Runtime Error: Accessed None trying to read property CallFunc_FinishSpawningActor_ReturnValue from function: 'ExecuteUbergraph_CUBICLE' from node: AttachToActor in graph: EventGraph in object: CUBICLE with description: Accessed None trying to read property CallFunc_FinishSpawningActor_ReturnValue
[2016.07.06-16.55.58:317][381]LogScriptCore:Warning: Attempted to get an item from array contents out of bounds [4/3]!

[2016.07.06-16.55.58:317][381]LogScript:Warning: UGameplayStatics::BeginSpawningActorFromClass: can not spawn an actor from a NULL class
[2016.07.06-16.55.58:317][381]LogScript:Warning: Accessed None trying to read property CallFunc_FinishSpawningActor_ReturnValue
	CUBICLE_C /Game/Levels/UEDPIE_0_testLevel1.testLevel1:PersistentLevel.CUBICLE_C_3
	Function /Game/blueprints/CUBICLE.CUBICLE_C:ExecuteUbergraph_CUBICLE:001A
[2016.07.06-16.55.58:317][381]PIE:Error: Error Blueprint Runtime Error: Accessed None trying to read property CallFunc_FinishSpawningActor_ReturnValue from function: 'ExecuteUbergraph_CUBICLE' from node: AttachToActor in graph: EventGraph in object: CUBICLE with description: Accessed None trying to read property CallFunc_FinishSpawningActor_ReturnValue
[2016.07.06-16.55.58:520][405]LogScriptCore:Warning: Attempted to get an item from array contents out of bounds [4/3]!

[2016.07.06-16.55.58:520][405]LogScript:Warning: UGameplayStatics::BeginSpawningActorFromClass: can not spawn an actor from a NULL class
[2016.07.06-16.55.58:520][405]LogScript:Warning: Accessed None trying to read property CallFunc_FinishSpawningActor_ReturnValue
	CUBICLE_C /Game/Levels/UEDPIE_0_testLevel1.testLevel1:PersistentLevel.CUBICLE_C_4
	Function /Game/blueprints/CUBICLE.CUBICLE_C:ExecuteUbergraph_CUBICLE:001A
[2016.07.06-16.55.58:520][405]PIE:Error: Error Blueprint Runtime Error: Accessed None trying to read property CallFunc_FinishSpawningActor_ReturnValue from function: 'ExecuteUbergraph_CUBICLE' from node: AttachToActor in graph: EventGraph in object: CUBICLE with description: Accessed None trying to read property CallFunc_FinishSpawningActor_ReturnValue
[2016.07.06-16.55.58:911][452]LogScriptCore:Warning: Attempted to get an item from array contents out of bounds [4/3]!

[2016.07.06-16.55.58:911][452]LogScript:Warning: UGameplayStatics::BeginSpawningActorFromClass: can not spawn an actor from a NULL class
[2016.07.06-16.55.58:911][452]LogScript:Warning: Accessed None trying to read property CallFunc_FinishSpawningActor_ReturnValue
	CUBICLE_C /Game/Levels/UEDPIE_0_testLevel1.testLevel1:PersistentLevel.CUBICLE_C_5
	Function /Game/blueprints/CUBICLE.CUBICLE_C:ExecuteUbergraph_CUBICLE:001A
[2016.07.06-16.55.58:911][452]PIE:Error: Error Blueprint Runtime Error: Accessed None trying to read property CallFunc_FinishSpawningActor_ReturnValue from function: 'ExecuteUbergraph_CUBICLE' from node: AttachToActor in graph: EventGraph in object: CUBICLE with description: Accessed None trying to read property CallFunc_FinishSpawningActor_ReturnValue
[2016.07.06-16.55.59:386][509]LogScriptCore:Warning: Attempted to get an item from array contents out of bounds [4/3]!

[2016.07.06-16.55.59:386][509]LogScript:Warning: UGameplayStatics::BeginSpawningActorFromClass: can not spawn an actor from a NULL class
[2016.07.06-16.55.59:386][509]LogScript:Warning: Accessed None trying to read property CallFunc_FinishSpawningActor_ReturnValue
	CUBICLE_C /Game/Levels/UEDPIE_0_testLevel1.testLevel1:PersistentLevel.CUBICLE_C_7
	Function /Game/blueprints/CUBICLE.CUBICLE_C:ExecuteUbergraph_CUBICLE:001A
[2016.07.06-16.55.59:386][509]PIE:Error: Error Blueprint Runtime Error: Accessed None trying to read property CallFunc_FinishSpawningActor_ReturnValue from function: 'ExecuteUbergraph_CUBICLE' from node: AttachToActor in graph: EventGraph in object: CUBICLE with description: Accessed None trying to read property CallFunc_FinishSpawningActor_ReturnValue
[2016.07.06-16.55.59:598][534]LogScriptCore:Warning: Attempted to get an item from array contents out of bounds [4/3]!

[2016.07.06-16.55.59:598][534]LogScript:Warning: UGameplayStatics::BeginSpawningActorFromClass: can not spawn an actor from a NULL class
[2016.07.06-16.55.59:598][534]LogScript:Warning: Accessed None trying to read property CallFunc_FinishSpawningActor_ReturnValue
	CUBICLE_C /Game/Levels/UEDPIE_0_testLevel1.testLevel1:PersistentLevel.CUBICLE_C_8
	Function /Game/blueprints/CUBICLE.CUBICLE_C:ExecuteUbergraph_CUBICLE:001A
[2016.07.06-16.55.59:598][534]PIE:Error: Error Blueprint Runtime Error: Accessed None trying to read property CallFunc_FinishSpawningActor_ReturnValue from function: 'ExecuteUbergraph_CUBICLE' from node: AttachToActor in graph: EventGraph in object: CUBICLE with description: Accessed None trying to read property CallFunc_FinishSpawningActor_ReturnValue
[2016.07.06-16.56.00:040][587]LogScriptCore:Warning: Attempted to get an item from array contents out of bounds [4/3]!

[2016.07.06-16.56.00:040][587]LogScript:Warning: UGameplayStatics::BeginSpawningActorFromClass: can not spawn an actor from a NULL class
[2016.07.06-16.56.00:040][587]LogScript:Warning: Accessed None trying to read property CallFunc_FinishSpawningActor_ReturnValue
	CUBICLE_C /Game/Levels/UEDPIE_0_testLevel1.testLevel1:PersistentLevel.CUBICLE_C_10
	Function /Game/blueprints/CUBICLE.CUBICLE_C:ExecuteUbergraph_CUBICLE:001A
[2016.07.06-16.56.00:040][587]PIE:Error: Error Blueprint Runtime Error: Accessed None trying to read property CallFunc_FinishSpawningActor_ReturnValue from function: 'ExecuteUbergraph_CUBICLE' from node: AttachToActor in graph: EventGraph in object: CUBICLE with description: Accessed None trying to read property CallFunc_FinishSpawningActor_ReturnValue
[2016.07.06-16.56.25:529][926]LogBlueprintUserMessages: Early EndPlayMap Detection: Level '/Game/Levels/testLevel1.testLevel1:PersistentLevel' has LevelScriptBlueprint '/Game/Levels/testLevel1.testLevel1:PersistentLevel.testLevel1' with GeneratedClass '/Game/Levels/testLevel1.testLevel1_C' with ClassGeneratedBy '/Game/Levels/testLevel1.testLevel1:PersistentLevel.testLevel1'
[2016.07.06-16.56.25:729][926]LogBlueprintUserMessages: Late EndPlayMap Detection: Level '/Game/Levels/testLevel1.testLevel1:PersistentLevel' has LevelScriptBlueprint '/Game/Levels/testLevel1.testLevel1:PersistentLevel.testLevel1' with GeneratedClass '/Game/Levels/testLevel1.testLevel1_C' with ClassGeneratedBy '/Game/Levels/testLevel1.testLevel1:PersistentLevel.testLevel1'
[2016.07.06-16.56.34:810][467]LogContentBrowser: Native class hierarchy updated for 'BlueprintGraph' in 0.0008 seconds. Added 111 classes and 0 folders.
[2016.07.06-16.56.44:294][832]LogRenderer: Reallocating scene render targets to support 1208x712 (Frame:8934).
[2016.07.06-17.00.17:046][897]LogBlueprintUserMessages: Early PlayInEditor Detection: Level '/Game/Levels/testLevel1.testLevel1:PersistentLevel' has LevelScriptBlueprint '/Game/Levels/testLevel1.testLevel1:PersistentLevel.testLevel1' with GeneratedClass '/Game/Levels/testLevel1.testLevel1_C' with ClassGeneratedBy '/Game/Levels/testLevel1.testLevel1:PersistentLevel.testLevel1'
[2016.07.06-17.00.17:046][897]LogPlayLevel: PlayLevel: No blueprints needed recompiling
[2016.07.06-17.00.17:046][897]PIE: New page: PIE session: testLevel1 (Jul 6, 2016, 8:00:17 AM)
[2016.07.06-17.00.17:046][897]LogPlayLevel: Creating play world package: /Game/Levels/UEDPIE_0_testLevel1
[2016.07.06-17.00.17:049][897]LogPlayLevel: PIE: StaticDuplicateObject took: (0.002693s)
[2016.07.06-17.00.17:050][897]LogAIModule: Creating AISystem for world testLevel1
[2016.07.06-17.00.17:050][897]LogPlayLevel: PIE: World Init took: (0.000738s)
[2016.07.06-17.00.17:050][897]LogPlayLevel: PIE: Created PIE world by copying editor world from /Game/Levels/testLevel1.testLevel1 to /Game/Levels/UEDPIE_0_testLevel1.testLevel1 (0.003655s)
[2016.07.06-17.00.17:101][897]LogInit: XAudio2 using 'Realtek Digital Output (Realtek High Definition Audio)' : 2 channels at 48 kHz using 16 bits per sample (channel mask 0x3)
[2016.07.06-17.00.17:109][897]LogInit: FAudioDevice initialized.
[2016.07.06-17.00.17:157][897]LogWorld: Game class is 'GameMode'
[2016.07.06-17.00.17:159][897]LogWorld: Bringing World /Game/Levels/UEDPIE_0_testLevel1.testLevel1 up for play (max tick rate 0) at 2016.07.06-13.00.17
[2016.07.06-17.00.17:160][897]LogWorld: Bringing up level for play took: 0.001669
[2016.07.06-17.00.17:161][897]LogScriptCore:Warning: Attempted to get an item from array contents out of bounds [4/3]!

[2016.07.06-17.00.17:161][897]LogScript:Warning: UGameplayStatics::BeginSpawningActorFromClass: can not spawn an actor from a NULL class
[2016.07.06-17.00.17:161][897]LogScript:Warning: Accessed None trying to read property CallFunc_FinishSpawningActor_ReturnValue
	CUBICLE_C /Game/Levels/UEDPIE_0_testLevel1.testLevel1:PersistentLevel.CUBICLE_407
	Function /Game/blueprints/CUBICLE.CUBICLE_C:ExecuteUbergraph_CUBICLE:001A
[2016.07.06-17.00.17:161][897]PIE:Error: Error Blueprint Runtime Error: Accessed None trying to read property CallFunc_FinishSpawningActor_ReturnValue from function: 'ExecuteUbergraph_CUBICLE' from node: AttachToActor in graph: EventGraph in object: CUBICLE with description: Accessed None trying to read property CallFunc_FinishSpawningActor_ReturnValue
[2016.07.06-17.00.17:161][897]PIE: Info Play in editor start time for /Game/Levels/UEDPIE_0_testLevel1 -0.6
[2016.07.06-17.00.17:161][897]LogBlueprintUserMessages: Late PlayInEditor Detection: Level '/Game/Levels/testLevel1.testLevel1:PersistentLevel' has LevelScriptBlueprint '/Game/Levels/testLevel1.testLevel1:PersistentLevel.testLevel1' with GeneratedClass '/Game/Levels/testLevel1.testLevel1_C' with ClassGeneratedBy '/Game/Levels/testLevel1.testLevel1:PersistentLevel.testLevel1'
[2016.07.06-17.00.19:836][218]LogScriptCore:Warning: Attempted to get an item from array contents out of bounds [4/3]!

[2016.07.06-17.00.19:836][218]LogScript:Warning: UGameplayStatics::BeginSpawningActorFromClass: can not spawn an actor from a NULL class
[2016.07.06-17.00.19:836][218]LogScript:Warning: Accessed None trying to read property CallFunc_FinishSpawningActor_ReturnValue
	CUBICLE_C /Game/Levels/UEDPIE_0_testLevel1.testLevel1:PersistentLevel.CUBICLE_C_0
	Function /Game/blueprints/CUBICLE.CUBICLE_C:ExecuteUbergraph_CUBICLE:001A
[2016.07.06-17.00.19:836][218]PIE:Error: Error Blueprint Runtime Error: Accessed None trying to read property CallFunc_FinishSpawningActor_ReturnValue from function: 'ExecuteUbergraph_CUBICLE' from node: AttachToActor in graph: EventGraph in object: CUBICLE with description: Accessed None trying to read property CallFunc_FinishSpawningActor_ReturnValue
[2016.07.06-17.00.20:794][333]LogScriptCore:Warning: Attempted to get an item from array contents out of bounds [4/3]!

[2016.07.06-17.00.20:794][333]LogScript:Warning: UGameplayStatics::BeginSpawningActorFromClass: can not spawn an actor from a NULL class
[2016.07.06-17.00.20:794][333]LogScript:Warning: Accessed None trying to read property CallFunc_FinishSpawningActor_ReturnValue
	CUBICLE_C /Game/Levels/UEDPIE_0_testLevel1.testLevel1:PersistentLevel.CUBICLE_C_1
	Function /Game/blueprints/CUBICLE.CUBICLE_C:ExecuteUbergraph_CUBICLE:001A
[2016.07.06-17.00.20:794][333]PIE:Error: Error Blueprint Runtime Error: Accessed None trying to read property CallFunc_FinishSpawningActor_ReturnValue from function: 'ExecuteUbergraph_CUBICLE' from node: AttachToActor in graph: EventGraph in object: CUBICLE with description: Accessed None trying to read property CallFunc_FinishSpawningActor_ReturnValue
[2016.07.06-17.00.21:811][455]LogScriptCore:Warning: Attempted to get an item from array contents out of bounds [4/3]!

[2016.07.06-17.00.21:811][455]LogScript:Warning: UGameplayStatics::BeginSpawningActorFromClass: can not spawn an actor from a NULL class
[2016.07.06-17.00.21:811][455]LogScript:Warning: Accessed None trying to read property CallFunc_FinishSpawningActor_ReturnValue
	CUBICLE_C /Game/Levels/UEDPIE_0_testLevel1.testLevel1:PersistentLevel.CUBICLE_C_2
	Function /Game/blueprints/CUBICLE.CUBICLE_C:ExecuteUbergraph_CUBICLE:001A
[2016.07.06-17.00.21:811][455]PIE:Error: Error Blueprint Runtime Error: Accessed None trying to read property CallFunc_FinishSpawningActor_ReturnValue from function: 'ExecuteUbergraph_CUBICLE' from node: AttachToActor in graph: EventGraph in object: CUBICLE with description: Accessed None trying to read property CallFunc_FinishSpawningActor_ReturnValue
[2016.07.06-17.00.23:019][600]LogScriptCore:Warning: Attempted to get an item from array contents out of bounds [4/3]!

[2016.07.06-17.00.23:019][600]LogScript:Warning: UGameplayStatics::BeginSpawningActorFromClass: can not spawn an actor from a NULL class
[2016.07.06-17.00.23:019][600]LogScript:Warning: Accessed None trying to read property CallFunc_FinishSpawningActor_ReturnValue
	CUBICLE_C /Game/Levels/UEDPIE_0_testLevel1.testLevel1:PersistentLevel.CUBICLE_C_3
	Function /Game/blueprints/CUBICLE.CUBICLE_C:ExecuteUbergraph_CUBICLE:001A
[2016.07.06-17.00.23:019][600]PIE:Error: Error Blueprint Runtime Error: Accessed None trying to read property CallFunc_FinishSpawningActor_ReturnValue from function: 'ExecuteUbergraph_CUBICLE' from node: AttachToActor in graph: EventGraph in object: CUBICLE with description: Accessed None trying to read property CallFunc_FinishSpawningActor_ReturnValue
[2016.07.06-17.00.24:277][746]LogScriptCore:Warning: Attempted to get an item from array contents out of bounds [4/3]!

[2016.07.06-17.00.24:277][746]LogScript:Warning: UGameplayStatics::BeginSpawningActorFromClass: can not spawn an actor from a NULL class
[2016.07.06-17.00.24:277][746]LogScript:Warning: Accessed None trying to read property CallFunc_FinishSpawningActor_ReturnValue
	CUBICLE_C /Game/Levels/UEDPIE_0_testLevel1.testLevel1:PersistentLevel.CUBICLE_C_5
	Function /Game/blueprints/CUBICLE.CUBICLE_C:ExecuteUbergraph_CUBICLE:001A
[2016.07.06-17.00.24:277][746]PIE:Error: Error Blueprint Runtime Error: Accessed None trying to read property CallFunc_FinishSpawningActor_ReturnValue from function: 'ExecuteUbergraph_CUBICLE' from node: AttachToActor in graph: EventGraph in object: CUBICLE with description: Accessed None trying to read property CallFunc_FinishSpawningActor_ReturnValue
[2016.07.06-17.00.24:277][746]LogScriptCore:Warning: Attempted to get an item from array contents out of bounds [4/3]!

[2016.07.06-17.00.24:277][746]LogScript:Warning: UGameplayStatics::BeginSpawningActorFromClass: can not spawn an actor from a NULL class
[2016.07.06-17.00.24:277][746]LogScript:Warning: Accessed None trying to read property CallFunc_FinishSpawningActor_ReturnValue
	CUBICLE_C /Game/Levels/UEDPIE_0_testLevel1.testLevel1:PersistentLevel.CUBICLE_C_5
	Function /Game/blueprints/CUBICLE.CUBICLE_C:ExecuteUbergraph_CUBICLE:001A
[2016.07.06-17.00.24:277][746]PIE:Error: Error Blueprint Runtime Error: Accessed None trying to read property CallFunc_FinishSpawningActor_ReturnValue from function: 'ExecuteUbergraph_CUBICLE' from node: AttachToActor in graph: EventGraph in object: CUBICLE with description: Accessed None trying to read property CallFunc_FinishSpawningActor_ReturnValue
[2016.07.06-17.00.24:462][768]LogScriptCore:Warning: Attempted to get an item from array contents out of bounds [4/3]!

[2016.07.06-17.00.24:462][768]LogScript:Warning: UGameplayStatics::BeginSpawningActorFromClass: can not spawn an actor from a NULL class
[2016.07.06-17.00.24:462][768]LogScript:Warning: Accessed None trying to read property CallFunc_FinishSpawningActor_ReturnValue
	CUBICLE_C /Game/Levels/UEDPIE_0_testLevel1.testLevel1:PersistentLevel.CUBICLE_C_6
	Function /Game/blueprints/CUBICLE.CUBICLE_C:ExecuteUbergraph_CUBICLE:001A
[2016.07.06-17.00.24:462][768]PIE:Error: Error Blueprint Runtime Error: Accessed None trying to read property CallFunc_FinishSpawningActor_ReturnValue from function: 'ExecuteUbergraph_CUBICLE' from node: AttachToActor in graph: EventGraph in object: CUBICLE with description: Accessed None trying to read property CallFunc_FinishSpawningActor_ReturnValue
[2016.07.06-17.00.24:771][805]LogScriptCore:Warning: Attempted to get an item from array contents out of bounds [4/3]!

[2016.07.06-17.00.24:771][805]LogScript:Warning: UGameplayStatics::BeginSpawningActorFromClass: can not spawn an actor from a NULL class
[2016.07.06-17.00.24:771][805]LogScript:Warning: Accessed None trying to read property CallFunc_FinishSpawningActor_ReturnValue
	CUBICLE_C /Game/Levels/UEDPIE_0_testLevel1.testLevel1:PersistentLevel.CUBICLE_C_8
	Function /Game/blueprints/CUBICLE.CUBICLE_C:ExecuteUbergraph_CUBICLE:001A
[2016.07.06-17.00.24:771][805]PIE:Error: Error Blueprint Runtime Error: Accessed None trying to read property CallFunc_FinishSpawningActor_ReturnValue from function: 'ExecuteUbergraph_CUBICLE' from node: AttachToActor in graph: EventGraph in object: CUBICLE with description: Accessed None trying to read property CallFunc_FinishSpawningActor_ReturnValue
[2016.07.06-17.00.24:949][826]LogScriptCore:Warning: Attempted to get an item from array contents out of bounds [4/3]!

[2016.07.06-17.00.24:949][826]LogScript:Warning: UGameplayStatics::BeginSpawningActorFromClass: can not spawn an actor from a NULL class
[2016.07.06-17.00.24:949][826]LogScript:Warning: Accessed None trying to read property CallFunc_FinishSpawningActor_ReturnValue
	CUBICLE_C /Game/Levels/UEDPIE_0_testLevel1.testLevel1:PersistentLevel.CUBICLE_C_9
	Function /Game/blueprints/CUBICLE.CUBICLE_C:ExecuteUbergraph_CUBICLE:001A
[2016.07.06-17.00.24:950][826]PIE:Error: Error Blueprint Runtime Error: Accessed None trying to read property CallFunc_FinishSpawningActor_ReturnValue from function: 'ExecuteUbergraph_CUBICLE' from node: AttachToActor in graph: EventGraph in object: CUBICLE with description: Accessed None trying to read property CallFunc_FinishSpawningActor_ReturnValue
[2016.07.06-17.00.25:125][847]LogScriptCore:Warning: Attempted to get an item from array contents out of bounds [4/3]!

[2016.07.06-17.00.25:125][847]LogScript:Warning: UGameplayStatics::BeginSpawningActorFromClass: can not spawn an actor from a NULL class
[2016.07.06-17.00.25:125][847]LogScript:Warning: Accessed None trying to read property CallFunc_FinishSpawningActor_ReturnValue
	CUBICLE_C /Game/Levels/UEDPIE_0_testLevel1.testLevel1:PersistentLevel.CUBICLE_C_10
	Function /Game/blueprints/CUBICLE.CUBICLE_C:ExecuteUbergraph_CUBICLE:001A
[2016.07.06-17.00.25:125][847]PIE:Error: Error Blueprint Runtime Error: Accessed None trying to read property CallFunc_FinishSpawningActor_ReturnValue from function: 'ExecuteUbergraph_CUBICLE' from node: AttachToActor in graph: EventGraph in object: CUBICLE with description: Accessed None trying to read property CallFunc_FinishSpawningActor_ReturnValue
[2016.07.06-17.00.25:125][847]LogScriptCore:Warning: Attempted to get an item from array contents out of bounds [4/3]!

[2016.07.06-17.00.25:125][847]LogScript:Warning: UGameplayStatics::BeginSpawningActorFromClass: can not spawn an actor from a NULL class
[2016.07.06-17.00.25:125][847]LogScript:Warning: Accessed None trying to read property CallFunc_FinishSpawningActor_ReturnValue
	CUBICLE_C /Game/Levels/UEDPIE_0_testLevel1.testLevel1:PersistentLevel.CUBICLE_C_10
	Function /Game/blueprints/CUBICLE.CUBICLE_C:ExecuteUbergraph_CUBICLE:001A
[2016.07.06-17.00.25:125][847]PIE:Error: Error Blueprint Runtime Error: Accessed None trying to read property CallFunc_FinishSpawningActor_ReturnValue from function: 'ExecuteUbergraph_CUBICLE' from node: AttachToActor in graph: EventGraph in object: CUBICLE with description: Accessed None trying to read property CallFunc_FinishSpawningActor_ReturnValue
[2016.07.06-17.00.25:126][847]LogScriptCore:Warning: Attempted to get an item from array contents out of bounds [4/3]!

[2016.07.06-17.00.25:126][847]LogScript:Warning: UGameplayStatics::BeginSpawningActorFromClass: can not spawn an actor from a NULL class
[2016.07.06-17.00.25:126][847]LogScript:Warning: Accessed None trying to read property CallFunc_FinishSpawningActor_ReturnValue
	CUBICLE_C /Game/Levels/UEDPIE_0_testLevel1.testLevel1:PersistentLevel.CUBICLE_C_10
	Function /Game/blueprints/CUBICLE.CUBICLE_C:ExecuteUbergraph_CUBICLE:001A
[2016.07.06-17.00.25:126][847]PIE:Error: Error Blueprint Runtime Error: Accessed None trying to read property CallFunc_FinishSpawningActor_ReturnValue from function: 'ExecuteUbergraph_CUBICLE' from node: AttachToActor in graph: EventGraph in object: CUBICLE with description: Accessed None trying to read property CallFunc_FinishSpawningActor_ReturnValue
[2016.07.06-17.00.25:301][868]LogScriptCore:Warning: Attempted to get an item from array contents out of bounds [4/3]!

[2016.07.06-17.00.25:301][868]LogScript:Warning: UGameplayStatics::BeginSpawningActorFromClass: can not spawn an actor from a NULL class
[2016.07.06-17.00.25:301][868]LogScript:Warning: Accessed None trying to read property CallFunc_FinishSpawningActor_ReturnValue
	CUBICLE_C /Game/Levels/UEDPIE_0_testLevel1.testLevel1:PersistentLevel.CUBICLE_C_11
	Function /Game/blueprints/CUBICLE.CUBICLE_C:ExecuteUbergraph_CUBICLE:001A
[2016.07.06-17.00.25:301][868]PIE:Error: Error Blueprint Runtime Error: Accessed None trying to read property CallFunc_FinishSpawningActor_ReturnValue from function: 'ExecuteUbergraph_CUBICLE' from node: AttachToActor in graph: EventGraph in object: CUBICLE with description: Accessed None trying to read property CallFunc_FinishSpawningActor_ReturnValue
[2016.07.06-17.00.25:301][868]LogScriptCore:Warning: Attempted to get an item from array contents out of bounds [4/3]!

[2016.07.06-17.00.25:301][868]LogScript:Warning: UGameplayStatics::BeginSpawningActorFromClass: can not spawn an actor from a NULL class
[2016.07.06-17.00.25:301][868]LogScript:Warning: Accessed None trying to read property CallFunc_FinishSpawningActor_ReturnValue
	CUBICLE_C /Game/Levels/UEDPIE_0_testLevel1.testLevel1:PersistentLevel.CUBICLE_C_11
	Function /Game/blueprints/CUBICLE.CUBICLE_C:ExecuteUbergraph_CUBICLE:001A
[2016.07.06-17.00.25:301][868]PIE:Error: Error Blueprint Runtime Error: Accessed None trying to read property CallFunc_FinishSpawningActor_ReturnValue from function: 'ExecuteUbergraph_CUBICLE' from node: AttachToActor in graph: EventGraph in object: CUBICLE with description: Accessed None trying to read property CallFunc_FinishSpawningActor_ReturnValue
[2016.07.06-17.00.25:301][868]LogScriptCore:Warning: Attempted to get an item from array contents out of bounds [4/3]!

[2016.07.06-17.00.25:301][868]LogScript:Warning: UGameplayStatics::BeginSpawningActorFromClass: can not spawn an actor from a NULL class
[2016.07.06-17.00.25:301][868]LogScript:Warning: Accessed None trying to read property CallFunc_FinishSpawningActor_ReturnValue
	CUBICLE_C /Game/Levels/UEDPIE_0_testLevel1.testLevel1:PersistentLevel.CUBICLE_C_11
	Function /Game/blueprints/CUBICLE.CUBICLE_C:ExecuteUbergraph_CUBICLE:001A
[2016.07.06-17.00.25:301][868]PIE:Error: Error Blueprint Runtime Error: Accessed None trying to read property CallFunc_FinishSpawningActor_ReturnValue from function: 'ExecuteUbergraph_CUBICLE' from node: AttachToActor in graph: EventGraph in object: CUBICLE with description: Accessed None trying to read property CallFunc_FinishSpawningActor_ReturnValue
[2016.07.06-17.00.25:485][890]LogScriptCore:Warning: Attempted to get an item from array contents out of bounds [4/3]!

[2016.07.06-17.00.25:485][890]LogScript:Warning: UGameplayStatics::BeginSpawningActorFromClass: can not spawn an actor from a NULL class
[2016.07.06-17.00.25:485][890]LogScript:Warning: Accessed None trying to read property CallFunc_FinishSpawningActor_ReturnValue
	CUBICLE_C /Game/Levels/UEDPIE_0_testLevel1.testLevel1:PersistentLevel.CUBICLE_C_12
	Function /Game/blueprints/CUBICLE.CUBICLE_C:ExecuteUbergraph_CUBICLE:001A
[2016.07.06-17.00.25:485][890]PIE:Error: Error Blueprint Runtime Error: Accessed None trying to read property CallFunc_FinishSpawningActor_ReturnValue from function: 'ExecuteUbergraph_CUBICLE' from node: AttachToActor in graph: EventGraph in object: CUBICLE with description: Accessed None trying to read property CallFunc_FinishSpawningActor_ReturnValue
[2016.07.06-17.00.25:653][910]LogScriptCore:Warning: Attempted to get an item from array contents out of bounds [4/3]!

[2016.07.06-17.00.25:653][910]LogScript:Warning: UGameplayStatics::BeginSpawningActorFromClass: can not spawn an actor from a NULL class
[2016.07.06-17.00.25:653][910]LogScript:Warning: Accessed None trying to read property CallFunc_FinishSpawningActor_ReturnValue
	CUBICLE_C /Game/Levels/UEDPIE_0_testLevel1.testLevel1:PersistentLevel.CUBICLE_C_13
	Function /Game/blueprints/CUBICLE.CUBICLE_C:ExecuteUbergraph_CUBICLE:001A
[2016.07.06-17.00.25:654][910]PIE:Error: Error Blueprint Runtime Error: Accessed None trying to read property CallFunc_FinishSpawningActor_ReturnValue from function: 'ExecuteUbergraph_CUBICLE' from node: AttachToActor in graph: EventGraph in object: CUBICLE with description: Accessed None trying to read property CallFunc_FinishSpawningActor_ReturnValue
[2016.07.06-17.00.25:821][930]LogScriptCore:Warning: Attempted to get an item from array contents out of bounds [4/3]!

[2016.07.06-17.00.25:821][930]LogScript:Warning: UGameplayStatics::BeginSpawningActorFromClass: can not spawn an actor from a NULL class
[2016.07.06-17.00.25:821][930]LogScript:Warning: Accessed None trying to read property CallFunc_FinishSpawningActor_ReturnValue
	CUBICLE_C /Game/Levels/UEDPIE_0_testLevel1.testLevel1:PersistentLevel.CUBICLE_C_14
	Function /Game/blueprints/CUBICLE.CUBICLE_C:ExecuteUbergraph_CUBICLE:001A
[2016.07.06-17.00.25:822][930]PIE:Error: Error Blueprint Runtime Error: Accessed None trying to read property CallFunc_FinishSpawningActor_ReturnValue from function: 'ExecuteUbergraph_CUBICLE' from node: AttachToActor in graph: EventGraph in object: CUBICLE with description: Accessed None trying to read property CallFunc_FinishSpawningActor_ReturnValue
[2016.07.06-17.00.25:822][930]LogScriptCore:Warning: Attempted to get an item from array contents out of bounds [4/3]!

[2016.07.06-17.00.25:822][930]LogScript:Warning: UGameplayStatics::BeginSpawningActorFromClass: can not spawn an actor from a NULL class
[2016.07.06-17.00.25:822][930]LogScript:Warning: Accessed None trying to read property CallFunc_FinishSpawningActor_ReturnValue
	CUBICLE_C /Game/Levels/UEDPIE_0_testLevel1.testLevel1:PersistentLevel.CUBICLE_C_14
	Function /Game/blueprints/CUBICLE.CUBICLE_C:ExecuteUbergraph_CUBICLE:001A
[2016.07.06-17.00.25:822][930]PIE:Error: Error Blueprint Runtime Error: Accessed None trying to read property CallFunc_FinishSpawningActor_ReturnValue from function: 'ExecuteUbergraph_CUBICLE' from node: AttachToActor in graph: EventGraph in object: CUBICLE with description: Accessed None trying to read property CallFunc_FinishSpawningActor_ReturnValue
[2016.07.06-17.00.25:997][951]LogScriptCore:Warning: Attempted to get an item from array contents out of bounds [4/3]!

[2016.07.06-17.00.25:997][951]LogScript:Warning: UGameplayStatics::BeginSpawningActorFromClass: can not spawn an actor from a NULL class
[2016.07.06-17.00.25:997][951]LogScript:Warning: Accessed None trying to read property CallFunc_FinishSpawningActor_ReturnValue
	CUBICLE_C /Game/Levels/UEDPIE_0_testLevel1.testLevel1:PersistentLevel.CUBICLE_C_15
	Function /Game/blueprints/CUBICLE.CUBICLE_C:ExecuteUbergraph_CUBICLE:001A
[2016.07.06-17.00.25:997][951]PIE:Error: Error Blueprint Runtime Error: Accessed None trying to read property CallFunc_FinishSpawningActor_ReturnValue from function: 'ExecuteUbergraph_CUBICLE' from node: AttachToActor in graph: EventGraph in object: CUBICLE with description: Accessed None trying to read property CallFunc_FinishSpawningActor_ReturnValue
[2016.07.06-17.00.26:158][969]LogScriptCore:Warning: Attempted to get an item from array contents out of bounds [4/3]!

[2016.07.06-17.00.26:158][969]LogScript:Warning: UGameplayStatics::BeginSpawningActorFromClass: can not spawn an actor from a NULL class
[2016.07.06-17.00.26:158][969]LogScript:Warning: Accessed None trying to read property CallFunc_FinishSpawningActor_ReturnValue
	CUBICLE_C /Game/Levels/UEDPIE_0_testLevel1.testLevel1:PersistentLevel.CUBICLE_C_16
	Function /Game/blueprints/CUBICLE.CUBICLE_C:ExecuteUbergraph_CUBICLE:001A
[2016.07.06-17.00.26:158][969]PIE:Error: Error Blueprint Runtime Error: Accessed None trying to read property CallFunc_FinishSpawningActor_ReturnValue from function: 'ExecuteUbergraph_CUBICLE' from node: AttachToActor in graph: EventGraph in object: CUBICLE with description: Accessed None trying to read property CallFunc_FinishSpawningActor_ReturnValue
[2016.07.06-17.00.26:159][969]LogScriptCore:Warning: Attempted to get an item from array contents out of bounds [4/3]!

[2016.07.06-17.00.26:159][969]LogScript:Warning: UGameplayStatics::BeginSpawningActorFromClass: can not spawn an actor from a NULL class
[2016.07.06-17.00.26:159][969]LogScript:Warning: Accessed None trying to read property CallFunc_FinishSpawningActor_ReturnValue
	CUBICLE_C /Game/Levels/UEDPIE_0_testLevel1.testLevel1:PersistentLevel.CUBICLE_C_16
	Function /Game/blueprints/CUBICLE.CUBICLE_C:ExecuteUbergraph_CUBICLE:001A
[2016.07.06-17.00.26:159][969]PIE:Error: Error Blueprint Runtime Error: Accessed None trying to read property CallFunc_FinishSpawningActor_ReturnValue from function: 'ExecuteUbergraph_CUBICLE' from node: AttachToActor in graph: EventGraph in object: CUBICLE with description: Accessed None trying to read property CallFunc_FinishSpawningActor_ReturnValue
[2016.07.06-17.00.26:318][988]LogScriptCore:Warning: Attempted to get an item from array contents out of bounds [4/3]!

[2016.07.06-17.00.26:318][988]LogScript:Warning: UGameplayStatics::BeginSpawningActorFromClass: can not spawn an actor from a NULL class
[2016.07.06-17.00.26:318][988]LogScript:Warning: Accessed None trying to read property CallFunc_FinishSpawningActor_ReturnValue
	CUBICLE_C /Game/Levels/UEDPIE_0_testLevel1.testLevel1:PersistentLevel.CUBICLE_C_17
	Function /Game/blueprints/CUBICLE.CUBICLE_C:ExecuteUbergraph_CUBICLE:001A
[2016.07.06-17.00.26:318][988]PIE:Error: Error Blueprint Runtime Error: Accessed None trying to read property CallFunc_FinishSpawningActor_ReturnValue from function: 'ExecuteUbergraph_CUBICLE' from node: AttachToActor in graph: EventGraph in object: CUBICLE with description: Accessed None trying to read property CallFunc_FinishSpawningActor_ReturnValue
[2016.07.06-17.00.26:319][988]LogScriptCore:Warning: Attempted to get an item from array contents out of bounds [4/3]!

[2016.07.06-17.00.26:319][988]LogScript:Warning: UGameplayStatics::BeginSpawningActorFromClass: can not spawn an actor from a NULL class
[2016.07.06-17.00.26:319][988]LogScript:Warning: Accessed None trying to read property CallFunc_FinishSpawningActor_ReturnValue
	CUBICLE_C /Game/Levels/UEDPIE_0_testLevel1.testLevel1:PersistentLevel.CUBICLE_C_17
	Function /Game/blueprints/CUBICLE.CUBICLE_C:ExecuteUbergraph_CUBICLE:001A
[2016.07.06-17.00.26:319][988]PIE:Error: Error Blueprint Runtime Error: Accessed None trying to read property CallFunc_FinishSpawningActor_ReturnValue from function: 'ExecuteUbergraph_CUBICLE' from node: AttachToActor in graph: EventGraph in object: CUBICLE with description: Accessed None trying to read property CallFunc_FinishSpawningActor_ReturnValue
[2016.07.06-17.00.26:494][  9]LogScriptCore:Warning: Attempted to get an item from array contents out of bounds [4/3]!

[2016.07.06-17.00.26:494][  9]LogScript:Warning: UGameplayStatics::BeginSpawningActorFromClass: can not spawn an actor from a NULL class
[2016.07.06-17.00.26:495][  9]LogScript:Warning: Accessed None trying to read property CallFunc_FinishSpawningActor_ReturnValue
	CUBICLE_C /Game/Levels/UEDPIE_0_testLevel1.testLevel1:PersistentLevel.CUBICLE_C_18
	Function /Game/blueprints/CUBICLE.CUBICLE_C:ExecuteUbergraph_CUBICLE:001A
[2016.07.06-17.00.26:495][  9]PIE:Error: Error Blueprint Runtime Error: Accessed None trying to read property CallFunc_FinishSpawningActor_ReturnValue from function: 'ExecuteUbergraph_CUBICLE' from node: AttachToActor in graph: EventGraph in object: CUBICLE with description: Accessed None trying to read property CallFunc_FinishSpawningActor_ReturnValue
[2016.07.06-17.00.26:705][ 33]LogScriptCore:Warning: Attempted to get an item from array contents out of bounds [4/3]!

[2016.07.06-17.00.26:705][ 33]LogScript:Warning: UGameplayStatics::BeginSpawningActorFromClass: can not spawn an actor from a NULL class
[2016.07.06-17.00.26:705][ 33]LogScript:Warning: Accessed None trying to read property CallFunc_FinishSpawningActor_ReturnValue
	CUBICLE_C /Game/Levels/UEDPIE_0_testLevel1.testLevel1:PersistentLevel.CUBICLE_C_19
	Function /Game/blueprints/CUBICLE.CUBICLE_C:ExecuteUbergraph_CUBICLE:001A
[2016.07.06-17.00.26:705][ 33]PIE:Error: Error Blueprint Runtime Error: Accessed None trying to read property CallFunc_FinishSpawningActor_ReturnValue from function: 'ExecuteUbergraph_CUBICLE' from node: AttachToActor in graph: EventGraph in object: CUBICLE with description: Accessed None trying to read property CallFunc_FinishSpawningActor_ReturnValue
[2016.07.06-17.00.27:108][ 80]LogScriptCore:Warning: Attempted to get an item from array contents out of bounds [4/3]!

[2016.07.06-17.00.27:108][ 80]LogScript:Warning: UGameplayStatics::BeginSpawningActorFromClass: can not spawn an actor from a NULL class
[2016.07.06-17.00.27:108][ 80]LogScript:Warning: Accessed None trying to read property CallFunc_FinishSpawningActor_ReturnValue
	CUBICLE_C /Game/Levels/UEDPIE_0_testLevel1.testLevel1:PersistentLevel.CUBICLE_C_21
	Function /Game/blueprints/CUBICLE.CUBICLE_C:ExecuteUbergraph_CUBICLE:001A
[2016.07.06-17.00.27:108][ 80]PIE:Error: Error Blueprint Runtime Error: Accessed None trying to read property CallFunc_FinishSpawningActor_ReturnValue from function: 'ExecuteUbergraph_CUBICLE' from node: AttachToActor in graph: EventGraph in object: CUBICLE with description: Accessed None trying to read property CallFunc_FinishSpawningActor_ReturnValue
[2016.07.06-17.00.28:988][299]LogBlueprintUserMessages: Early EndPlayMap Detection: Level '/Game/Levels/testLevel1.testLevel1:PersistentLevel' has LevelScriptBlueprint '/Game/Levels/testLevel1.testLevel1:PersistentLevel.testLevel1' with GeneratedClass '/Game/Levels/testLevel1.testLevel1_C' with ClassGeneratedBy '/Game/Levels/testLevel1.testLevel1:PersistentLevel.testLevel1'
[2016.07.06-17.00.29:032][299]LogBlueprintUserMessages: Late EndPlayMap Detection: Level '/Game/Levels/testLevel1.testLevel1:PersistentLevel' has LevelScriptBlueprint '/Game/Levels/testLevel1.testLevel1:PersistentLevel.testLevel1' with GeneratedClass '/Game/Levels/testLevel1.testLevel1_C' with ClassGeneratedBy '/Game/Levels/testLevel1.testLevel1:PersistentLevel.testLevel1'
[2016.07.06-17.06.23:583][462]LogFileHelpers: Editor autosave (incl. sublevels) for '/Game/Levels/testLevel1' took 0.017
[2016.07.06-17.06.23:595][462]OBJ SavePackage: Generating thumbnails for [1] asset(s) in package [/Game/blueprints/CUBICLE] ([1] browsable assets)...
[2016.07.06-17.06.23:618][462]OBJ SavePackage:     Rendered thumbnail for [Blueprint /Game/blueprints/CUBICLE.CUBICLE]
[2016.07.06-17.06.23:618][462]OBJ SavePackage: Finished generating thumbnails for package [/Game/blueprints/CUBICLE]
[2016.07.06-17.06.23:618][462]Cmd: OBJ SAVEPACKAGE PACKAGE="/Game/blueprints/CUBICLE" FILE="G:/internPurg/InternPurg_1/Saved/Autosaves/Game/blueprints/CUBICLE_Auto1.uasset" SILENT=false AUTOSAVING=true
[2016.07.06-17.06.25:201][462]LogSavePackage: Save=1534.90ms
[2016.07.06-17.06.25:201][462]LogSavePackage: Moving 'G:/internPurg/InternPurg_1/Saved/CUBICLE_Auto127D40DD54B2F842C99A8929D12F533F2.tmp' to 'G:/internPurg/InternPurg_1/Saved/Autosaves/Game/blueprints/CUBICLE_Auto1.uasset'
[2016.07.06-17.06.25:204][462]LogSavePackage:Display: Finished SavePackage G:/internPurg/InternPurg_1/Saved/Autosaves/Game/blueprints/CUBICLE_Auto1.uasset
[2016.07.06-17.06.25:204][462]LogFileHelpers: Auto-saving content packages took 1.621
[2016.07.06-17.08.08:915][560]Cmd: QUIT_EDITOR
[2016.07.06-17.08.09:076][560]LogExit: Preparing to exit.
[2016.07.06-17.08.09:824][560]LogExit: Editor shut down
[2016.07.06-17.08.09:825][560]LogExit: Transaction tracking system shut down
[2016.07.06-17.08.10:260][560]LogObj: Freed 0b from 0 cluster array pools.
[2016.07.06-17.08.10:260][560]LogExit: Object subsystem successfully closed.
[2016.07.06-17.08.10:314][560]LogD3D11RHI: Shutdown
[2016.07.06-17.08.10:322][560]LogD3D11RHI: CleanupD3DDevice
[2016.07.06-17.08.10:373][560]LogD3D11RHI: ~FD3D11DynamicRHI
[2016.07.06-17.08.10:600][560]LogModuleManager: Shutting down and abandoning module BlueprintGraph (216)
[2016.07.06-17.08.10:600][560]LogModuleManager: Shutting down and abandoning module MovieSceneCapture (215)
[2016.07.06-17.08.10:606][560]LogModuleManager: Shutting down and abandoning module HierarchicalLODOutliner (214)
[2016.07.06-17.08.10:614][560]LogModuleManager: Shutting down and abandoning module ExternalImagePicker (213)
[2016.07.06-17.08.10:614][560]LogModuleManager: Shutting down and abandoning module CrashTracker (212)
[2016.07.06-17.08.10:614][560]LogModuleManager: Shutting down and abandoning module SceneOutliner (211)
[2016.07.06-17.08.10:614][560]LogModuleManager: Shutting down and abandoning module WidgetCarousel (210)
[2016.07.06-17.08.10:614][560]LogModuleManager: Shutting down and abandoning module AddContentDialog (209)
[2016.07.06-17.08.10:642][560]LogModuleManager: Shutting down and abandoning module GameplayTags (208)
[2016.07.06-17.08.10:642][560]LogModuleManager: Shutting down and abandoning module EditorWidgets (207)
[2016.07.06-17.08.10:642][560]LogModuleManager: Shutting down and abandoning module CollectionManager (206)
[2016.07.06-17.08.10:642][560]LogModuleManager: Shutting down and abandoning module StatsViewer (205)
[2016.07.06-17.08.10:642][560]LogModuleManager: Shutting down and abandoning module FoliageEdit (204)
[2016.07.06-17.08.10:642][560]LogModuleManager: Shutting down and abandoning module LandscapeEditor (203)
[2016.07.06-17.08.10:646][560]LogModuleManager: Shutting down and abandoning module SceneDepthPickerMode (202)
[2016.07.06-17.08.10:646][560]LogModuleManager: Shutting down and abandoning module ActorPickerMode (201)
[2016.07.06-17.08.10:646][560]LogModuleManager: Shutting down and abandoning module GeometryMode (200)
[2016.07.06-17.08.10:646][560]LogModuleManager: Shutting down and abandoning module TextureAlignMode (199)
[2016.07.06-17.08.10:646][560]LogModuleManager: Shutting down and abandoning module BspMode (198)
[2016.07.06-17.08.10:646][560]LogModuleManager: Shutting down and abandoning module HardwareSurvey (197)
[2016.07.06-17.08.10:646][560]LogModuleManager: Shutting down and abandoning module SequenceRecorderSections (196)
[2016.07.06-17.08.10:646][560]LogModuleManager: Shutting down and abandoning module SequenceRecorder (195)
[2016.07.06-17.08.10:646][560]LogModuleManager: Shutting down and abandoning module AutomationWorker (194)
[2016.07.06-17.08.10:646][560]LogModuleManager: Shutting down and abandoning module MatineeToLevelSequence (193)
[2016.07.06-17.08.10:647][560]LogModuleManager: Shutting down and abandoning module PlacementMode (192)
[2016.07.06-17.08.10:658][560]LogModuleManager: Shutting down and abandoning module LevelSequenceEditor (191)
[2016.07.06-17.08.10:658][560]LogModuleManager: Shutting down and abandoning module CharacterAI (190)
[2016.07.06-17.08.10:658][560]LogModuleManager: Shutting down and abandoning module SmartSnapping (189)
[2016.07.06-17.08.10:658][560]LogModuleManager: Shutting down and abandoning module SessionServices (188)
[2016.07.06-17.08.10:658][560]LogModuleManager: Shutting down and abandoning module ViewportSnapping (187)
[2016.07.06-17.08.10:658][560]LogModuleManager: Shutting down and abandoning module LogVisualizer (186)
[2016.07.06-17.08.10:658][560]LogModuleManager: Shutting down and abandoning module GameProjectGeneration (185)
[2016.07.06-17.08.10:675][560]LogModuleManager: Shutting down and abandoning module IntroTutorials (184)
[2016.07.06-17.08.10:675][560]LogModuleManager: Shutting down and abandoning module EditorLiveStreaming (183)
[2016.07.06-17.08.10:675][560]LogModuleManager: Shutting down and abandoning module IOSPlatformEditor (182)
[2016.07.06-17.08.10:675][560]LogModuleManager: Shutting down and abandoning module HTML5PlatformEditor (181)
[2016.07.06-17.08.10:675][560]LogModuleManager: Shutting down and abandoning module AndroidDeviceDetection (180)
[2016.07.06-17.08.10:885][560]LogModuleManager: Shutting down and abandoning module AndroidPlatformEditor (179)
[2016.07.06-17.08.10:885][560]LogModuleManager: Shutting down and abandoning module IOSRuntimeSettings (178)
[2016.07.06-17.08.10:885][560]LogModuleManager: Shutting down and abandoning module AndroidRuntimeSettings (177)
[2016.07.06-17.08.10:885][560]LogModuleManager: Shutting down and abandoning module MergeActors (176)
[2016.07.06-17.08.10:899][560]LogModuleManager: Shutting down and abandoning module SizeMap (175)
[2016.07.06-17.08.10:899][560]LogModuleManager: Shutting down and abandoning module TreeMap (174)
[2016.07.06-17.08.10:907][560]LogModuleManager: Shutting down and abandoning module ReferenceViewer (173)
[2016.07.06-17.08.10:907][560]LogModuleManager: Shutting down and abandoning module LocalizationService (172)
[2016.07.06-17.08.10:915][560]LogModuleManager: Shutting down and abandoning module LocalizationDashboard (171)
[2016.07.06-17.08.10:925][560]LogModuleManager: Shutting down and abandoning module HardwareTargeting (170)
[2016.07.06-17.08.10:925][560]LogModuleManager: Shutting down and abandoning module DeviceProfileEditor (169)
[2016.07.06-17.08.10:931][560]LogModuleManager: Shutting down and abandoning module UndoHistory (168)
[2016.07.06-17.08.10:941][560]LogModuleManager: Shutting down and abandoning module UserFeedback (167)
[2016.07.06-17.08.10:941][560]LogModuleManager: Shutting down and abandoning module XmlParser (166)
[2016.07.06-17.08.10:941][560]LogModuleManager: Shutting down and abandoning module Blutility (165)
[2016.07.06-17.08.10:941][560]LogModuleManager: Shutting down and abandoning module ProjectTargetPlatformEditor (164)
[2016.07.06-17.08.10:942][560]LogModuleManager: Shutting down and abandoning module ProjectSettingsViewer (163)
[2016.07.06-17.08.10:942][560]LogModuleManager: Shutting down and abandoning module InputBindingEditor (162)
[2016.07.06-17.08.10:952][560]LogModuleManager: Shutting down and abandoning module EditorSettingsViewer (161)
[2016.07.06-17.08.10:952][560]LogModuleManager: Shutting down and abandoning module SettingsEditor (160)
[2016.07.06-17.08.10:952][560]LogModuleManager: Shutting down and abandoning module ProjectLauncher (159)
[2016.07.06-17.08.10:975][560]LogModuleManager: Shutting down and abandoning module SessionFrontend (158)
[2016.07.06-17.08.10:988][560]LogModuleManager: Shutting down and abandoning module ProfilerClient (157)
[2016.07.06-17.08.10:995][560]LogModuleManager: Shutting down and abandoning module TargetDeviceServices (156)
[2016.07.06-17.08.10:995][560]LogModuleManager: Shutting down and abandoning module DeviceManager (155)
[2016.07.06-17.08.11:059][560]LogModuleManager: Shutting down and abandoning module AutomationController (154)
[2016.07.06-17.08.11:066][560]LogModuleManager: Shutting down and abandoning module AutomationWindow (153)
[2016.07.06-17.08.11:080][560]LogModuleManager: Shutting down and abandoning module Layers (152)
[2016.07.06-17.08.11:091][560]LogModuleManager: Shutting down and abandoning module ComponentVisualizers (151)
[2016.07.06-17.08.11:091][560]LogModuleManager: Shutting down and abandoning module DetailCustomizations (150)
[2016.07.06-17.08.11:093][560]LogModuleManager: Shutting down and abandoning module PackagesDialog (149)
[2016.07.06-17.08.11:094][560]LogModuleManager: Shutting down and abandoning module Persona (148)
[2016.07.06-17.08.11:110][560]LogModuleManager: Shutting down and abandoning module Kismet (147)
[2016.07.06-17.08.11:110][560]LogModuleManager: Shutting down and abandoning module GraphEditor (146)
[2016.07.06-17.08.11:110][560]LogModuleManager: Shutting down and abandoning module ClassViewer (145)
[2016.07.06-17.08.11:117][560]LogModuleManager: Shutting down and abandoning module Toolbox (144)
[2016.07.06-17.08.11:124][560]LogModuleManager: Shutting down and abandoning module ModuleUI (143)
[2016.07.06-17.08.11:138][560]LogModuleManager: Shutting down and abandoning module MovieSceneTools (142)
[2016.07.06-17.08.11:141][560]LogModuleManager: Shutting down and abandoning module OutputLog (141)
[2016.07.06-17.08.11:141][560]LogModuleManager: Shutting down and abandoning module GammaUI (140)
[2016.07.06-17.08.11:142][560]LogModuleManager: Shutting down and abandoning module Documentation (139)
[2016.07.06-17.08.11:142][560]LogModuleManager: Shutting down and abandoning module StreamingPauseRendering (138)
[2016.07.06-17.08.11:142][560]LogModuleManager: Shutting down and abandoning module AnalyticsET (137)
[2016.07.06-17.08.11:142][560]LogModuleManager: Shutting down and abandoning module Analytics (136)
[2016.07.06-17.08.11:142][560]LogModuleManager: Shutting down and abandoning module PortalServices (135)
[2016.07.06-17.08.11:142][560]LogModuleManager: Shutting down and abandoning module PortalRpc (134)
[2016.07.06-17.08.11:142][560]LogModuleManager: Shutting down and abandoning module MessagingRpc (133)
[2016.07.06-17.08.11:142][560]LogModuleManager: Shutting down and abandoning module GameplayDebugger (132)
[2016.07.06-17.08.11:142][560]LogModuleManager: Shutting down and abandoning module AITestSuite (131)
[2016.07.06-17.08.11:142][560]LogModuleManager: Shutting down and abandoning module AIModule (130)
[2016.07.06-17.08.11:142][560]LogModuleManager: Shutting down and abandoning module ProfilerService (129)
[2016.07.06-17.08.11:357][560]LogModuleManager: Shutting down and abandoning module TaskGraph (128)
[2016.07.06-17.08.11:380][560]LogModuleManager: Shutting down and abandoning module SlateRemote (127)
[2016.07.06-17.08.11:380][560]LogModuleManager: Shutting down and abandoning module SteamVRController (126)
[2016.07.06-17.08.11:380][560]LogModuleManager: Shutting down and abandoning module SteamVR (125)
[2016.07.06-17.08.11:380][560]LogModuleManager: Shutting down and abandoning module ProceduralMeshComponent (124)
[2016.07.06-17.08.11:380][560]LogModuleManager: Shutting down and abandoning module OculusLibrary (123)
[2016.07.06-17.08.11:380][560]LogModuleManager: Shutting down and abandoning module OculusInput (122)
[2016.07.06-17.08.11:380][560]LogModuleManager: Shutting down and abandoning module CustomMeshComponent (121)
[2016.07.06-17.08.11:380][560]LogModuleManager: Shutting down and abandoning module CableComponent (120)
[2016.07.06-17.08.11:381][560]LogModuleManager: Shutting down and abandoning module ArchVisCharacter (119)
[2016.07.06-17.08.11:381][560]LogModuleManager: Shutting down and abandoning module MediaPlayerEditor (118)
[2016.07.06-17.08.11:401][560]LogModuleManager: Shutting down and abandoning module HTML5Networking (117)
[2016.07.06-17.08.11:401][560]LogModuleManager: Shutting down and abandoning module SuperSearch (116)
[2016.07.06-17.08.11:401][560]LogModuleManager: Shutting down and abandoning module SuperSearchEditor (115)
[2016.07.06-17.08.11:401][560]LogModuleManager: Shutting down and abandoning module SpeedTreeImporter (114)
[2016.07.06-17.08.11:401][560]LogModuleManager: Shutting down and abandoning module PluginBrowser (113)
[2016.07.06-17.08.11:411][560]LogModuleManager: Shutting down and abandoning module EpicSurvey (112)
[2016.07.06-17.08.11:411][560]LogModuleManager: Shutting down and abandoning module DesktopPlatform (111)
[2016.07.06-17.08.11:418][560]LogModuleManager: Shutting down and abandoning module VisualStudioSourceCodeAccess (110)
[2016.07.06-17.08.11:418][560]LogModuleManager: Shutting down and abandoning module UObjectPlugin (109)
[2016.07.06-17.08.11:418][560]LogModuleManager: Shutting down and abandoning module SubversionSourceControl (108)
[2016.07.06-17.08.11:418][560]LogModuleManager: Shutting down and abandoning module PerforceSourceControl (107)
[2016.07.06-17.08.11:418][560]LogModuleManager: Shutting down and abandoning module SourceControl (106)
[2016.07.06-17.08.11:418][560]LogModuleManager: Shutting down and abandoning module GitSourceControl (105)
[2016.07.06-17.08.11:418][560]LogModuleManager: Shutting down and abandoning module LightPropagationVolumeEditor (104)
[2016.07.06-17.08.11:418][560]LogModuleManager: Shutting down and abandoning module PaperTiledImporter (103)
[2016.07.06-17.08.11:418][560]LogModuleManager: Shutting down and abandoning module PaperSpriteSheetImporter (102)
[2016.07.06-17.08.11:418][560]LogModuleManager: Shutting down and abandoning module MeshPaint (101)
[2016.07.06-17.08.11:418][560]LogModuleManager: Shutting down and abandoning module PixelInspectorModule (100)
[2016.07.06-17.08.11:418][560]LogModuleManager: Shutting down and abandoning module HotReload (99)
[2016.07.06-17.08.11:419][560]LogModuleManager: Shutting down and abandoning module MainFrame (98)
[2016.07.06-17.08.11:419][560]LogModuleManager: Shutting down and abandoning module LevelEditor (97)
[2016.07.06-17.08.11:420][560]LogModuleManager: Shutting down and abandoning module ContentBrowser (96)
[2016.07.06-17.08.11:420][560]LogModuleManager: Shutting down and abandoning module Paper2DEditor (95)
[2016.07.06-17.08.11:425][560]LogModuleManager: Shutting down and abandoning module UdpMessaging (94)
[2016.07.06-17.08.11:526][560]LogModuleManager: Shutting down and abandoning module LightPropagationVolumeRuntime (93)
[2016.07.06-17.08.11:526][560]LogModuleManager: Shutting down and abandoning module Paper2D (92)
[2016.07.06-17.08.11:547][560]LogModuleManager: Shutting down and abandoning module WindowsMoviePlayer (91)
[2016.07.06-17.08.11:547][560]LogModuleManager: Shutting down and abandoning module Media (90)
[2016.07.06-17.08.11:547][560]LogModuleManager: Shutting down and abandoning module WmfMedia (89)
[2016.07.06-17.08.11:564][560]LogModuleManager: Shutting down and abandoning module MediaAssets (88)
[2016.07.06-17.08.11:564][560]LogModuleManager: Shutting down and abandoning module GameLiveStreaming (87)
[2016.07.06-17.08.11:564][560]LogModuleManager: Shutting down and abandoning module GameplayTagsEditor (86)
[2016.07.06-17.08.11:564][560]LogModuleManager: Shutting down and abandoning module OnlineBlueprintSupport (85)
[2016.07.06-17.08.11:564][560]LogModuleManager: Shutting down and abandoning module VREditor (84)
[2016.07.06-17.08.11:564][560]LogModuleManager: Shutting down and abandoning module GameplayTasksEditor (83)
[2016.07.06-17.08.11:564][560]LogModuleManager: Shutting down and abandoning module PropertyEditor (82)
[2016.07.06-17.08.11:564][560]LogModuleManager: Shutting down and abandoning module BehaviorTreeEditor (81)
[2016.07.06-17.08.11:581][560]LogModuleManager: Shutting down and abandoning module FunctionalTesting (80)
[2016.07.06-17.08.11:581][560]LogModuleManager: Shutting down and abandoning module CollisionAnalyzer (79)
[2016.07.06-17.08.11:590][560]LogModuleManager: Shutting down and abandoning module Sequencer (78)
[2016.07.06-17.08.11:612][560]LogModuleManager: Shutting down and abandoning module WorkspaceMenuStructure (77)
[2016.07.06-17.08.11:612][560]LogModuleManager: Shutting down and abandoning module MessageLog (76)
[2016.07.06-17.08.11:612][560]LogModuleManager: Shutting down and abandoning module AssetTools (75)
[2016.07.06-17.08.11:638][560]LogModuleManager: Shutting down and abandoning module UMGEditor (74)
[2016.07.06-17.08.11:653][560]LogModuleManager: Shutting down and abandoning module UMG (73)
[2016.07.06-17.08.11:670][560]LogModuleManager: Shutting down and abandoning module SlateReflector (72)
[2016.07.06-17.08.11:683][560]LogModuleManager: Shutting down and abandoning module Slate (71)
[2016.07.06-17.08.11:683][560]LogModuleManager: Shutting down and abandoning module EditorStyle (70)
[2016.07.06-17.08.11:685][560]LogModuleManager: Shutting down and abandoning module SourceCodeAccess (69)
[2016.07.06-17.08.11:685][560]LogModuleManager: Shutting down and abandoning module HeadMountedDisplay (68)
[2016.07.06-17.08.11:685][560]LogModuleManager: Shutting down and abandoning module XAudio2 (67)
[2016.07.06-17.08.11:685][560]LogModuleManager: Shutting down and abandoning module Networking (65)
[2016.07.06-17.08.11:685][560]LogModuleManager: Shutting down and abandoning module Core (64)
[2016.07.06-17.08.11:685][560]LogModuleManager: Shutting down and abandoning module DirectoryWatcher (63)
[2016.07.06-17.08.11:686][560]LogModuleManager: Shutting down and abandoning module AssetRegistry (62)
[2016.07.06-17.08.18:983][560]LogModuleManager: Shutting down and abandoning module KismetCompiler (61)
[2016.07.06-17.08.18:983][560]LogModuleManager: Shutting down and abandoning module PhysXFormats (60)
[2016.07.06-17.08.18:983][560]LogModuleManager: Shutting down and abandoning module MeshUtilities (59)
[2016.07.06-17.08.18:990][560]LogModuleManager: Shutting down and abandoning module DerivedDataCache (58)
[2016.07.06-17.08.19:026][560]LogDerivedDataCache: Shutdown
[2016.07.06-17.08.19:026][560]LogModuleManager: Shutting down and abandoning module VulkanShaderFormat (57)
[2016.07.06-17.08.19:026][560]LogModuleManager: Shutting down and abandoning module ShaderFormatOpenGL (56)
[2016.07.06-17.08.19:035][560]LogModuleManager: Shutting down and abandoning module ShaderFormatD3D (55)
[2016.07.06-17.08.19:035][560]LogModuleManager: Shutting down and abandoning module MetalShaderFormat (54)
[2016.07.06-17.08.19:042][560]LogModuleManager: Shutting down and abandoning module TextureFormatUncompressed (53)
[2016.07.06-17.08.19:042][560]LogModuleManager: Shutting down and abandoning module TextureFormatPVR (52)
[2016.07.06-17.08.19:042][560]LogModuleManager: Shutting down and abandoning module TextureFormatIntelISPCTexComp (51)
[2016.07.06-17.08.19:042][560]LogModuleManager: Shutting down and abandoning module TextureFormatDXT (50)
[2016.07.06-17.08.19:042][560]LogModuleManager: Shutting down and abandoning module ImageWrapper (49)
[2016.07.06-17.08.19:042][560]LogModuleManager: Shutting down and abandoning module TextureFormatASTC (48)
[2016.07.06-17.08.19:042][560]LogModuleManager: Shutting down and abandoning module TextureFormatAndroid (47)
[2016.07.06-17.08.19:042][560]LogModuleManager: Shutting down and abandoning module AudioFormatOpus (46)
[2016.07.06-17.08.19:042][560]LogModuleManager: Shutting down and abandoning module AudioFormatOgg (45)
[2016.07.06-17.08.19:042][560]LogModuleManager: Shutting down and abandoning module AudioFormatADPCM (44)
[2016.07.06-17.08.19:042][560]LogModuleManager: Shutting down and abandoning module LinuxTargetPlatform (43)
[2016.07.06-17.08.19:042][560]LogModuleManager: Shutting down and abandoning module LinuxServerTargetPlatform (42)
[2016.07.06-17.08.19:042][560]LogModuleManager: Shutting down and abandoning module LinuxNoEditorTargetPlatform (41)
[2016.07.06-17.08.19:042][560]LogModuleManager: Shutting down and abandoning module TVOSTargetPlatform (40)
[2016.07.06-17.08.19:042][560]LogModuleManager: Shutting down and abandoning module Messaging (39)
[2016.07.06-17.08.19:042][560]LogModuleManager: Shutting down and abandoning module IOSTargetPlatform (38)
[2016.07.06-17.08.19:042][560]LogModuleManager: Shutting down and abandoning module HTML5TargetPlatform (37)
[2016.07.06-17.08.19:042][560]LogModuleManager: Shutting down and abandoning module Android_PVRTCTargetPlatform (36)
[2016.07.06-17.08.19:042][560]LogModuleManager: Shutting down and abandoning module Android_MultiTargetPlatform (35)
[2016.07.06-17.08.19:042][560]LogModuleManager: Shutting down and abandoning module Android_ETC2TargetPlatform (34)
[2016.07.06-17.08.19:042][560]LogModuleManager: Shutting down and abandoning module Android_ETC1TargetPlatform (33)
[2016.07.06-17.08.19:042][560]LogModuleManager: Shutting down and abandoning module Android_DXTTargetPlatform (32)
[2016.07.06-17.08.19:042][560]LogModuleManager: Shutting down and abandoning module Android_ATCTargetPlatform (31)
[2016.07.06-17.08.19:042][560]LogModuleManager: Shutting down and abandoning module Android_ASTCTargetPlatform (30)
[2016.07.06-17.08.19:042][560]LogModuleManager: Shutting down and abandoning module AndroidTargetPlatform (29)
[2016.07.06-17.08.19:042][560]LogModuleManager: Shutting down and abandoning module WindowsTargetPlatform (28)
[2016.07.06-17.08.19:042][560]LogModuleManager: Shutting down and abandoning module WindowsServerTargetPlatform (27)
[2016.07.06-17.08.19:042][560]LogModuleManager: Shutting down and abandoning module WindowsNoEditorTargetPlatform (26)
[2016.07.06-17.08.19:042][560]LogModuleManager: Shutting down and abandoning module WindowsClientTargetPlatform (25)
[2016.07.06-17.08.19:042][560]LogModuleManager: Shutting down and abandoning module AllDesktopTargetPlatform (24)
[2016.07.06-17.08.19:042][560]LogModuleManager: Shutting down and abandoning module TargetPlatform (23)
[2016.07.06-17.08.19:049][560]LogModuleManager: Shutting down and abandoning module InputCore (22)
[2016.07.06-17.08.19:049][560]LogModuleManager: Shutting down and abandoning module Settings (21)
[2016.07.06-17.08.19:049][560]LogModuleManager: Shutting down and abandoning module OnlineSubsystem (19)
[2016.07.06-17.08.19:049][560]LogModuleManager: Shutting down and abandoning module HTTP (18)
[2016.07.06-17.08.23:555][560]LogModuleManager: Shutting down and abandoning module XMPP (17)
[2016.07.06-17.08.23:577][560]LogModuleManager: Shutting down and abandoning module OculusRift (16)
[2016.07.06-17.08.23:596][560]LogModuleManager: Shutting down and abandoning module ExampleDeviceProfileSelector (15)
[2016.07.06-17.08.23:596][560]LogModuleManager: Shutting down and abandoning module TextureCompressor (14)
[2016.07.06-17.08.23:611][560]LogModuleManager: Shutting down and abandoning module ShaderCore (13)
[2016.07.06-17.08.23:611][560]LogModuleManager: Shutting down and abandoning module Landscape (12)
[2016.07.06-17.08.23:611][560]LogModuleManager: Shutting down and abandoning module SlateRHIRenderer (11)
[2016.07.06-17.08.23:629][560]LogModuleManager: Shutting down and abandoning module OpenGLDrv (10)
[2016.07.06-17.08.23:646][560]LogModuleManager: Shutting down and abandoning module D3D11RHI (9)
[2016.07.06-17.08.23:646][560]LogModuleManager: Shutting down and abandoning module AnimGraphRuntime (8)
[2016.07.06-17.08.23:646][560]LogModuleManager: Shutting down and abandoning module Renderer (7)
[2016.07.06-17.08.23:646][560]LogModuleManager: Shutting down and abandoning module Engine (6)
[2016.07.06-17.08.23:646][560]LogModuleManager: Shutting down and abandoning module CoreUObject (5)
[2016.07.06-17.08.23:646][560]LogModuleManager: Shutting down and abandoning module NetworkFile (4)
[2016.07.06-17.08.23:655][560]LogModuleManager: Shutting down and abandoning module StreamingFile (3)
[2016.07.06-17.08.23:655][560]LogModuleManager: Shutting down and abandoning module SandboxFile (2)
[2016.07.06-17.08.23:655][560]LogModuleManager: Shutting down and abandoning module PakFile (1)
[2016.07.06-17.08.23:660][560]LogExit: Exiting.
[2016.07.06-17.08.23:661][560]Log file closed, 07/06/16 13:08:23
