Log file open, 07/05/16 16:01:59
LogInit:Display: Running engine for game: InternPurg_1
LogPlatformFile: Not using cached read wrapper
LogInit:Display: RandInit(-453777547) SRandInit(-453777545).
LogTaskGraph: Started task graph with 4 named threads and 7 total threads with 1 sets of task threads.
LogStats: Stats thread started at 0.242871
OCULUS: Info: [CAPI] LibOVR module is located at C:\Program Files\Oculus\Support\oculus-runtime\LibOVRRT64_1.dll
OCULUS: Debug: Connected to the server running version (prod = 1).1.5.0(build = 241049) feature version = 0. Client runs version (prod = 1).1.5.0(build = 241049) feature version = 0
OCULUS: Debug: [HMDState] Using default profile default
OCULUS: Info: IAD changed to 64.0mm
OCULUS: Debug: [SharedMemory] Creating factory
LogInit: Version: 4.12.4-3028348+++UE4+Release-4.12
LogInit: API Version: 2992821
LogInit: Net Version: 3028348
LogDevObjectVersion: Number of dev versions registered: 13
LogDevObjectVersion:   Dev-Blueprints (B0D832E4-1F89-4F0D-ACCF-7EB736FD4AA2): 3
LogDevObjectVersion:   Dev-Build (E1C64328-A22C-4D53-A36C-8E866417BD8C): 0
LogDevObjectVersion:   Dev-Core (375EC13C-06E4-48FB-B500-84F0262A717E): 1
LogDevObjectVersion:   Dev-Editor (E4B068ED-F494-42E9-A231-DA0B2E46BB41): 2
LogDevObjectVersion:   Dev-Framework (CFFC743F-43B0-4480-9391-14DF171D2073): 6
LogDevObjectVersion:   Dev-Mobile (B02B49B5-BB20-44E9-A304-32B752E40360): 0
LogDevObjectVersion:   Dev-Networking (A4E4105C-59A1-49B5-A7C5-40C4547EDFEE): 0
LogDevObjectVersion:   Dev-Online (39C831C9-5AE6-47DC-9A44-9C173E1C8E7C): 0
LogDevObjectVersion:   Dev-Physics (78F01B33-EBEA-4F98-B9B4-84EACCB95AA2): 0
LogDevObjectVersion:   Dev-Platform (6631380F-2D4D-43E0-8009-CF276956A95A): 0
LogDevObjectVersion:   Dev-Rendering (12F88B9F-8875-4AFC-A67C-D90C383ABD29): 2
LogDevObjectVersion:   Dev-Sequencer (7B5AE74C-D270-4C10-A958-57980B212A5A): 0
LogDevObjectVersion:   Dev-VR (D7296918-1DD6-4BDD-9DE2-64A83CC13884): 0
LogInit: Compiled (64-bit): Jun 27 2016 09:29:04
LogInit: Compiled with Visual C++: 19.00.23026.00
LogInit: Build Configuration: Development
LogInit: Branch Name: ++UE4+Release-4.12
LogInit: Command line:  
LogInit: Base directory: C:/Program Files (x86)/Epic Games/4.12/Engine/Binaries/Win64/
LogInit: Installed Engine Build: 1
LogInit: Using libcurl 7.41.0
LogInit:  - built for x86_64-pc-win32
LogInit:  - supports SSL with WinSSL
LogInit:  - other features:
LogInit:      CURL_VERSION_SSL
LogInit:      CURL_VERSION_IPV6
LogInit:      CURL_VERSION_ASYNCHDNS
LogInit:      CURL_VERSION_LARGEFILE
LogInit:      CURL_VERSION_IDN
LogInit:  CurlRequestOptions (configurable via config and command line):
LogInit:  - bVerifyPeer = true  - Libcurl will verify peer certificate
LogInit:  - bUseHttpProxy = false  - Libcurl will NOT use HTTP proxy
LogInit:  - bDontReuseConnections = false  - Libcurl will reuse connections
LogInit:  - CertBundlePath = nullptr  - Libcurl will use whatever was configured at build time.
LogInit: Presizing for max 8388607 objects, including 0 objects not considered by GC, pre-allocating 0 bytes for permanent pool.
LogInit: Object subsystem initialized
[2016.07.05-20.01.59:724][  0]LogInit: Selected Device Profile: [Windows]
[2016.07.05-20.01.59:724][  0]LogInit: Applying CVar settings loaded from the selected device profile: [Windows]
[2016.07.05-20.01.59:752][  0]LogInit: Computer: TSV-VR
[2016.07.05-20.01.59:752][  0]LogInit: User: Member
[2016.07.05-20.01.59:752][  0]LogInit: CPU Page size=65536, Cores=4
[2016.07.05-20.01.59:752][  0]LogInit: High frequency timer resolution =3.222652 MHz
[2016.07.05-20.01.59:753][  0]LogMemory: Memory total: Physical=7.9GB (8GB approx)
[2016.07.05-20.01.59:753][  0]LogMemory: Platform Memory Stats for Windows
[2016.07.05-20.01.59:753][  0]LogMemory: Process Physical Memory: 194.44 MB used, 194.44 MB peak
[2016.07.05-20.01.59:753][  0]LogMemory: Process Virtual Memory: 196.22 MB used, 196.22 MB peak
[2016.07.05-20.01.59:753][  0]LogMemory: Physical Memory: 3653.13 MB used, 8134.21 MB total
[2016.07.05-20.01.59:753][  0]LogMemory: Virtual Memory: 596.45 MB used, 134217728.00 MB total
[2016.07.05-20.02.00:059][  0]LogTextLocalizationManager: No specific translations for ('en-CA') exist, so ('en') translations will be used.
[2016.07.05-20.02.00:524][  0]LogD3D11RHI: D3D11 adapters:
[2016.07.05-20.02.00:534][  0]LogD3D11RHI:    0. 'AMD Radeon (TM) R9 390 Series' (Feature Level 11_0)
[2016.07.05-20.02.00:534][  0]LogD3D11RHI:       8169/0/4067 MB DedicatedVideo/DedicatedSystem/SharedSystem, Outputs:1, VendorId:0x1002
[2016.07.05-20.02.00:536][  0]LogD3D11RHI:    1. 'Microsoft Basic Render Driver' (Feature Level 11_0)
[2016.07.05-20.02.00:536][  0]LogD3D11RHI:       0/0/4067 MB DedicatedVideo/DedicatedSystem/SharedSystem, Outputs:0, VendorId:0x1414
[2016.07.05-20.02.00:536][  0]LogD3D11RHI: Chosen D3D11 Adapter: 0
[2016.07.05-20.02.00:556][  0]LogD3D11RHI: Creating new Direct3DDevice
[2016.07.05-20.02.00:556][  0]LogD3D11RHI:     GPU DeviceId: 0x67b0 (for the marketing name, search the web for "GPU Device Id")
[2016.07.05-20.02.00:556][  0]LogWindows: EnumDisplayDevices:
[2016.07.05-20.02.00:556][  0]LogWindows:    0. 'AMD Radeon (TM) R9 390 Series' (P:1 D:1)
[2016.07.05-20.02.00:556][  0]LogWindows:    1. 'AMD Radeon (TM) R9 390 Series' (P:0 D:0)
[2016.07.05-20.02.00:556][  0]LogWindows:    2. 'AMD Radeon (TM) R9 390 Series' (P:0 D:0)
[2016.07.05-20.02.00:556][  0]LogWindows:    3. 'AMD Radeon (TM) R9 390 Series' (P:0 D:0)
[2016.07.05-20.02.00:556][  0]LogWindows:    4. 'AMD Radeon (TM) R9 390 Series' (P:0 D:0)
[2016.07.05-20.02.00:556][  0]LogWindows:    5. 'AMD Radeon (TM) R9 390 Series' (P:0 D:0)
[2016.07.05-20.02.00:557][  0]LogWindows: DebugString: FoundDriverCount:6 
[2016.07.05-20.02.00:557][  0]LogD3D11RHI:     Adapter Name: AMD Radeon (TM) R9 390 Series
[2016.07.05-20.02.00:557][  0]LogD3D11RHI:   Driver Version: Crimson 16.5.3 (internal:16.200.1013.0, unified:16.200.1013.0)
[2016.07.05-20.02.00:557][  0]LogD3D11RHI:      Driver Date: 5-20-2016
[2016.07.05-20.02.00:557][  0]LogRHI: Texture pool is 1361 MB (70% of 1945 MB)
[2016.07.05-20.02.00:562][  0]LogD3D11RHI: Async texture creation disabled: no driver support
[2016.07.05-20.02.00:597][  0]LogD3D11RHI: GPU Timing Frequency: 27.000000 (Debug: 2 1)
[2016.07.05-20.02.00:605][  0]LogShaderCompilers: Guid format shader working directory is 19 characters bigger than the processId version (E:/internPurg/InternPurg_1/Intermediate/Shaders/WorkingDirectory/149392/).
[2016.07.05-20.02.00:606][  0]LogShaderCompilers: Cleaned the shader compiler working directory 'C:/Users/Member/AppData/Local/Temp/UnrealShaderWorkingDir/4D7B65DA41DFF8A661678A8B4506CAC6/'.
[2016.07.05-20.02.00:606][  0]LogShaderCompilers:Display: Using Local Shader Compiler.
[2016.07.05-20.02.03:188][  0]OCULUS: Info: [HMDState] Requested to SetForegroundWindow(40196ll)
[2016.07.05-20.02.03:188][  0]LogTemp:Display: Loaded TP AllDesktopTargetPlatform
[2016.07.05-20.02.03:196][  0]LogTemp:Display: Loaded TP WindowsClientTargetPlatform
[2016.07.05-20.02.03:205][  0]LogTemp:Display: Loaded TP WindowsNoEditorTargetPlatform
[2016.07.05-20.02.03:214][  0]LogTemp:Display: Loaded TP WindowsServerTargetPlatform
[2016.07.05-20.02.03:223][  0]LogTemp:Display: Loaded TP WindowsTargetPlatform
[2016.07.05-20.02.03:232][  0]LogTemp:Display: Loaded TP AndroidTargetPlatform
[2016.07.05-20.02.03:240][  0]LogTemp:Display: Loaded TP Android_ASTCTargetPlatform
[2016.07.05-20.02.03:248][  0]LogTemp:Display: Loaded TP Android_ATCTargetPlatform
[2016.07.05-20.02.03:255][  0]LogTemp:Display: Loaded TP Android_DXTTargetPlatform
[2016.07.05-20.02.03:262][  0]LogTemp:Display: Loaded TP Android_ETC1TargetPlatform
[2016.07.05-20.02.03:269][  0]LogTemp:Display: Loaded TP Android_ETC2TargetPlatform
[2016.07.05-20.02.03:285][  0]LogTemp:Display: Loaded TP Android_MultiTargetPlatform
[2016.07.05-20.02.03:285][  0]LogTemp:Display: Loaded TP Android_PVRTCTargetPlatform
[2016.07.05-20.02.03:287][  0]LogTemp:Display: Loaded TP HTML5TargetPlatform
[2016.07.05-20.02.03:335][  0]LogTemp:Display: Loaded TP IOSTargetPlatform
[2016.07.05-20.02.03:341][  0]LogTemp:Display: Loaded TP TVOSTargetPlatform
[2016.07.05-20.02.03:347][  0]LogTemp:Display: Loaded TP LinuxNoEditorTargetPlatform
[2016.07.05-20.02.03:354][  0]LogTemp:Display: Loaded TP LinuxServerTargetPlatform
[2016.07.05-20.02.03:364][  0]LogTemp:Display: Loaded TP LinuxTargetPlatform
[2016.07.05-20.02.03:366][  0]LogTargetPlatformManager:Display: Building Assets For Windows
[2016.07.05-20.02.03:701][  0]LogDerivedDataCache:Display: Max Cache Size: 512 MB
[2016.07.05-20.02.03:701][  0]LogDerivedDataCache:Display: Starting with empty Boot cache
[2016.07.05-20.02.03:701][  0]LogDerivedDataCache: FDerivedDataBackendGraph:  Pak pak cache file E:/internPurg/InternPurg_1/DerivedDataCache/DDC.ddp not found, will not use a pak cache.
[2016.07.05-20.02.03:701][  0]LogDerivedDataCache: Unable to find inner node Pak for hierarchical cache Hierarchy.
[2016.07.05-20.02.03:701][  0]LogDerivedDataCache: FDerivedDataBackendGraph:  CompressedPak pak cache file E:/internPurg/InternPurg_1/DerivedDataCache/Compressed.ddp not found, will not use a pak cache.
[2016.07.05-20.02.03:701][  0]LogDerivedDataCache: Unable to find inner node CompressedPak for hierarchical cache Hierarchy.
[2016.07.05-20.02.03:726][  0]LogDerivedDataCache:Display: Pak cache opened for reading ../../../Engine/DerivedDataCache/Compressed.ddp.
[2016.07.05-20.02.03:738][  0]LogDerivedDataCache: Using Local data cache path C:/Users/Member/AppData/Local/UnrealEngine/Common/DerivedDataCache: Writable
[2016.07.05-20.02.06:644][  0]LogInit: Selected Device Profile: [Windows]
[2016.07.05-20.02.06:655][  0]LogTexture:Display: Building textures: S_Actor (BGRA8)
[2016.07.05-20.02.06:660][  0]LogContentStreaming: Texture pool size is 0.00 MB
[2016.07.05-20.02.06:673][  0]LogTexture:Display: Building textures: S_Emitter (BGRA8)
[2016.07.05-20.02.06:696][  0]LogTexture:Display: Building textures: AICON-Red (AutoDXT)
[2016.07.05-20.02.06:706][  0]LogTexture:Display: Building textures: AICON-Green (AutoDXT)
[2016.07.05-20.02.06:868][  0]LogTexture:Display: Building textures: DefaultTexture (DXT1)
[2016.07.05-20.02.06:889][  0]LogTexture:Display: Building textures: T_Default_Material_Grid_M (AutoDXT)
[2016.07.05-20.02.07:182][  0]LogTexture:Display: Building textures: T_Default_Material_Grid_N (BC5)
[2016.07.05-20.02.07:304][  0]LogTexture:Display: Building textures: DefaultDiffuse (AutoDXT)
[2016.07.05-20.02.08:684][  0]LogTexture:Display: Building textures: WhiteSquareTexture (AutoDXT)
[2016.07.05-20.02.08:780][  0]LogTexture:Display: Building textures: S_LevelSequence (BGRA8)
[2016.07.05-20.02.08:812][  0]LogTexture:Display: Building textures: Bad (BGRA8)
[2016.07.05-20.02.08:842][  0]LogMeshUtilities: No automatic mesh reduction module available
[2016.07.05-20.02.08:842][  0]LogMeshUtilities: No automatic mesh merging module available
[2016.07.05-20.02.08:842][  0]LogMeshUtilities: No distributed automatic mesh merging module available
[2016.07.05-20.02.08:914][  0]LogTexture:Display: Building textures: Default (BGRA8)
[2016.07.05-20.02.08:930][  0]LogTexture:Display: Building textures: VR-Basic (BGRA8)
[2016.07.05-20.02.08:996][  0]LogTexture:Display: Building textures: Grid (AutoDXT)
[2016.07.05-20.02.09:059][  0]LogTexture:Display: Building textures: DaylightAmbientCubemap (RGBA16F)
[2016.07.05-20.02.14:951][  0]LogTexture:Display: Building textures: PSysThumbnail_NoImage (AutoDXT)
[2016.07.05-20.02.14:968][  0]LogTexture:Display: Building textures: PSysThumbnail_OOD (AutoDXT)
[2016.07.05-20.02.14:986][  0]LogTexture:Display: Building textures: S_DecalActorIcon (AutoDXT)
[2016.07.05-20.02.15:054][  0]LogTexture:Display: Building textures: S_Terrain (BGRA8)
[2016.07.05-20.02.15:093][  0]LogTexture:Display: Building textures: MatineeCam_D (AutoDXT)
[2016.07.05-20.02.15:137][  0]LogTexture:Display: Building textures: flipbook (AutoDXT)
[2016.07.05-20.02.15:190][  0]LogTexture:Display: Building textures: T_EditorHelp (AutoDXT)
[2016.07.05-20.02.16:159][  0]LogTexture:Display: Building textures: S_ExpoHeightFog (BGRA8)
[2016.07.05-20.02.16:169][  0]LogTexture:Display: Building textures: S_NavP (BGRA8)
[2016.07.05-20.02.16:178][  0]LogTexture:Display: Building textures: S_Player (BGRA8)
[2016.07.05-20.02.16:188][  0]LogTexture:Display: Building textures: SkyLight (BGRA8)
[2016.07.05-20.02.16:200][  0]LogTexture:Display: Building textures: S_WindDirectional (AutoDXT)
[2016.07.05-20.02.16:315][  0]LogTexture:Display: Building textures: S_LightDirectional (BGRA8)
[2016.07.05-20.02.16:325][  0]LogTexture:Display: Building textures: S_LightDirectionalMove (BGRA8)
[2016.07.05-20.02.16:336][  0]LogTexture:Display: Building textures: S_LightPoint (BGRA8)
[2016.07.05-20.02.16:344][  0]LogTexture:Display: Building textures: S_LightPointMove (BGRA8)
[2016.07.05-20.02.16:353][  0]LogTexture:Display: Building textures: S_LightSpot (BGRA8)
[2016.07.05-20.02.16:362][  0]LogTexture:Display: Building textures: S_LightSpotMove (BGRA8)
[2016.07.05-20.02.16:373][  0]LogTexture:Display: Building textures: S_PortalActorIcon2 (AutoDXT)
[2016.07.05-20.02.16:402][  0]LogTexture:Display: Building textures: MatInstActSprite (BGRA8)
[2016.07.05-20.02.16:408][  0]LogTexture:Display: Building textures: SceneManager (BGRA8)
[2016.07.05-20.02.16:421][  0]LogTexture:Display: Building textures: S_NavLink (AutoDXT)
[2016.07.05-20.02.16:440][  0]LogTexture:Display: Building textures: S_Note (BGRA8)
[2016.07.05-20.02.16:468][  0]LogTexture:Display: Building textures: S_ReflActorIcon (AutoDXT)
[2016.07.05-20.02.16:502][  0]LogTexture:Display: Building textures: S_Thruster (BGRA8)
[2016.07.05-20.02.16:511][  0]LogTexture:Display: Building textures: S_RadForce (BGRA8)
[2016.07.05-20.02.16:519][  0]LogTexture:Display: Building textures: TargetIcon (BGRA8)
[2016.07.05-20.02.16:531][  0]LogTexture:Display: Building textures: RobotoDistanceField_PageA (G8)
[2016.07.05-20.02.16:546][  0]LogTexture:Display: Building textures: S_TextRenderActorIcon (AutoDXT)
[2016.07.05-20.02.16:566][  0]LogTexture:Display: Building textures: S_Trigger (BGRA8)
[2016.07.05-20.02.16:578][  0]LogTexture:Display: Building textures: S_VectorFieldVol (BGRA8)
[2016.07.05-20.02.16:590][  0]LogTexture:Display: Building textures: GradientTexture0 (BGRA8)
[2016.07.05-20.02.16:597][  0]LogTexture:Display: Building textures: Black (AutoDXT)
[2016.07.05-20.02.16:615][  0]LogTexture:Display: Building textures: MAT_Groups_Float (AutoDXT)
[2016.07.05-20.02.16:618][  0]LogTexture:Display: Building textures: MAT_Groups_Director (AutoDXT)
[2016.07.05-20.02.16:621][  0]LogTexture:Display: Building textures: MAT_Groups_Event (AutoDXT)
[2016.07.05-20.02.16:625][  0]LogTexture:Display: Building textures: MAT_Groups_Anim (AutoDXT)
[2016.07.05-20.02.16:628][  0]LogTexture:Display: Building textures: MAT_Groups_Fade (AutoDXT)
[2016.07.05-20.02.16:632][  0]LogTexture:Display: Building textures: MAT_Groups_Move (AutoDXT)
[2016.07.05-20.02.16:636][  0]LogTexture:Display: Building textures: MAT_Groups_Slomo (AutoDXT)
[2016.07.05-20.02.16:639][  0]LogTexture:Display: Building textures: MAT_ColorTrack (AutoDXT)
[2016.07.05-20.02.16:642][  0]LogTexture:Display: Building textures: MAT_Groups_Toggle (AutoDXT)
[2016.07.05-20.02.16:645][  0]LogTexture:Display: Building textures: MAT_Groups_AudioMaster (AutoDXT)
[2016.07.05-20.02.16:650][  0]LogTexture:Display: Building textures: MAT_Groups_Sound (AutoDXT)
[2016.07.05-20.02.16:653][  0]LogTexture:Display: Building textures: MAT_Groups_Vector (AutoDXT)
[2016.07.05-20.02.16:657][  0]LogTexture:Display: Building textures: MAT_Groups_Visibility (AutoDXT)
[2016.07.05-20.02.16:663][  0]LogTexture:Display: Building textures: DefaultTextureCube (DXT1)
[2016.07.05-20.02.17:217][  0]LogAssetRegistry: FAssetRegistry took 0.0237 seconds to start up
[2016.07.05-20.02.17:755][  0]LogPackageLocalizationCache: Processed 3 localized package path(s) for 2 prioritized culture(s) in 0.531770 seconds
[2016.07.05-20.02.17:772][  0]LogUObjectArray: 28739 objects as part of root set at end of initial load.
[2016.07.05-20.02.17:772][  0]LogUObjectAllocator: 5855624 out of 0 bytes used by permanent object pool.
[2016.07.05-20.02.17:772][  0]LogUObjectArray: CloseDisregardForGC: 0/0 objects in disregard for GC pool
[2016.07.05-20.02.17:789][  0]LogInit: WinSock: version 1.1 (2.2), MaxSocks=32767, MaxUdp=65467
[2016.07.05-20.02.18:192][  0]LogTexture:Display: Building textures: S_FTest (AutoDXT)
[2016.07.05-20.02.18:296][  0]LogTexture:Display: Building textures: VR_LaserPower_01 (AutoDXT)
[2016.07.05-20.02.18:557][  0]LogTexture:Display: Building textures: GizmoText_RobotoDistanceField_PageA (G8)
[2016.07.05-20.02.18:609][  0]LogTexture:Display: Building textures: UE4_Logo (AutoDXT)
[2016.07.05-20.02.18:760][  0]LogSlate: SlateFontCache - WITH_FREETYPE: 1, WITH_HARFBUZZ: 1
[2016.07.05-20.02.18:760][  0]LogSlate: SlateFontCache - WITH_FREETYPE: 1, WITH_HARFBUZZ: 1
[2016.07.05-20.02.20:561][  0]LogTexture:Display: Building textures: DummySpriteTexture (AutoDXT)
[2016.07.05-20.02.20:602][  0]LogUdpMessaging: Initializing bridge on interface 0.0.0.0:0 to multicast group 230.0.0.1:6666.
[2016.07.05-20.02.20:844][  0]LogTexture:Display: Building textures: MiniFont (AutoDXT)
[2016.07.05-20.02.20:996][  0]SourceControl: Info Source control is disabled
[2016.07.05-20.02.20:997][  0]SourceControl: Info Source control is disabled
[2016.07.05-20.02.21:012][  0]SourceControl: Info Source control is disabled
[2016.07.05-20.02.21:023][  0]SourceControl: Info Source control is disabled
[2016.07.05-20.02.21:304][  0]LogEngine: Initializing Engine...
[2016.07.05-20.02.21:328][  0]LogHMD: SteamVR failed to initialize.  Err: 110
[2016.07.05-20.02.21:328][  0]LogHMD: SteamVR failed to initialize.  Err: 110
[2016.07.05-20.02.21:332][  0]LogHMD: Oculus plugin initialized. Version: 4.12.4-3028348+++UE4+Release-4.12, LibOVR: 1.5.0, SDK: 1.3.2, built Jun 27 2016, 09:30:57
[2016.07.05-20.02.21:378][  0]OCULUS: Debug: [HMDState] Using default profile default
[2016.07.05-20.02.21:378][  0]OCULUS: Info: IAD changed to 64.0mm
[2016.07.05-20.02.21:378][  0]OCULUS: Info: [HMDState] Requested to SetForegroundWindow(40196ll)
[2016.07.05-20.02.21:378][  0]LogTexture:Display: Building textures: DefaultWhiteGrid (AutoDXT)
[2016.07.05-20.02.21:463][  0]LogTexture:Display: Building textures: InvalidLightmapSettings (AutoDXT)
[2016.07.05-20.02.21:504][  0]LogTexture:Display: Building textures: HeatmapGradient (BGRA8)
[2016.07.05-20.02.21:512][  0]LogTexture:Display: Building textures: PreviewShadowIndicator (BGRA8)
[2016.07.05-20.02.21:534][  0]LogTexture:Display: Building textures: BSPVertex (AutoDXT)
[2016.07.05-20.02.21:535][  0]LogTexture:Display: Building textures: Good64x64TilingNoiseHighFreq (G8)
[2016.07.05-20.02.21:536][  0]LogTexture:Display: Building textures: DefaultBokeh (BGRA8)
[2016.07.05-20.02.21:537][  0]LogTexture:Display: Building textures: PreintegratedSkinBRDF (BGRA8)
[2016.07.05-20.02.21:541][  0]LogTexture:Display: Building textures: WeightMapPlaceholderTexture (BGRA8)
[2016.07.05-20.02.21:621][  0]LogAIModule: Creating AISystem for world NewWorld
[2016.07.05-20.02.21:662][  0]LogInit: XAudio2 using '1 - U28E590 (AMD High Definition Audio Device)' : 2 channels at 48 kHz using 16 bits per sample (channel mask 0x3)
[2016.07.05-20.02.21:679][  0]LogInit: FAudioDevice initialized.
[2016.07.05-20.02.22:280][  0]LogDerivedDataCache: Saved boot cache 0.60s 61MB C:/Users/Member/AppData/Local/UnrealEngine/4.12/DerivedDataCache/Boot.ddc.
[2016.07.05-20.02.22:292][  0]LogInit: Texture streaming: Enabled
[2016.07.05-20.02.22:359][  0]OCULUS: Info: [HMDState] Requested to SetForegroundWindow(40196ll)
[2016.07.05-20.02.22:359][  0]OCULUS: Info: [HMDState] Requested to SetForegroundWindow(40196ll)
[2016.07.05-20.02.22:359][  0]OCULUS: Debug: [Client] Disconnected
[2016.07.05-20.02.22:359][  0]LogInit: Transaction tracking system initialized
[2016.07.05-20.02.22:426][  0]BlueprintLog: New page: Editor Load
[2016.07.05-20.02.22:643][  0]LocalizationService: Info Localization service is disabled
[2016.07.05-20.02.22:774][  0]LogConsoleResponse:Display: 
[2016.07.05-20.02.22:802][  0]LogTexture:Display: Building textures: Cross (AutoDXT)
[2016.07.05-20.02.22:819][  0]LogTexture:Display: Building textures: Tick (AutoDXT)
[2016.07.05-20.02.22:825][  0]LogTexture:Display: Building textures: WidgetGridVertexColorMaterial (AutoDXT)
[2016.07.05-20.02.22:859][  0]LogTexture:Display: Building textures: CASC_Cross (AutoDXT)
[2016.07.05-20.02.22:860][  0]LogTexture:Display: Building textures: CASC_None (AutoDXT)
[2016.07.05-20.02.22:866][  0]LogTexture:Display: Building textures: Texture2D_28 (AutoDXT)
[2016.07.05-20.02.22:874][  0]LogTexture:Display: Building textures: S_KBSJoint (BGRA8)
[2016.07.05-20.02.22:876][  0]LogTexture:Display: Building textures: S_KHinge (BGRA8)
[2016.07.05-20.02.22:879][  0]LogTexture:Display: Building textures: S_KPrismatic (BGRA8)
[2016.07.05-20.02.22:882][  0]LogTexture:Display: Building textures: S_LightError (BGRA8)
[2016.07.05-20.02.22:888][  0]LogTexture:Display: Building textures: T_Loft_Spline (AutoDXT)
[2016.07.05-20.02.22:956][  0]LogTexture:Display: Building textures: DefaultNormal (BC5)
[2016.07.05-20.02.23:110][  0]LogTexture:Display: Building textures: Grid_N (BC5)
[2016.07.05-20.02.23:145][  0]LogTexture:Display: Building textures: PaperDiffuse (AutoDXT)
[2016.07.05-20.02.23:411][  0]LogTexture:Display: Building textures: PaperNormal (BC5)
[2016.07.05-20.02.23:448][  0]LogTexture:Display: Building textures: Texture2D_28 (AutoDXT)
[2016.07.05-20.02.23:456][  0]LogTexture:Display: Building textures: Texture2D_29 (AutoDXT)
[2016.07.05-20.02.23:461][  0]LogTexture:Display: Building textures: StreamingPauseIcon (AutoDXT)
[2016.07.05-20.02.23:506][  0]LogFileCache: Scanning file cache for directory 'E:/internPurg/InternPurg_1/Content/' took 0.03s
[2016.07.05-20.02.23:506][  0]LogCook:Display: Max memory allowance for cook 8192mb
[2016.07.05-20.02.23:507][  0]LogCook:Display: Mobile HDR setting 1
[2016.07.05-20.02.23:582][  0]LogTexture:Display: Building textures: Countdown (AutoDXT)
[2016.07.05-20.02.23:588][  0]LogTexture:Display: Building textures: RecordingIndicator (AutoDXT)
[2016.07.05-20.02.23:702][  0]LogTexture:Display: Building textures: DefaultAlphaTexture (BGRA8)
[2016.07.05-20.02.23:727][  0]SourceControl: Info Source control is disabled
[2016.07.05-20.02.23:731][  0]Cmd: MAP LOAD FILE="../../../Engine/Content/Maps/Templates/Template_Default.umap" TEMPLATE=1 SHOWPROGRESS=1 FEATURELEVEL=3
[2016.07.05-20.02.23:734][  0]LightingResults: New page: Lighting Build
[2016.07.05-20.02.23:748][  0]MapCheck: New page: Map Check
[2016.07.05-20.02.23:748][  0]LightingResults: New page: Lighting Build
[2016.07.05-20.02.23:974][  0]LogTexture:Display: Building textures: HQ_Lightmap0_1 (AutoDXT)
[2016.07.05-20.02.23:977][  0]LogTexture:Display: Building textures: HQ_Lightmap0_2 (AutoDXT)
[2016.07.05-20.02.23:978][  0]LogTexture:Display: Building textures: HQ_Lightmap1_1 (AutoDXT)
[2016.07.05-20.02.23:981][  0]LogTexture:Display: Building textures: LQ_Lightmap_0_2 (DXT1)
[2016.07.05-20.02.23:982][  0]LogTexture:Display: Building textures: LQ_Lightmap_1_1 (DXT1)
[2016.07.05-20.02.24:051][  0]LogTexture:Display: Building textures: T_Sky_Clouds_M (BGRA8)
[2016.07.05-20.02.24:317][  0]LogTexture:Display: Building textures: T_Sky_Stars (AutoDXT)
[2016.07.05-20.02.24:597][  0]LogTexture:Display: Building textures: T_Sky_Blue (AutoDXT)
[2016.07.05-20.02.27:064][  0]LogTexture:Display: Building textures: ShadowMapTexture2D_0 (BGRA8)
[2016.07.05-20.02.27:071][  0]LogTexture:Display: Building textures: ShadowMapTexture2D_1 (BGRA8)
[2016.07.05-20.02.27:076][  0]LogTexture:Display: Building textures: ShadowMapTexture2D_2 (BGRA8)
[2016.07.05-20.02.27:183][  0]LogAIModule: Creating AISystem for world Untitled_1
[2016.07.05-20.02.27:186][  0]LogTexture:Display: Building textures: EmptyActor (BGRA8)
[2016.07.05-20.02.27:227][  0]LogEditorServer: Finished looking for orphan Actors (0.000 secs)
[2016.07.05-20.02.27:252][  0]Cmd: MAP CHECKDEP NOCLEARLOG
[2016.07.05-20.02.27:284][  0]MapCheck: Info Map check complete: 0 Error(s), 0 Warning(s), took 31.659ms to complete.
[2016.07.05-20.02.27:284][  0]LogFileHelpers: Loading map 'Template_Default' took 3.555
[2016.07.05-20.02.27:542][  0]LogCollectionManager: Loaded 0 collections in 0.034998 seconds
[2016.07.05-20.02.28:066][  0]LogFileCache: Scanning file cache for directory 'E:/internPurg/InternPurg_1/Saved/Collections/' took 0.01s
[2016.07.05-20.02.28:066][  0]LogFileCache: Scanning file cache for directory 'E:/internPurg/InternPurg_1/Content/Developers/Member/Collections/' took 0.01s
[2016.07.05-20.02.28:066][  0]LogFileCache: Scanning file cache for directory 'E:/internPurg/InternPurg_1/Content/Collections/' took 0.01s
[2016.07.05-20.02.28:066][  0]LogCollectionManager: Rebuilt the GUID cache for 0 collections in 0.000005 seconds
[2016.07.05-20.02.28:089][  0]LogContentBrowser: Native class hierarchy populated in 0.0146 seconds. Added 2047 classes and 369 folders.
[2016.07.05-20.02.28:098][  0]LogStats: UGameplayTagsManager::ConstructGameplayTagTree: Construct from data asset -  0.000 s
[2016.07.05-20.02.28:099][  0]LogStats: UGameplayTagsManager::ConstructGameplayTagTree: GameplayTagTreeChangedEvent.Broadcast -  0.000 s
[2016.07.05-20.02.28:100][  0]LogContentBrowser: Native class hierarchy updated for 'GameplayTags' in 0.0005 seconds. Added 12 classes and 0 folders.
[2016.07.05-20.02.28:107][  0]LogContentBrowser: Native class hierarchy updated for 'WidgetCarousel' in 0.0004 seconds. Added 0 classes and 0 folders.
[2016.07.05-20.02.28:159][  0]LogContentBrowser: Native class hierarchy updated for 'AddContentDialog' in 0.0004 seconds. Added 0 classes and 0 folders.
[2016.07.05-20.02.28:172][  0]LogContentBrowser: Native class hierarchy updated for 'SceneOutliner' in 0.0003 seconds. Added 1 classes and 2 folders.
[2016.07.05-20.02.28:518][  0]LogCrashTracker: Crashtracker disabled due to settings.
[2016.07.05-20.02.28:572][  0]LogTexture:Display: Building textures: Blueprint_64x (BGRA8)
[2016.07.05-20.02.28:574][  0]LogTexture:Display: Building textures: icon_Editor_Preferences_General_40x (BGRA8)
[2016.07.05-20.02.28:577][  0]LogTexture:Display: Building textures: Paper2DSprite_TutorialIcon (BGRA8)
[2016.07.05-20.02.28:579][  0]LogTexture:Display: Building textures: icon_ShowSkeletalMeshes_40x (BGRA8)
[2016.07.05-20.02.28:581][  0]LogTexture:Display: Building textures: Landscape (BGRA8)
[2016.07.05-20.02.28:584][  0]LogTexture:Display: Building textures: Foliage (BGRA8)
[2016.07.05-20.02.28:627][  0]LogContentBrowser: Native class hierarchy updated for 'HierarchicalLODOutliner' in 0.0003 seconds. Added 1 classes and 2 folders.
[2016.07.05-20.02.28:627][  0]LogLoad: Full Startup: 30.74 seconds (BP compile: 0.11 seconds)
[2016.07.05-20.02.28:627][  0]LogExternalProfiler: No external profilers were discovered.  External profiling features will not be available.
[2016.07.05-20.02.28:638][  0]LogOcInput: OculusInput pre-init called
[2016.07.05-20.02.28:674][  0]LogContentStreaming: Texture pool size now 1000 MB
[2016.07.05-20.02.28:700][  0]LogTexture:Display: Building textures: icon_tab_Levels_40x (BGRA8)
[2016.07.05-20.02.28:786][  0]LogTexture:Display: Building textures: LevelGrid1DStripes (BGRA8)
[2016.07.05-20.02.29:272][  0]LogRenderer: Reallocating scene render targets to support 1616x808 (Frame:2).
[2016.07.05-20.02.29:323][  1]LogAssetRegistry: Asset discovery search completed in 12.1278 seconds
[2016.07.05-20.02.29:323][  1]LogCollectionManager: Rebuilt the object cache for 0 collections in 0.000000 seconds (found 0 objects)
[2016.07.05-20.02.29:323][  1]LogCollectionManager: Fixed up redirectors for 0 collections in 0.000196 seconds (updated 0 objects)
[2016.07.05-20.02.34:254][185]LogMaterial: Missing cached shader map for material pinkObject, compiling. 
[2016.07.05-20.02.34:300][185]LogTexture:Display: Building textures: HQ_Lightmap0_2 (AutoDXT)
[2016.07.05-20.02.34:300][185]LogTexture:Display: Building textures: LQ_Lightmap_0_2 (DXT1)
[2016.07.05-20.02.34:301][185]LogTexture:Display: Building textures: ShadowMapTexture2D_9 (G8)
[2016.07.05-20.02.34:303][185]LogMaterial: Missing cached shader map for material blueGround, compiling. 
[2016.07.05-20.02.34:322][185]LogAIModule: Creating AISystem for world testLevel1
[2016.07.05-20.02.34:352][185]Cmd: MAP LOAD FILE="E:/internPurg/InternPurg_1/Content/Levels/testLevel1.umap" TEMPLATE=0 SHOWPROGRESS=1 FEATURELEVEL=3
[2016.07.05-20.02.34:352][185]LightingResults: New page: Lighting Build
[2016.07.05-20.02.34:352][185]LoadErrors: New page: Loading map: testLevel1.umap
[2016.07.05-20.02.34:353][185]MapCheck: New page: Map Check
[2016.07.05-20.02.34:353][185]LightingResults: New page: Lighting Build
[2016.07.05-20.02.34:368][185]LogEditorServer: Finished looking for orphan Actors (0.000 secs)
[2016.07.05-20.02.34:394][185]Cmd: MAP CHECKDEP NOCLEARLOG
[2016.07.05-20.02.34:428][185]MapCheck: Info Map check complete: 0 Error(s), 0 Warning(s), took 33.816ms to complete.
[2016.07.05-20.02.34:428][185]LogFileHelpers: Loading map 'testLevel1' took 0.078
[2016.07.05-20.02.36:253][248]LogBlueprintUserMessages: Early PlayInEditor Detection: Level '/Game/Levels/testLevel1.testLevel1:PersistentLevel' has LevelScriptBlueprint '/Game/Levels/testLevel1.testLevel1:PersistentLevel.testLevel1' with GeneratedClass '/Game/Levels/testLevel1.testLevel1_C' with ClassGeneratedBy '/Game/Levels/testLevel1.testLevel1:PersistentLevel.testLevel1'
[2016.07.05-20.02.36:253][248]LogPlayLevel: PlayLevel: No blueprints needed recompiling
[2016.07.05-20.02.36:254][248]LogApp: UseVRFocus has changed to 1
[2016.07.05-20.02.36:254][248]LogApp: HasVRFocus has changed to 1
[2016.07.05-20.02.36:254][248]LogApp: UseVRFocus has changed to 0
[2016.07.05-20.02.36:254][248]LogApp: HasVRFocus has changed to 0
[2016.07.05-20.02.36:255][248]PIE: New page: PIE session: testLevel1 (Jul 5, 2016, 11:02:36 AM)
[2016.07.05-20.02.36:255][248]LogPlayLevel: Creating play world package: /Game/Levels/UEDPIE_0_testLevel1
[2016.07.05-20.02.36:259][248]LogPlayLevel: PIE: StaticDuplicateObject took: (0.003205s)
[2016.07.05-20.02.36:259][248]LogAIModule: Creating AISystem for world testLevel1
[2016.07.05-20.02.36:259][248]LogPlayLevel: PIE: World Init took: (0.000551s)
[2016.07.05-20.02.36:260][248]LogPlayLevel: PIE: Created PIE world by copying editor world from /Game/Levels/testLevel1.testLevel1 to /Game/Levels/UEDPIE_0_testLevel1.testLevel1 (0.004258s)
[2016.07.05-20.02.36:266][248]LogApp: UseVRFocus has changed to 1
[2016.07.05-20.02.36:267][248]LogApp: HasVRFocus has changed to 1
[2016.07.05-20.02.36:267][248]LogApp: UseVRFocus has changed to 0
[2016.07.05-20.02.36:267][248]LogApp: HasVRFocus has changed to 0
[2016.07.05-20.02.36:273][248]LogInit: XAudio2 using '1 - U28E590 (AMD High Definition Audio Device)' : 2 channels at 48 kHz using 16 bits per sample (channel mask 0x3)
[2016.07.05-20.02.36:280][248]LogInit: FAudioDevice initialized.
[2016.07.05-20.02.36:344][248]LogWorld: Game class is 'GameMode'
[2016.07.05-20.02.36:348][248]LogWorld: Bringing World /Game/Levels/UEDPIE_0_testLevel1.testLevel1 up for play (max tick rate 0) at 2016.07.05-16.02.36
[2016.07.05-20.02.36:351][248]LogWorld: Bringing up level for play took: 0.003163
[2016.07.05-20.02.36:360][248]LogContentBrowser: Native class hierarchy updated for 'MovieSceneCapture' in 0.0003 seconds. Added 11 classes and 0 folders.
[2016.07.05-20.02.36:361][248]LogScriptCore:Warning: Attempted to get an item from array contents out of bounds [4/3]!

[2016.07.05-20.02.36:361][248]LogScript:Warning: UGameplayStatics::BeginSpawningActorFromClass: can not spawn an actor from a NULL class
[2016.07.05-20.02.36:361][248]LogScript:Warning: Accessed None trying to read property CallFunc_FinishSpawningActor_ReturnValue
	CUBICLE_C /Game/Levels/UEDPIE_0_testLevel1.testLevel1:PersistentLevel.CUBICLE_407
	Function /Game/blueprints/CUBICLE.CUBICLE_C:ExecuteUbergraph_CUBICLE:001A
[2016.07.05-20.02.36:361][248]PIE:Error: Error Blueprint Runtime Error: Accessed None trying to read property CallFunc_FinishSpawningActor_ReturnValue from function: 'ExecuteUbergraph_CUBICLE' from node: AttachToActor in graph: EventGraph in object: CUBICLE with description: Accessed None trying to read property CallFunc_FinishSpawningActor_ReturnValue
[2016.07.05-20.02.36:361][248]LogScriptCore:Warning: Attempted to get an item from array contents out of bounds [4/3]!

[2016.07.05-20.02.36:361][248]LogScript:Warning: UGameplayStatics::BeginSpawningActorFromClass: can not spawn an actor from a NULL class
[2016.07.05-20.02.36:361][248]LogScript:Warning: Accessed None trying to read property CallFunc_FinishSpawningActor_ReturnValue
	CUBICLE_C /Game/Levels/UEDPIE_0_testLevel1.testLevel1:PersistentLevel.CUBICLE_407
	Function /Game/blueprints/CUBICLE.CUBICLE_C:ExecuteUbergraph_CUBICLE:001A
[2016.07.05-20.02.36:361][248]PIE:Error: Error Blueprint Runtime Error: Accessed None trying to read property CallFunc_FinishSpawningActor_ReturnValue from function: 'ExecuteUbergraph_CUBICLE' from node: AttachToActor in graph: EventGraph in object: CUBICLE with description: Accessed None trying to read property CallFunc_FinishSpawningActor_ReturnValue
[2016.07.05-20.02.36:362][248]LogScriptCore:Warning: Attempted to get an item from array contents out of bounds [4/3]!

[2016.07.05-20.02.36:362][248]LogScript:Warning: UGameplayStatics::BeginSpawningActorFromClass: can not spawn an actor from a NULL class
[2016.07.05-20.02.36:362][248]LogScript:Warning: Accessed None trying to read property CallFunc_FinishSpawningActor_ReturnValue
	CUBICLE_C /Game/Levels/UEDPIE_0_testLevel1.testLevel1:PersistentLevel.CUBICLE_407
	Function /Game/blueprints/CUBICLE.CUBICLE_C:ExecuteUbergraph_CUBICLE:001A
[2016.07.05-20.02.36:363][248]PIE:Error: Error Blueprint Runtime Error: Accessed None trying to read property CallFunc_FinishSpawningActor_ReturnValue from function: 'ExecuteUbergraph_CUBICLE' from node: AttachToActor in graph: EventGraph in object: CUBICLE with description: Accessed None trying to read property CallFunc_FinishSpawningActor_ReturnValue
[2016.07.05-20.02.36:364][248]PIE: Info Play in editor start time for /Game/Levels/UEDPIE_0_testLevel1 -0.342
[2016.07.05-20.02.36:364][248]LogBlueprintUserMessages: Late PlayInEditor Detection: Level '/Game/Levels/testLevel1.testLevel1:PersistentLevel' has LevelScriptBlueprint '/Game/Levels/testLevel1.testLevel1:PersistentLevel.testLevel1' with GeneratedClass '/Game/Levels/testLevel1.testLevel1_C' with ClassGeneratedBy '/Game/Levels/testLevel1.testLevel1:PersistentLevel.testLevel1'
[2016.07.05-20.02.41:805][452]LogScriptCore:Warning: Attempted to get an item from array contents out of bounds [4/3]!

[2016.07.05-20.02.41:805][452]LogScript:Warning: UGameplayStatics::BeginSpawningActorFromClass: can not spawn an actor from a NULL class
[2016.07.05-20.02.41:805][452]LogScript:Warning: Accessed None trying to read property CallFunc_FinishSpawningActor_ReturnValue
	CUBICLE_C /Game/Levels/UEDPIE_0_testLevel1.testLevel1:PersistentLevel.CUBICLE_C_1
	Function /Game/blueprints/CUBICLE.CUBICLE_C:ExecuteUbergraph_CUBICLE:001A
[2016.07.05-20.02.41:805][452]PIE:Error: Error Blueprint Runtime Error: Accessed None trying to read property CallFunc_FinishSpawningActor_ReturnValue from function: 'ExecuteUbergraph_CUBICLE' from node: AttachToActor in graph: EventGraph in object: CUBICLE with description: Accessed None trying to read property CallFunc_FinishSpawningActor_ReturnValue
[2016.07.05-20.02.46:428][622]LogBlueprintUserMessages: Early EndPlayMap Detection: Level '/Game/Levels/testLevel1.testLevel1:PersistentLevel' has LevelScriptBlueprint '/Game/Levels/testLevel1.testLevel1:PersistentLevel.testLevel1' with GeneratedClass '/Game/Levels/testLevel1.testLevel1_C' with ClassGeneratedBy '/Game/Levels/testLevel1.testLevel1:PersistentLevel.testLevel1'
[2016.07.05-20.02.46:485][622]LogBlueprintUserMessages: Late EndPlayMap Detection: Level '/Game/Levels/testLevel1.testLevel1:PersistentLevel' has LevelScriptBlueprint '/Game/Levels/testLevel1.testLevel1:PersistentLevel.testLevel1' with GeneratedClass '/Game/Levels/testLevel1.testLevel1_C' with ClassGeneratedBy '/Game/Levels/testLevel1.testLevel1:PersistentLevel.testLevel1'
[2016.07.05-20.02.52:686][831]LogBlueprintUserMessages: Early PlayInEditor Detection: Level '/Game/Levels/testLevel1.testLevel1:PersistentLevel' has LevelScriptBlueprint '/Game/Levels/testLevel1.testLevel1:PersistentLevel.testLevel1' with GeneratedClass '/Game/Levels/testLevel1.testLevel1_C' with ClassGeneratedBy '/Game/Levels/testLevel1.testLevel1:PersistentLevel.testLevel1'
[2016.07.05-20.02.52:686][831]LogPlayLevel: PlayLevel: No blueprints needed recompiling
[2016.07.05-20.02.52:686][831]LogApp: UseVRFocus has changed to 1
[2016.07.05-20.02.52:686][831]LogApp: HasVRFocus has changed to 1
[2016.07.05-20.02.52:686][831]LogApp: UseVRFocus has changed to 0
[2016.07.05-20.02.52:686][831]LogApp: HasVRFocus has changed to 0
[2016.07.05-20.02.52:686][831]PIE: New page: PIE session: testLevel1 (Jul 5, 2016, 11:02:52 AM)
[2016.07.05-20.02.52:686][831]LogPlayLevel: Creating play world package: /Game/Levels/UEDPIE_0_testLevel1
[2016.07.05-20.02.52:688][831]LogPlayLevel: PIE: StaticDuplicateObject took: (0.002111s)
[2016.07.05-20.02.52:689][831]LogAIModule: Creating AISystem for world testLevel1
[2016.07.05-20.02.52:689][831]LogPlayLevel: PIE: World Init took: (0.000526s)
[2016.07.05-20.02.52:689][831]LogPlayLevel: PIE: Created PIE world by copying editor world from /Game/Levels/testLevel1.testLevel1 to /Game/Levels/UEDPIE_0_testLevel1.testLevel1 (0.002792s)
[2016.07.05-20.02.52:696][831]LogApp: UseVRFocus has changed to 1
[2016.07.05-20.02.52:696][831]LogApp: HasVRFocus has changed to 1
[2016.07.05-20.02.52:696][831]LogApp: UseVRFocus has changed to 0
[2016.07.05-20.02.52:696][831]LogApp: HasVRFocus has changed to 0
[2016.07.05-20.02.52:703][831]LogInit: XAudio2 using '1 - U28E590 (AMD High Definition Audio Device)' : 2 channels at 48 kHz using 16 bits per sample (channel mask 0x3)
[2016.07.05-20.02.52:709][831]LogInit: FAudioDevice initialized.
[2016.07.05-20.02.52:760][831]LogWorld: Game class is 'GameMode'
[2016.07.05-20.02.52:762][831]LogWorld: Bringing World /Game/Levels/UEDPIE_0_testLevel1.testLevel1 up for play (max tick rate 0) at 2016.07.05-16.02.52
[2016.07.05-20.02.52:762][831]LogWorld: Bringing up level for play took: 0.001537
[2016.07.05-20.02.52:766][831]LogScriptCore:Warning: Attempted to get an item from array contents out of bounds [4/3]!

[2016.07.05-20.02.52:766][831]LogScript:Warning: UGameplayStatics::BeginSpawningActorFromClass: can not spawn an actor from a NULL class
[2016.07.05-20.02.52:766][831]LogScript:Warning: Accessed None trying to read property CallFunc_FinishSpawningActor_ReturnValue
	CUBICLE_C /Game/Levels/UEDPIE_0_testLevel1.testLevel1:PersistentLevel.CUBICLE_407
	Function /Game/blueprints/CUBICLE.CUBICLE_C:ExecuteUbergraph_CUBICLE:001A
[2016.07.05-20.02.52:766][831]PIE:Error: Error Blueprint Runtime Error: Accessed None trying to read property CallFunc_FinishSpawningActor_ReturnValue from function: 'ExecuteUbergraph_CUBICLE' from node: AttachToActor in graph: EventGraph in object: CUBICLE with description: Accessed None trying to read property CallFunc_FinishSpawningActor_ReturnValue
[2016.07.05-20.02.52:766][831]PIE: Info Play in editor start time for /Game/Levels/UEDPIE_0_testLevel1 0.06
[2016.07.05-20.02.52:766][831]LogBlueprintUserMessages: Late PlayInEditor Detection: Level '/Game/Levels/testLevel1.testLevel1:PersistentLevel' has LevelScriptBlueprint '/Game/Levels/testLevel1.testLevel1:PersistentLevel.testLevel1' with GeneratedClass '/Game/Levels/testLevel1.testLevel1_C' with ClassGeneratedBy '/Game/Levels/testLevel1.testLevel1:PersistentLevel.testLevel1'
[2016.07.05-20.02.59:081][ 67]LogBlueprintUserMessages: Early EndPlayMap Detection: Level '/Game/Levels/testLevel1.testLevel1:PersistentLevel' has LevelScriptBlueprint '/Game/Levels/testLevel1.testLevel1:PersistentLevel.testLevel1' with GeneratedClass '/Game/Levels/testLevel1.testLevel1_C' with ClassGeneratedBy '/Game/Levels/testLevel1.testLevel1:PersistentLevel.testLevel1'
[2016.07.05-20.02.59:131][ 67]LogBlueprintUserMessages: Late EndPlayMap Detection: Level '/Game/Levels/testLevel1.testLevel1:PersistentLevel' has LevelScriptBlueprint '/Game/Levels/testLevel1.testLevel1:PersistentLevel.testLevel1' with GeneratedClass '/Game/Levels/testLevel1.testLevel1_C' with ClassGeneratedBy '/Game/Levels/testLevel1.testLevel1:PersistentLevel.testLevel1'
[2016.07.05-20.04.07:046][548]LogBlueprintUserMessages: Early PlayInEditor Detection: Level '/Game/Levels/testLevel1.testLevel1:PersistentLevel' has LevelScriptBlueprint '/Game/Levels/testLevel1.testLevel1:PersistentLevel.testLevel1' with GeneratedClass '/Game/Levels/testLevel1.testLevel1_C' with ClassGeneratedBy '/Game/Levels/testLevel1.testLevel1:PersistentLevel.testLevel1'
[2016.07.05-20.04.07:046][548]LogPlayLevel: PlayLevel: No blueprints needed recompiling
[2016.07.05-20.04.07:048][548]LogHMD: Oculus shutdown.
[2016.07.05-20.04.07:062][548]LogHMD: New ovr session is created
[2016.07.05-20.04.07:063][548]LogHMD: HMD Oculus Rift CV1, res = 2160 x 1200
[2016.07.05-20.04.07:064][548]LogApp: UseVRFocus has changed to 1
[2016.07.05-20.04.07:064][548]LogApp: HasVRFocus has changed to 1
[2016.07.05-20.04.07:064][548]LogApp: UseVRFocus has changed to 0
[2016.07.05-20.04.07:064][548]LogApp: HasVRFocus has changed to 0
[2016.07.05-20.04.07:064][548]PIE: New page: PIE session: testLevel1 (Jul 5, 2016, 11:04:07 AM)
[2016.07.05-20.04.07:064][548]LogPlayLevel: Creating play world package: /Game/Levels/UEDPIE_0_testLevel1
[2016.07.05-20.04.07:067][548]LogPlayLevel: PIE: StaticDuplicateObject took: (0.002252s)
[2016.07.05-20.04.07:067][548]LogAIModule: Creating AISystem for world testLevel1
[2016.07.05-20.04.07:067][548]LogPlayLevel: PIE: World Init took: (0.000571s)
[2016.07.05-20.04.07:067][548]LogPlayLevel: PIE: Created PIE world by copying editor world from /Game/Levels/testLevel1.testLevel1 to /Game/Levels/UEDPIE_0_testLevel1.testLevel1 (0.002991s)
[2016.07.05-20.04.07:073][548]LogApp: UseVRFocus has changed to 1
[2016.07.05-20.04.07:073][548]LogApp: HasVRFocus has changed to 1
[2016.07.05-20.04.07:073][548]LogApp: UseVRFocus has changed to 0
[2016.07.05-20.04.07:073][548]LogApp: HasVRFocus has changed to 0
[2016.07.05-20.04.07:089][548]LogInit: XAudio2 using '1 - U28E590 (AMD High Definition Audio Device)' : 2 channels at 48 kHz using 16 bits per sample (channel mask 0x3)
[2016.07.05-20.04.07:099][548]LogInit: FAudioDevice initialized.
[2016.07.05-20.04.07:161][548]LogWorld: Game class is 'GameMode'
[2016.07.05-20.04.07:163][548]LogWorld: Bringing World /Game/Levels/UEDPIE_0_testLevel1.testLevel1 up for play (max tick rate 0) at 2016.07.05-16.04.07
[2016.07.05-20.04.07:163][548]LogWorld: Bringing up level for play took: 0.001728
[2016.07.05-20.04.07:164][548]LogScriptCore:Warning: Attempted to get an item from array contents out of bounds [4/3]!

[2016.07.05-20.04.07:164][548]LogScript:Warning: UGameplayStatics::BeginSpawningActorFromClass: can not spawn an actor from a NULL class
[2016.07.05-20.04.07:164][548]LogScript:Warning: Accessed None trying to read property CallFunc_FinishSpawningActor_ReturnValue
	CUBICLE_C /Game/Levels/UEDPIE_0_testLevel1.testLevel1:PersistentLevel.CUBICLE_407
	Function /Game/blueprints/CUBICLE.CUBICLE_C:ExecuteUbergraph_CUBICLE:001A
[2016.07.05-20.04.07:164][548]PIE:Error: Error Blueprint Runtime Error: Accessed None trying to read property CallFunc_FinishSpawningActor_ReturnValue from function: 'ExecuteUbergraph_CUBICLE' from node: AttachToActor in graph: EventGraph in object: CUBICLE with description: Accessed None trying to read property CallFunc_FinishSpawningActor_ReturnValue
[2016.07.05-20.04.07:165][548]LogScriptCore:Warning: Attempted to get an item from array contents out of bounds [4/3]!

[2016.07.05-20.04.07:165][548]LogScript:Warning: UGameplayStatics::BeginSpawningActorFromClass: can not spawn an actor from a NULL class
[2016.07.05-20.04.07:165][548]LogScript:Warning: Accessed None trying to read property CallFunc_FinishSpawningActor_ReturnValue
	CUBICLE_C /Game/Levels/UEDPIE_0_testLevel1.testLevel1:PersistentLevel.CUBICLE_407
	Function /Game/blueprints/CUBICLE.CUBICLE_C:ExecuteUbergraph_CUBICLE:001A
[2016.07.05-20.04.07:165][548]PIE:Error: Error Blueprint Runtime Error: Accessed None trying to read property CallFunc_FinishSpawningActor_ReturnValue from function: 'ExecuteUbergraph_CUBICLE' from node: AttachToActor in graph: EventGraph in object: CUBICLE with description: Accessed None trying to read property CallFunc_FinishSpawningActor_ReturnValue
[2016.07.05-20.04.07:165][548]LogScriptCore:Warning: Attempted to get an item from array contents out of bounds [4/3]!

[2016.07.05-20.04.07:165][548]LogScript:Warning: UGameplayStatics::BeginSpawningActorFromClass: can not spawn an actor from a NULL class
[2016.07.05-20.04.07:165][548]LogScript:Warning: Accessed None trying to read property CallFunc_FinishSpawningActor_ReturnValue
	CUBICLE_C /Game/Levels/UEDPIE_0_testLevel1.testLevel1:PersistentLevel.CUBICLE_407
	Function /Game/blueprints/CUBICLE.CUBICLE_C:ExecuteUbergraph_CUBICLE:001A
[2016.07.05-20.04.07:165][548]PIE:Error: Error Blueprint Runtime Error: Accessed None trying to read property CallFunc_FinishSpawningActor_ReturnValue from function: 'ExecuteUbergraph_CUBICLE' from node: AttachToActor in graph: EventGraph in object: CUBICLE with description: Accessed None trying to read property CallFunc_FinishSpawningActor_ReturnValue
[2016.07.05-20.04.07:165][548]LogScriptCore:Warning: Attempted to get an item from array contents out of bounds [4/3]!

[2016.07.05-20.04.07:165][548]LogScript:Warning: UGameplayStatics::BeginSpawningActorFromClass: can not spawn an actor from a NULL class
[2016.07.05-20.04.07:165][548]LogScript:Warning: Accessed None trying to read property CallFunc_FinishSpawningActor_ReturnValue
	CUBICLE_C /Game/Levels/UEDPIE_0_testLevel1.testLevel1:PersistentLevel.CUBICLE_407
	Function /Game/blueprints/CUBICLE.CUBICLE_C:ExecuteUbergraph_CUBICLE:001A
[2016.07.05-20.04.07:165][548]PIE:Error: Error Blueprint Runtime Error: Accessed None trying to read property CallFunc_FinishSpawningActor_ReturnValue from function: 'ExecuteUbergraph_CUBICLE' from node: AttachToActor in graph: EventGraph in object: CUBICLE with description: Accessed None trying to read property CallFunc_FinishSpawningActor_ReturnValue
[2016.07.05-20.04.07:165][548]PIE: Info Play in editor start time for /Game/Levels/UEDPIE_0_testLevel1 0.459
[2016.07.05-20.04.07:165][548]LogBlueprintUserMessages: Late PlayInEditor Detection: Level '/Game/Levels/testLevel1.testLevel1:PersistentLevel' has LevelScriptBlueprint '/Game/Levels/testLevel1.testLevel1:PersistentLevel.testLevel1' with GeneratedClass '/Game/Levels/testLevel1.testLevel1_C' with ClassGeneratedBy '/Game/Levels/testLevel1.testLevel1:PersistentLevel.testLevel1'
[2016.07.05-20.04.12:107][131]LogScriptCore:Warning: Attempted to get an item from array contents out of bounds [4/3]!

[2016.07.05-20.04.12:108][131]LogScript:Warning: UGameplayStatics::BeginSpawningActorFromClass: can not spawn an actor from a NULL class
[2016.07.05-20.04.12:108][131]LogScript:Warning: Accessed None trying to read property CallFunc_FinishSpawningActor_ReturnValue
	CUBICLE_C /Game/Levels/UEDPIE_0_testLevel1.testLevel1:PersistentLevel.CUBICLE_C_0
	Function /Game/blueprints/CUBICLE.CUBICLE_C:ExecuteUbergraph_CUBICLE:001A
[2016.07.05-20.04.12:108][131]PIE:Error: Error Blueprint Runtime Error: Accessed None trying to read property CallFunc_FinishSpawningActor_ReturnValue from function: 'ExecuteUbergraph_CUBICLE' from node: AttachToActor in graph: EventGraph in object: CUBICLE with description: Accessed None trying to read property CallFunc_FinishSpawningActor_ReturnValue
[2016.07.05-20.04.26:076][806]LogScriptCore:Warning: Attempted to get an item from array contents out of bounds [4/3]!

[2016.07.05-20.04.26:076][806]LogScript:Warning: UGameplayStatics::BeginSpawningActorFromClass: can not spawn an actor from a NULL class
[2016.07.05-20.04.26:076][806]LogScript:Warning: Accessed None trying to read property CallFunc_FinishSpawningActor_ReturnValue
	CUBICLE_C /Game/Levels/UEDPIE_0_testLevel1.testLevel1:PersistentLevel.CUBICLE_C_4
	Function /Game/blueprints/CUBICLE.CUBICLE_C:ExecuteUbergraph_CUBICLE:001A
[2016.0